{
  "stats": {
    "suites": 1,
    "tests": 1,
    "passes": 0,
    "pending": 0,
    "failures": 1,
    "start": "2024-03-19T08:43:25.622Z",
    "end": "2024-03-19T08:43:27.274Z",
    "duration": 1652,
    "testsRegistered": 1,
    "passPercent": 0,
    "pendingPercent": 0,
    "other": 0,
    "hasOther": false,
    "skipped": 0,
    "hasSkipped": false
  },
  "results": [
    {
      "uuid": "bebca126-f53d-4f52-85c9-1ce6a8bb0bc8",
      "title": "",
      "fullFile": "cypress\\e2e\\ApiTesting\\Candidate\\Attendence\\c-post-Breakout.cy.js",
      "file": "cypress\\e2e\\ApiTesting\\Candidate\\Attendence\\c-post-Breakout.cy.js",
      "beforeHooks": [],
      "afterHooks": [],
      "tests": [],
      "suites": [
        {
          "uuid": "69ed773d-1b02-4cfd-8240-256f6333af49",
          "title": "to update break  ",
          "fullFile": "",
          "file": "",
          "beforeHooks": [],
          "afterHooks": [],
          "tests": [
            {
              "title": "should be able to update break ",
              "fullTitle": "to update break   should be able to update break ",
              "timedOut": null,
              "duration": 1333,
              "state": "failed",
              "speed": null,
              "pass": false,
              "fail": true,
              "pending": false,
              "context": "{\n  \"title\": \"cypress-mochawesome-reporter-screenshots\",\n  \"value\": [\n    [\n      \"\\\\ApiTesting\\\\Candidate\\\\Attendence\\\\c-post-Breakout.cy.js\\\\to update break -- should be able to update break (failed).png\"\n    ]\n  ]\n}",
              "code": "cy.request({\n  method: 'POST',\n  url: `https://veloxlabs.net/api/v2/candidate/attendance-break-update/${_constants.breakId}`,\n  headers: {\n    'Authorization': _constants.canToken\n  }\n}).then(response => {\n  expect(response.status).to.equal(200);\n  const responseData = response.body;\n  expect(responseData.status).to.equal('success');\n  expect(responseData.message).to.equal('Successfully Updated.');\n});",
              "err": {
                "message": "CypressError: `cy.request()` failed on:\n\nhttps://veloxlabs.net/api/v2/candidate/attendance-break-update/199\n\nThe response we received from your web server was:\n\n  > 404: Not Found\n\nThis was considered a failure because the status code was not `2xx` or `3xx`.\n\nIf you do not want status codes to cause failures pass the option: `failOnStatusCode: false`\n\n-----------------------------------------------------------\n\nThe request we sent was:\n\nMethod: POST\nURL: https://veloxlabs.net/api/v2/candidate/attendance-break-update/199\nHeaders: {\n  \"Connection\": \"keep-alive\",\n  \"Authorization\": \"Bearer eyJ0eXAiOiJKV1QiLCJhbGciOiJSUzI1NiJ9.eyJhdWQiOiIxIiwianRpIjoiOThhODdkNzczYTAzYzEwMGFhZDNlN2IwMDE3OGZmOGVkYmYwNzU0OTEyYmVhM2NiZjhjYjE1YWI0ZWM3NTUwYjZhZTM4ZmQxMGJhNTEzNzAiLCJpYXQiOjE3MTA4MzY4NzcuODAxMTI0LCJuYmYiOjE3MTA4MzY4NzcuODAxMTI2LCJleHAiOjE3NDIzNzI4NzcuNzk4MzQ3LCJzdWIiOiIxMyIsInNjb3BlcyI6W119.Wf_HtElsVdEh16mMESXanuEI7_LFWz7ppJEiLWFfo8oLZWZpyH8P_IbJpQrBqPEmn5gBR8FvQglqMrqc7yvNzKKM17baPIPvSv4WjXlKbwXjwdGl5Vc4KQFY9fL8Y3jDyZ1lFRkDEpyGiU2kOtfaEhTvuWAA0yQKityNAqNxj4CaARMwiHXzFijlbU1zue40uES9PdK2sUd3YpyPKk-za-J_qjaINXx5DtNAKBbiWve4WS7k40IK-T8hV1gOXofT2oS4_I-IfySgwslCnCuA4l-rdeoAL2w8__R4P_nImexQFchGvvbor3sFpxQAXi4xrEtoP16KmId81nSnYkS6OBrflzDMc4de-DULSiY8vCV5O5oH5G2DZNCuQIVV57txKwPn2MtKydpbxaUbL3iLLQdY6uotMe2THkIMz8ZxAr0iqwJu5sJ1cgNS3KJEGHqRhLP06mXvSh4SQaBS65vBNejJ9oR0xSU6IvNBZ-b_hl05sAaM5w5gUgmXa5_ft4nJtjfZr06ocguyp_r-gGskhzOo5ZhqlMp6QGyvIdk7dXYkFQv_LF9GS_LaHwaEyrWKTLuPF_ek0Btxzzv_ri3oMuSw_IatmDhoY8FAt_fnW8CoeuBi2q0vaN0487G04qfUoi5vzJ7wi9XteYiN5xHYFNqdu8sxta9BKVNjX7omOBw\",\n  \"user-agent\": \"Mozilla/5.0 (Windows NT 10.0; Win64; x64) AppleWebKit/537.36 (KHTML, like Gecko) Cypress/13.6.6 Chrome/118.0.5993.159 Electron/27.1.3 Safari/537.36\",\n  \"accept\": \"*/*\",\n  \"accept-encoding\": \"gzip, deflate\",\n  \"content-length\": 0\n}\n\n-----------------------------------------------------------\n\nThe response we got was:\n\nStatus: 404 - Not Found\nHeaders: {\n  \"date\": \"Tue, 19 Mar 2024 08:43:25 GMT\",\n  \"content-type\": \"application/json\",\n  \"transfer-encoding\": \"chunked\",\n  \"connection\": \"keep-alive\",\n  \"vary\": \"Authorization\",\n  \"cache-control\": \"no-cache, private\",\n  \"access-control-allow-origin\": \"*\",\n  \"access-control-allow-methods\": \"GET, POST, PUT, DELETE, OPTIONS\",\n  \"access-control-allow-headers\": \"X-Requested-With, Content-Type, X-Token-Auth, Authorization, Accept\",\n  \"cf-cache-status\": \"DYNAMIC\",\n  \"report-to\": \"{\\\"endpoints\\\":[{\\\"url\\\":\\\"https:\\\\/\\\\/a.nel.cloudflare.com\\\\/report\\\\/v4?s=3RY0G2IhIoIjWQ6L3vFq8NxM7kdoisGrKUbL8G6r8Qdg1GjFxD8ES85VOmJB21F8PDW6xOyXg9ShZiTRPFfTwYsUBVrpGboyvb3nSENA5soQnFAb5QEBaw2BT0OH5dcs\\\"}],\\\"group\\\":\\\"cf-nel\\\",\\\"max_age\\\":604800}\",\n  \"nel\": \"{\\\"success_fraction\\\":0,\\\"report_to\\\":\\\"cf-nel\\\",\\\"max_age\\\":604800}\",\n  \"server\": \"cloudflare\",\n  \"cf-ray\": \"866c2cb92bb47f58-KTM\",\n  \"content-encoding\": \"gzip\",\n  \"alt-svc\": \"h3=\\\":443\\\"; ma=86400\"\n}\nBody: {\n  \"status\": \"error\",\n  \"code\": 404,\n  \"message\": \"Attendance Not Found.\"\n}\n\n\nhttps://on.cypress.io/request",
                "estack": "CypressError: `cy.request()` failed on:\n\nhttps://veloxlabs.net/api/v2/candidate/attendance-break-update/199\n\nThe response we received from your web server was:\n\n  > 404: Not Found\n\nThis was considered a failure because the status code was not `2xx` or `3xx`.\n\nIf you do not want status codes to cause failures pass the option: `failOnStatusCode: false`\n\n-----------------------------------------------------------\n\nThe request we sent was:\n\nMethod: POST\nURL: https://veloxlabs.net/api/v2/candidate/attendance-break-update/199\nHeaders: {\n  \"Connection\": \"keep-alive\",\n  \"Authorization\": \"Bearer eyJ0eXAiOiJKV1QiLCJhbGciOiJSUzI1NiJ9.eyJhdWQiOiIxIiwianRpIjoiOThhODdkNzczYTAzYzEwMGFhZDNlN2IwMDE3OGZmOGVkYmYwNzU0OTEyYmVhM2NiZjhjYjE1YWI0ZWM3NTUwYjZhZTM4ZmQxMGJhNTEzNzAiLCJpYXQiOjE3MTA4MzY4NzcuODAxMTI0LCJuYmYiOjE3MTA4MzY4NzcuODAxMTI2LCJleHAiOjE3NDIzNzI4NzcuNzk4MzQ3LCJzdWIiOiIxMyIsInNjb3BlcyI6W119.Wf_HtElsVdEh16mMESXanuEI7_LFWz7ppJEiLWFfo8oLZWZpyH8P_IbJpQrBqPEmn5gBR8FvQglqMrqc7yvNzKKM17baPIPvSv4WjXlKbwXjwdGl5Vc4KQFY9fL8Y3jDyZ1lFRkDEpyGiU2kOtfaEhTvuWAA0yQKityNAqNxj4CaARMwiHXzFijlbU1zue40uES9PdK2sUd3YpyPKk-za-J_qjaINXx5DtNAKBbiWve4WS7k40IK-T8hV1gOXofT2oS4_I-IfySgwslCnCuA4l-rdeoAL2w8__R4P_nImexQFchGvvbor3sFpxQAXi4xrEtoP16KmId81nSnYkS6OBrflzDMc4de-DULSiY8vCV5O5oH5G2DZNCuQIVV57txKwPn2MtKydpbxaUbL3iLLQdY6uotMe2THkIMz8ZxAr0iqwJu5sJ1cgNS3KJEGHqRhLP06mXvSh4SQaBS65vBNejJ9oR0xSU6IvNBZ-b_hl05sAaM5w5gUgmXa5_ft4nJtjfZr06ocguyp_r-gGskhzOo5ZhqlMp6QGyvIdk7dXYkFQv_LF9GS_LaHwaEyrWKTLuPF_ek0Btxzzv_ri3oMuSw_IatmDhoY8FAt_fnW8CoeuBi2q0vaN0487G04qfUoi5vzJ7wi9XteYiN5xHYFNqdu8sxta9BKVNjX7omOBw\",\n  \"user-agent\": \"Mozilla/5.0 (Windows NT 10.0; Win64; x64) AppleWebKit/537.36 (KHTML, like Gecko) Cypress/13.6.6 Chrome/118.0.5993.159 Electron/27.1.3 Safari/537.36\",\n  \"accept\": \"*/*\",\n  \"accept-encoding\": \"gzip, deflate\",\n  \"content-length\": 0\n}\n\n-----------------------------------------------------------\n\nThe response we got was:\n\nStatus: 404 - Not Found\nHeaders: {\n  \"date\": \"Tue, 19 Mar 2024 08:43:25 GMT\",\n  \"content-type\": \"application/json\",\n  \"transfer-encoding\": \"chunked\",\n  \"connection\": \"keep-alive\",\n  \"vary\": \"Authorization\",\n  \"cache-control\": \"no-cache, private\",\n  \"access-control-allow-origin\": \"*\",\n  \"access-control-allow-methods\": \"GET, POST, PUT, DELETE, OPTIONS\",\n  \"access-control-allow-headers\": \"X-Requested-With, Content-Type, X-Token-Auth, Authorization, Accept\",\n  \"cf-cache-status\": \"DYNAMIC\",\n  \"report-to\": \"{\\\"endpoints\\\":[{\\\"url\\\":\\\"https:\\\\/\\\\/a.nel.cloudflare.com\\\\/report\\\\/v4?s=3RY0G2IhIoIjWQ6L3vFq8NxM7kdoisGrKUbL8G6r8Qdg1GjFxD8ES85VOmJB21F8PDW6xOyXg9ShZiTRPFfTwYsUBVrpGboyvb3nSENA5soQnFAb5QEBaw2BT0OH5dcs\\\"}],\\\"group\\\":\\\"cf-nel\\\",\\\"max_age\\\":604800}\",\n  \"nel\": \"{\\\"success_fraction\\\":0,\\\"report_to\\\":\\\"cf-nel\\\",\\\"max_age\\\":604800}\",\n  \"server\": \"cloudflare\",\n  \"cf-ray\": \"866c2cb92bb47f58-KTM\",\n  \"content-encoding\": \"gzip\",\n  \"alt-svc\": \"h3=\\\":443\\\"; ma=86400\"\n}\nBody: {\n  \"status\": \"error\",\n  \"code\": 404,\n  \"message\": \"Attendance Not Found.\"\n}\n\n\nhttps://on.cypress.io/request\n    at <unknown> (http://localhost:60152/__cypress/runner/cypress_runner.js:133028:72)\n    at tryCatcher (http://localhost:60152/__cypress/runner/cypress_runner.js:1807:23)\n    at Promise._settlePromiseFromHandler (http://localhost:60152/__cypress/runner/cypress_runner.js:1519:31)\n    at Promise._settlePromise (http://localhost:60152/__cypress/runner/cypress_runner.js:1576:18)\n    at Promise._settlePromise0 (http://localhost:60152/__cypress/runner/cypress_runner.js:1621:10)\n    at Promise._settlePromises (http://localhost:60152/__cypress/runner/cypress_runner.js:1701:18)\n    at _drainQueueStep (http://localhost:60152/__cypress/runner/cypress_runner.js:2407:12)\n    at _drainQueue (http://localhost:60152/__cypress/runner/cypress_runner.js:2400:9)\n    at Async._drainQueues (http://localhost:60152/__cypress/runner/cypress_runner.js:2416:5)\n    at Async.drainQueues (http://localhost:60152/__cypress/runner/cypress_runner.js:2286:14)\nFrom Your Spec Code:\n    at Context.eval (webpack://veloxlab-hajir_cypress/./cypress/e2e/ApiTesting/Candidate/Attendence/c-post-Breakout.cy.js:8:9)",
                "diff": null
              },
              "uuid": "80a74f84-ff8c-43a3-a433-b6a9d5b67e3e",
              "parentUUID": "69ed773d-1b02-4cfd-8240-256f6333af49",
              "isHook": false,
              "skipped": false
            }
          ],
          "suites": [],
          "passes": [],
          "failures": [
            "80a74f84-ff8c-43a3-a433-b6a9d5b67e3e"
          ],
          "pending": [],
          "skipped": [],
          "duration": 1333,
          "root": false,
          "rootEmpty": false,
          "_timeout": 2000
        }
      ],
      "passes": [],
      "failures": [],
      "pending": [],
      "skipped": [],
      "duration": 0,
      "root": true,
      "rootEmpty": true,
      "_timeout": 2000
    }
  ],
  "meta": {
    "mocha": {
      "version": "7.0.1"
    },
    "mochawesome": {
      "options": {
        "quiet": false,
        "reportFilename": "mochawesome",
        "saveHtml": false,
        "saveJson": true,
        "consoleReporter": "spec",
        "useInlineDiffs": false,
        "code": true
      },
      "version": "7.1.3"
    },
    "marge": {
      "options": {
        "overwrite": false,
        "html": false,
        "json": true,
        "reportDir": "cypress\\reports\\html\\.jsons"
      },
      "version": "6.2.0"
    }
  }
}