{
  "stats": {
    "suites": 1,
    "tests": 1,
    "passes": 1,
    "pending": 0,
    "failures": 0,
    "start": "2024-03-19T08:58:37.985Z",
    "end": "2024-03-19T08:58:38.877Z",
    "duration": 892,
    "testsRegistered": 1,
    "passPercent": 100,
    "pendingPercent": 0,
    "other": 0,
    "hasOther": false,
    "skipped": 0,
    "hasSkipped": false
  },
  "results": [
    {
      "uuid": "048898fb-b7a5-4032-a5c2-3ed87ddc582d",
      "title": "",
      "fullFile": "cypress\\e2e\\ApiTesting\\Employeer\\Candidate\\Canididate-joinRequest\\e-post-changecompcanstatus.cy.js",
      "file": "cypress\\e2e\\ApiTesting\\Employeer\\Candidate\\Canididate-joinRequest\\e-post-changecompcanstatus.cy.js",
      "beforeHooks": [],
      "afterHooks": [],
      "tests": [],
      "suites": [
        {
          "uuid": "67f0fd29-d0fa-42b9-aa55-e6ec1504644d",
          "title": "Post change company canidate status ",
          "fullFile": "",
          "file": "",
          "beforeHooks": [],
          "afterHooks": [],
          "tests": [
            {
              "title": "should be able to change company canidate status",
              "fullTitle": "Post change company canidate status  should be able to change company canidate status",
              "timedOut": null,
              "duration": 718,
              "state": "passed",
              "speed": "fast",
              "pass": true,
              "fail": false,
              "pending": false,
              "context": null,
              "code": "cy.request({\n  method: 'POST',\n  url: `https://veloxlabs.net/api/v2/employer/candidate/change-status/${_constants.companyId}/${_constants.candidateId}`,\n  headers: {\n    'Authorization': _constants.empToken\n  },\n  body: {\n    'status': \"Active\"\n  }\n}).then(response => {\n  expect(response.status).to.eq(200);\n  expect(response.body.status).to.eq('success');\n  expect(response.body.message).to.eq('Successfully Updated.');\n});",
              "err": {},
              "uuid": "81ca637c-2b1b-4943-b19b-e539bd7c0067",
              "parentUUID": "67f0fd29-d0fa-42b9-aa55-e6ec1504644d",
              "isHook": false,
              "skipped": false
            }
          ],
          "suites": [],
          "passes": [
            "81ca637c-2b1b-4943-b19b-e539bd7c0067"
          ],
          "failures": [],
          "pending": [],
          "skipped": [],
          "duration": 718,
          "root": false,
          "rootEmpty": false,
          "_timeout": 2000
        }
      ],
      "passes": [],
      "failures": [],
      "pending": [],
      "skipped": [],
      "duration": 0,
      "root": true,
      "rootEmpty": true,
      "_timeout": 2000
    }
  ],
  "meta": {
    "mocha": {
      "version": "7.0.1"
    },
    "mochawesome": {
      "options": {
        "quiet": false,
        "reportFilename": "mochawesome",
        "saveHtml": false,
        "saveJson": true,
        "consoleReporter": "spec",
        "useInlineDiffs": false,
        "code": true
      },
      "version": "7.1.3"
    },
    "marge": {
      "options": {
        "overwrite": false,
        "html": false,
        "json": true,
        "reportDir": "cypress\\reports\\html\\.jsons"
      },
      "version": "6.2.0"
    }
  }
}