{
  "stats": {
    "suites": 1,
    "tests": 1,
    "passes": 0,
    "pending": 0,
    "failures": 1,
    "start": "2024-03-19T08:57:22.329Z",
    "end": "2024-03-19T08:57:25.325Z",
    "duration": 2996,
    "testsRegistered": 1,
    "passPercent": 0,
    "pendingPercent": 0,
    "other": 0,
    "hasOther": false,
    "skipped": 0,
    "hasSkipped": false
  },
  "results": [
    {
      "uuid": "baf727d2-1cac-4c17-86bb-38915abae45e",
      "title": "",
      "fullFile": "cypress\\e2e\\ApiTesting\\Employeer\\Candidate\\Canidiate-Crud\\e-get-canuniqcode.cy.js",
      "file": "cypress\\e2e\\ApiTesting\\Employeer\\Candidate\\Canidiate-Crud\\e-get-canuniqcode.cy.js",
      "beforeHooks": [],
      "afterHooks": [],
      "tests": [],
      "suites": [
        {
          "uuid": "bac7ffa7-6929-463b-82d0-584b64248881",
          "title": "candidate unique code ",
          "fullFile": "",
          "file": "",
          "beforeHooks": [],
          "afterHooks": [],
          "tests": [
            {
              "title": "candidate unique code",
              "fullTitle": "candidate unique code  candidate unique code",
              "timedOut": null,
              "duration": 2558,
              "state": "failed",
              "speed": null,
              "pass": false,
              "fail": true,
              "pending": false,
              "context": "{\n  \"title\": \"cypress-mochawesome-reporter-screenshots\",\n  \"value\": [\n    [\n      \"\\\\ApiTesting\\\\Employeer\\\\Candidate\\\\Canidiate-Crud\\\\e-get-canuniqcode.cy.js\\\\candidate unique code -- candidate unique code (failed).png\"\n    ]\n  ]\n}",
              "code": "cy.request({\n  method: 'GET',\n  url: `https://veloxlabs.net/api/v2/employer/company/candidate-code/${_constants.companyId}`,\n  headers: {\n    'Authorization': _constants.empToken\n  }\n}).then(response => {\n  expect(response.status).to.equal(200);\n  expect(response.status).to.equal(200);\n  expect(response.body.message).to.equal(\"Successfully Fetched.\");\n  expect(response.body.data).to.equal(\"V2-00005\");\n});",
              "err": {
                "message": "AssertionError: expected 'V2-02032' to equal 'V2-00005'",
                "estack": "AssertionError: expected 'V2-02032' to equal 'V2-00005'\n    at Context.eval (webpack://veloxlab-hajir_cypress/./cypress/e2e/ApiTesting/Employeer/Candidate/Canidiate-Crud/e-get-canuniqcode.cy.js:20:38)",
                "diff": "- 'V2-02032'\n+ 'V2-00005'\n"
              },
              "uuid": "ed7cfba1-d528-4525-9a6b-7558f464c1ac",
              "parentUUID": "bac7ffa7-6929-463b-82d0-584b64248881",
              "isHook": false,
              "skipped": false
            }
          ],
          "suites": [],
          "passes": [],
          "failures": [
            "ed7cfba1-d528-4525-9a6b-7558f464c1ac"
          ],
          "pending": [],
          "skipped": [],
          "duration": 2558,
          "root": false,
          "rootEmpty": false,
          "_timeout": 2000
        }
      ],
      "passes": [],
      "failures": [],
      "pending": [],
      "skipped": [],
      "duration": 0,
      "root": true,
      "rootEmpty": true,
      "_timeout": 2000
    }
  ],
  "meta": {
    "mocha": {
      "version": "7.0.1"
    },
    "mochawesome": {
      "options": {
        "quiet": false,
        "reportFilename": "mochawesome",
        "saveHtml": false,
        "saveJson": true,
        "consoleReporter": "spec",
        "useInlineDiffs": false,
        "code": true
      },
      "version": "7.1.3"
    },
    "marge": {
      "options": {
        "overwrite": false,
        "html": false,
        "json": true,
        "reportDir": "cypress\\reports\\html\\.jsons"
      },
      "version": "6.2.0"
    }
  }
}