{
  "stats": {
    "suites": 1,
    "tests": 1,
    "passes": 1,
    "pending": 0,
    "failures": 0,
    "start": "2024-03-19T08:55:21.554Z",
    "end": "2024-03-19T08:55:28.302Z",
    "duration": 6748,
    "testsRegistered": 1,
    "passPercent": 100,
    "pendingPercent": 0,
    "other": 0,
    "hasOther": false,
    "skipped": 0,
    "hasSkipped": false
  },
  "results": [
    {
      "uuid": "ca0f913a-ee07-45e4-9501-bea42a6f3e9e",
      "title": "",
      "fullFile": "cypress\\e2e\\ApiTesting\\Employeer\\Plans-package\\e-post-paymentstore.cy.js",
      "file": "cypress\\e2e\\ApiTesting\\Employeer\\Plans-package\\e-post-paymentstore.cy.js",
      "beforeHooks": [],
      "afterHooks": [],
      "tests": [],
      "suites": [
        {
          "uuid": "04914b91-ecc2-4a6e-83c5-97e2165f8164",
          "title": "get payment store",
          "fullFile": "",
          "file": "",
          "beforeHooks": [],
          "afterHooks": [],
          "tests": [
            {
              "title": "should be able to get payment store",
              "fullTitle": "get payment store should be able to get payment store",
              "timedOut": null,
              "duration": 6535,
              "state": "passed",
              "speed": "medium",
              "pass": true,
              "fail": false,
              "pending": false,
              "context": null,
              "code": "cy.fixture('photo.jpg').then(filecontent => {\n  cy.request({\n    method: 'POST',\n    url: `https://veloxlabs.net/api/v2/employer/package/payment-submit/${_constants.packageId}`,\n    headers: {\n      'Authorization': _constants.empToken\n    },\n    body: {\n      \"duration\": 3,\n      \"total_amount\": \"2500.00\",\n      \"payment_method\": 1,\n      \"image\": filecontent\n    }\n  }).then(response => {\n    expect(response.status).to.equal(200);\n    expect(response.body.status).to.equal('success');\n    expect(response.body.message).to.equal('Successfully Send. Please wait for verification.');\n  });\n});",
              "err": {},
              "uuid": "4782b298-d3a0-4015-a5ff-9f5c421676cc",
              "parentUUID": "04914b91-ecc2-4a6e-83c5-97e2165f8164",
              "isHook": false,
              "skipped": false
            }
          ],
          "suites": [],
          "passes": [
            "4782b298-d3a0-4015-a5ff-9f5c421676cc"
          ],
          "failures": [],
          "pending": [],
          "skipped": [],
          "duration": 6535,
          "root": false,
          "rootEmpty": false,
          "_timeout": 2000
        }
      ],
      "passes": [],
      "failures": [],
      "pending": [],
      "skipped": [],
      "duration": 0,
      "root": true,
      "rootEmpty": true,
      "_timeout": 2000
    }
  ],
  "meta": {
    "mocha": {
      "version": "7.0.1"
    },
    "mochawesome": {
      "options": {
        "quiet": false,
        "reportFilename": "mochawesome",
        "saveHtml": false,
        "saveJson": true,
        "consoleReporter": "spec",
        "useInlineDiffs": false,
        "code": true
      },
      "version": "7.1.3"
    },
    "marge": {
      "options": {
        "overwrite": false,
        "html": false,
        "json": true,
        "reportDir": "cypress\\reports\\html\\.jsons"
      },
      "version": "6.2.0"
    }
  }
}