{
  "stats": {
    "suites": 1,
    "tests": 1,
    "passes": 0,
    "pending": 0,
    "failures": 1,
    "start": "2024-03-19T08:57:04.574Z",
    "end": "2024-03-19T08:57:06.878Z",
    "duration": 2304,
    "testsRegistered": 1,
    "passPercent": 0,
    "pendingPercent": 0,
    "other": 0,
    "hasOther": false,
    "skipped": 0,
    "hasSkipped": false
  },
  "results": [
    {
      "uuid": "534a45b2-e05a-4d4c-a9ee-d30c56be3808",
      "title": "",
      "fullFile": "cypress\\e2e\\ApiTesting\\Employeer\\Candidate\\Canidiate-Crud\\e-get-candidatedetails.cy.js",
      "file": "cypress\\e2e\\ApiTesting\\Employeer\\Candidate\\Canidiate-Crud\\e-get-candidatedetails.cy.js",
      "beforeHooks": [],
      "afterHooks": [],
      "tests": [],
      "suites": [
        {
          "uuid": "7fe5d226-bb1e-4325-bf85-a4ce2009a152",
          "title": "candidate Details ",
          "fullFile": "",
          "file": "",
          "beforeHooks": [],
          "afterHooks": [],
          "tests": [
            {
              "title": "should be able to view candidate details",
              "fullTitle": "candidate Details  should be able to view candidate details",
              "timedOut": null,
              "duration": 2022,
              "state": "failed",
              "speed": null,
              "pass": false,
              "fail": true,
              "pending": false,
              "context": "{\n  \"title\": \"cypress-mochawesome-reporter-screenshots\",\n  \"value\": [\n    [\n      \"\\\\ApiTesting\\\\Employeer\\\\Candidate\\\\Canidiate-Crud\\\\e-get-candidatedetails.cy.js\\\\candidate Details -- should be able to view candidate details (failed).png\"\n    ]\n  ]\n}",
              "code": "cy.request({\n  method: 'GET',\n  url: `https://veloxlabs.net/api/v2/employer/candidate/get-candidate/${_constants.companyId}/${_constants.candidateId}`,\n  headers: {\n    'Authorization': _constants.empToken\n  }\n}).then(response => {\n  expect(response.status).to.equal(200);\n  expect(response.status).to.equal(\"success\");\n  expect(response.message).to.equal(\"Successfully Fetched.\");\n  expect(response.data.company_id).to.equal(2);\n  expect(response.data.candidate_id).to.equal(13);\n  expect(response.data.name_holder).to.equal(\"Mr\");\n  expect(response.data.name).to.equal(\"Roshan pokharel\");\n  expect(response.data.code).to.equal(\"\");\n  expect(response.data.designation).to.equal(\"qa\");\n  expect(response.data.phone).to.equal(\"9861389660\");\n  expect(response.data.email).to.equal(\"pokharelroshan72@gmail.com\");\n  expect(response.data.dob).to.equal(\"2001-03-10\");\n  expect(response.data.joining_date).to.equal(\"2024-02-18T18:15:00.000000Z\");\n  expect(response.data.marriage_status).to.equal(\"Unmarried\");\n  expect(response.data.salary_amount).to.equal(15000);\n  expect(response.data.salary_type).to.equal(\"Monthly\");\n  expect(response.data.probation_period).to.equal(1);\n  expect(response.data.working_hours).to.equal(\"6:00\");\n  expect(response.data.allow_late_attendance).to.equal(\"00:05:00\");\n  expect(response.data.overtime_hrs).to.equal(\"2 (1)\");\n  expect(response.data.allowance_amount).to.equal(\"0 Monthly\");\n  expect(response.data.duty_time).to.equal(\"08:00:00\");\n  expect(response.data.office_hour_end).to.equal(\"14:00:00\");\n  expect(response.data.break_duration).to.equal(\"00:30\");\n  expect(response.data.casual_leave).to.equal(2);\n  expect(response.data.sick_leave).to.equal(2);\n  expect(response.data.allow_network_access).to.equal(\"All Net\");\n  expect(response.data.weekly_off[0].id).to.equal(7);\n  expect(response.data.weekly_off[0].business_leave).to.equal(\"Saturday\");\n  expect(response.data.departments[0].id).to.equal(15);\n  expect(response.data.departments[0].name).to.equal(\"Quality Assurance (QA)\");\n  expect(response.data.profile_image).to.equal(\"http://veloxlabs.net//storage/upload/24/03/17095232611000000774.jpg\");\n});",
              "err": {
                "message": "AssertionError: expected 200 to equal 'success'",
                "estack": "AssertionError: expected 200 to equal 'success'\n    at Context.eval (webpack://veloxlab-hajir_cypress/./cypress/e2e/ApiTesting/Employeer/Candidate/Canidiate-Crud/e-get-candidatedetails.cy.js:17:35)",
                "diff": "- 200\n+ 'success'\n"
              },
              "uuid": "68f37262-cf4a-4ad7-a4dc-b45d2514aa90",
              "parentUUID": "7fe5d226-bb1e-4325-bf85-a4ce2009a152",
              "isHook": false,
              "skipped": false
            }
          ],
          "suites": [],
          "passes": [],
          "failures": [
            "68f37262-cf4a-4ad7-a4dc-b45d2514aa90"
          ],
          "pending": [],
          "skipped": [],
          "duration": 2022,
          "root": false,
          "rootEmpty": false,
          "_timeout": 2000
        }
      ],
      "passes": [],
      "failures": [],
      "pending": [],
      "skipped": [],
      "duration": 0,
      "root": true,
      "rootEmpty": true,
      "_timeout": 2000
    }
  ],
  "meta": {
    "mocha": {
      "version": "7.0.1"
    },
    "mochawesome": {
      "options": {
        "quiet": false,
        "reportFilename": "mochawesome",
        "saveHtml": false,
        "saveJson": true,
        "consoleReporter": "spec",
        "useInlineDiffs": false,
        "code": true
      },
      "version": "7.1.3"
    },
    "marge": {
      "options": {
        "overwrite": false,
        "html": false,
        "json": true,
        "reportDir": "cypress\\reports\\html\\.jsons"
      },
      "version": "6.2.0"
    }
  }
}