{
  "stats": {
    "suites": 1,
    "tests": 1,
    "passes": 0,
    "pending": 0,
    "failures": 1,
    "start": "2024-03-19T08:42:21.041Z",
    "end": "2024-03-19T08:42:23.906Z",
    "duration": 2865,
    "testsRegistered": 1,
    "passPercent": 0,
    "pendingPercent": 0,
    "other": 0,
    "hasOther": false,
    "skipped": 0,
    "hasSkipped": false
  },
  "results": [
    {
      "uuid": "07d5f92e-d7c5-45d2-aee5-f113629da9cd",
      "title": "",
      "fullFile": "cypress\\e2e\\ApiTesting\\Candidate\\Approver\\c-get-enrollclockinreport.cy.js",
      "file": "cypress\\e2e\\ApiTesting\\Candidate\\Approver\\c-get-enrollclockinreport.cy.js",
      "beforeHooks": [],
      "afterHooks": [],
      "tests": [],
      "suites": [
        {
          "uuid": "953361b8-14c6-4269-a6bb-1166fc721f6f",
          "title": "to get enroll clock in report ",
          "fullFile": "",
          "file": "",
          "beforeHooks": [],
          "afterHooks": [],
          "tests": [
            {
              "title": "should be able to get enroll clock in report   ",
              "fullTitle": "to get enroll clock in report  should be able to get enroll clock in report   ",
              "timedOut": null,
              "duration": 2390,
              "state": "failed",
              "speed": null,
              "pass": false,
              "fail": true,
              "pending": false,
              "context": "{\n  \"title\": \"cypress-mochawesome-reporter-screenshots\",\n  \"value\": [\n    [\n      \"\\\\ApiTesting\\\\Candidate\\\\Approver\\\\c-get-enrollclockinreport.cy.js\\\\to get enroll clock in report -- should be able to get enroll clock in report (failed).png\"\n    ]\n  ]\n}",
              "code": "cy.request({\n  method: 'GET',\n  url: `https://veloxlabs.net/api/v2/candidate/enroll-attendee/clock-in/${_constants.companyId}`,\n  headers: {\n    'Authorization': _constants.canToken\n  }\n}).then(response => {\n  expect(response.status).to.equal(200);\n  const {\n    attendee_count,\n    absent_count,\n    late_count,\n    leave_count,\n    clock_out_candidates\n  } = response.body.data;\n  expect(attendee_count).to.be.a('number');\n  expect(absent_count).to.be.a('number');\n  expect(late_count).to.be.a('number');\n  expect(leave_count).to.be.a('number');\n  expect(clock_out_candidates).to.be.an('array');\n});",
              "err": {
                "message": "CypressError: `cy.request()` failed on:\n\nhttps://veloxlabs.net/api/v2/candidate/enroll-attendee/clock-in/2\n\nThe response we received from your web server was:\n\n  > 404: Not Found\n\nThis was considered a failure because the status code was not `2xx` or `3xx`.\n\nIf you do not want status codes to cause failures pass the option: `failOnStatusCode: false`\n\n-----------------------------------------------------------\n\nThe request we sent was:\n\nMethod: GET\nURL: https://veloxlabs.net/api/v2/candidate/enroll-attendee/clock-in/2\nHeaders: {\n  \"Connection\": \"keep-alive\",\n  \"Authorization\": \"Bearer eyJ0eXAiOiJKV1QiLCJhbGciOiJSUzI1NiJ9.eyJhdWQiOiIxIiwianRpIjoiOThhODdkNzczYTAzYzEwMGFhZDNlN2IwMDE3OGZmOGVkYmYwNzU0OTEyYmVhM2NiZjhjYjE1YWI0ZWM3NTUwYjZhZTM4ZmQxMGJhNTEzNzAiLCJpYXQiOjE3MTA4MzY4NzcuODAxMTI0LCJuYmYiOjE3MTA4MzY4NzcuODAxMTI2LCJleHAiOjE3NDIzNzI4NzcuNzk4MzQ3LCJzdWIiOiIxMyIsInNjb3BlcyI6W119.Wf_HtElsVdEh16mMESXanuEI7_LFWz7ppJEiLWFfo8oLZWZpyH8P_IbJpQrBqPEmn5gBR8FvQglqMrqc7yvNzKKM17baPIPvSv4WjXlKbwXjwdGl5Vc4KQFY9fL8Y3jDyZ1lFRkDEpyGiU2kOtfaEhTvuWAA0yQKityNAqNxj4CaARMwiHXzFijlbU1zue40uES9PdK2sUd3YpyPKk-za-J_qjaINXx5DtNAKBbiWve4WS7k40IK-T8hV1gOXofT2oS4_I-IfySgwslCnCuA4l-rdeoAL2w8__R4P_nImexQFchGvvbor3sFpxQAXi4xrEtoP16KmId81nSnYkS6OBrflzDMc4de-DULSiY8vCV5O5oH5G2DZNCuQIVV57txKwPn2MtKydpbxaUbL3iLLQdY6uotMe2THkIMz8ZxAr0iqwJu5sJ1cgNS3KJEGHqRhLP06mXvSh4SQaBS65vBNejJ9oR0xSU6IvNBZ-b_hl05sAaM5w5gUgmXa5_ft4nJtjfZr06ocguyp_r-gGskhzOo5ZhqlMp6QGyvIdk7dXYkFQv_LF9GS_LaHwaEyrWKTLuPF_ek0Btxzzv_ri3oMuSw_IatmDhoY8FAt_fnW8CoeuBi2q0vaN0487G04qfUoi5vzJ7wi9XteYiN5xHYFNqdu8sxta9BKVNjX7omOBw\",\n  \"user-agent\": \"Mozilla/5.0 (Windows NT 10.0; Win64; x64) AppleWebKit/537.36 (KHTML, like Gecko) Cypress/13.6.6 Chrome/118.0.5993.159 Electron/27.1.3 Safari/537.36\",\n  \"accept\": \"*/*\",\n  \"accept-encoding\": \"gzip, deflate\"\n}\n\n-----------------------------------------------------------\n\nThe response we got was:\n\nStatus: 404 - Not Found\nHeaders: {\n  \"date\": \"Tue, 19 Mar 2024 08:42:20 GMT\",\n  \"content-type\": \"text/html; charset=UTF-8\",\n  \"transfer-encoding\": \"chunked\",\n  \"connection\": \"keep-alive\",\n  \"vary\": \"Authorization\",\n  \"cache-control\": \"no-cache, private\",\n  \"access-control-allow-origin\": \"*\",\n  \"cf-cache-status\": \"DYNAMIC\",\n  \"report-to\": \"{\\\"endpoints\\\":[{\\\"url\\\":\\\"https:\\\\/\\\\/a.nel.cloudflare.com\\\\/report\\\\/v4?s=FKkQkmd33mW%2BaDSk%2FBWck4UIBdlXvKmyhaNUiQMCr4Y9yZ9nslOXqcBoKF0HI%2F%2B5cA%2Ff8R4YRgTAp9y9ApLJaJkSQ0wTzHHMqeqHGvLTNwW7%2FHr7hz41%2FOTVRZQMrFme\\\"}],\\\"group\\\":\\\"cf-nel\\\",\\\"max_age\\\":604800}\",\n  \"nel\": \"{\\\"success_fraction\\\":0,\\\"report_to\\\":\\\"cf-nel\\\",\\\"max_age\\\":604800}\",\n  \"server\": \"cloudflare\",\n  \"cf-ray\": \"866c2b2629967f58-KTM\",\n  \"content-encoding\": \"gzip\",\n  \"alt-svc\": \"h3=\\\":443\\\"; ma=86400\"\n}\nBody: <!DOCTYPE html>\n<html lang=\"en\">\n    <head>\n        <meta charset=\"utf-8\">\n        <meta name=\"viewport\" content=\"width=device-width, initial-scale=1\">\n\n        <title>Not Found</title>\n\n        <!-- Fonts -->\n        <link rel=\"preconnect\" href=\"https://fonts.gstatic.com\">\n        <link href=\"https://fonts.googleapis.com/css2?family=Nunito&display=swap\" rel=\"stylesheet\">\n\n        <style>\n  /*! normalize.css v8.0.1 | MIT License | github.com/necolas/normalize.css */html{line-height:1.15;-webkit-text-size-adjust:100%}body{margin:0}a{background-color:transparent}code{font-family:monospace,monospace;font-size:1em}[hidden]{display:none}html{font-family:system-ui,-apple-system,BlinkMacSystemFont,Segoe UI,Roboto,Helvetica Neue,Arial,Noto Sans,sans-serif,Apple Color Emoji,Segoe UI Emoji,Segoe UI Symbol,Noto Color Emoji;line-height:1.5}*,:after,:before{box-sizing:border-box;border:0 solid #e2e8f0}a{color:inherit;text-decoration:inherit}code{font-family:Menlo,Monaco,Consolas,Liberation Mono,Courier New,monospace}svg,video{display:block;vertical-align:middle}video{max-width:100%;height:auto}.bg-white{--bg-opacity:1;background-color:#fff;background-color:rgba(255,255,255,var(--bg-opacity))}.bg-gray-100{--bg-opacity:1;background-color:#f7fafc;background-color:rgba(247,250,252,var(--bg-opacity))}.border-gray-200{--border-opacity:1;border-color:#edf2f7;border-color:rgba(237,242,247,var(--border-opacity))}.border-gray-400{--border-opacity:1;border-color:#cbd5e0;border-color:rgba(203,213,224,var(--border-opacity))}.border-t{border-top-width:1px}.border-r{border-right-width:1px}.flex{display:flex}.grid{display:grid}.hidden{display:none}.items-center{align-items:center}.justify-center{justify-content:center}.font-semibold{font-weight:600}.h-5{height:1.25rem}.h-8{height:2rem}.h-16{height:4rem}.text-sm{font-size:.875rem}.text-lg{font-size:1.125rem}.leading-7{line-height:1.75rem}.mx-auto{margin-left:auto;margin-right:auto}.ml-1{margin-left:.25rem}.mt-2{margin-top:.5rem}.mr-...\n\n\nhttps://on.cypress.io/request",
                "estack": "CypressError: `cy.request()` failed on:\n\nhttps://veloxlabs.net/api/v2/candidate/enroll-attendee/clock-in/2\n\nThe response we received from your web server was:\n\n  > 404: Not Found\n\nThis was considered a failure because the status code was not `2xx` or `3xx`.\n\nIf you do not want status codes to cause failures pass the option: `failOnStatusCode: false`\n\n-----------------------------------------------------------\n\nThe request we sent was:\n\nMethod: GET\nURL: https://veloxlabs.net/api/v2/candidate/enroll-attendee/clock-in/2\nHeaders: {\n  \"Connection\": \"keep-alive\",\n  \"Authorization\": \"Bearer eyJ0eXAiOiJKV1QiLCJhbGciOiJSUzI1NiJ9.eyJhdWQiOiIxIiwianRpIjoiOThhODdkNzczYTAzYzEwMGFhZDNlN2IwMDE3OGZmOGVkYmYwNzU0OTEyYmVhM2NiZjhjYjE1YWI0ZWM3NTUwYjZhZTM4ZmQxMGJhNTEzNzAiLCJpYXQiOjE3MTA4MzY4NzcuODAxMTI0LCJuYmYiOjE3MTA4MzY4NzcuODAxMTI2LCJleHAiOjE3NDIzNzI4NzcuNzk4MzQ3LCJzdWIiOiIxMyIsInNjb3BlcyI6W119.Wf_HtElsVdEh16mMESXanuEI7_LFWz7ppJEiLWFfo8oLZWZpyH8P_IbJpQrBqPEmn5gBR8FvQglqMrqc7yvNzKKM17baPIPvSv4WjXlKbwXjwdGl5Vc4KQFY9fL8Y3jDyZ1lFRkDEpyGiU2kOtfaEhTvuWAA0yQKityNAqNxj4CaARMwiHXzFijlbU1zue40uES9PdK2sUd3YpyPKk-za-J_qjaINXx5DtNAKBbiWve4WS7k40IK-T8hV1gOXofT2oS4_I-IfySgwslCnCuA4l-rdeoAL2w8__R4P_nImexQFchGvvbor3sFpxQAXi4xrEtoP16KmId81nSnYkS6OBrflzDMc4de-DULSiY8vCV5O5oH5G2DZNCuQIVV57txKwPn2MtKydpbxaUbL3iLLQdY6uotMe2THkIMz8ZxAr0iqwJu5sJ1cgNS3KJEGHqRhLP06mXvSh4SQaBS65vBNejJ9oR0xSU6IvNBZ-b_hl05sAaM5w5gUgmXa5_ft4nJtjfZr06ocguyp_r-gGskhzOo5ZhqlMp6QGyvIdk7dXYkFQv_LF9GS_LaHwaEyrWKTLuPF_ek0Btxzzv_ri3oMuSw_IatmDhoY8FAt_fnW8CoeuBi2q0vaN0487G04qfUoi5vzJ7wi9XteYiN5xHYFNqdu8sxta9BKVNjX7omOBw\",\n  \"user-agent\": \"Mozilla/5.0 (Windows NT 10.0; Win64; x64) AppleWebKit/537.36 (KHTML, like Gecko) Cypress/13.6.6 Chrome/118.0.5993.159 Electron/27.1.3 Safari/537.36\",\n  \"accept\": \"*/*\",\n  \"accept-encoding\": \"gzip, deflate\"\n}\n\n-----------------------------------------------------------\n\nThe response we got was:\n\nStatus: 404 - Not Found\nHeaders: {\n  \"date\": \"Tue, 19 Mar 2024 08:42:20 GMT\",\n  \"content-type\": \"text/html; charset=UTF-8\",\n  \"transfer-encoding\": \"chunked\",\n  \"connection\": \"keep-alive\",\n  \"vary\": \"Authorization\",\n  \"cache-control\": \"no-cache, private\",\n  \"access-control-allow-origin\": \"*\",\n  \"cf-cache-status\": \"DYNAMIC\",\n  \"report-to\": \"{\\\"endpoints\\\":[{\\\"url\\\":\\\"https:\\\\/\\\\/a.nel.cloudflare.com\\\\/report\\\\/v4?s=FKkQkmd33mW%2BaDSk%2FBWck4UIBdlXvKmyhaNUiQMCr4Y9yZ9nslOXqcBoKF0HI%2F%2B5cA%2Ff8R4YRgTAp9y9ApLJaJkSQ0wTzHHMqeqHGvLTNwW7%2FHr7hz41%2FOTVRZQMrFme\\\"}],\\\"group\\\":\\\"cf-nel\\\",\\\"max_age\\\":604800}\",\n  \"nel\": \"{\\\"success_fraction\\\":0,\\\"report_to\\\":\\\"cf-nel\\\",\\\"max_age\\\":604800}\",\n  \"server\": \"cloudflare\",\n  \"cf-ray\": \"866c2b2629967f58-KTM\",\n  \"content-encoding\": \"gzip\",\n  \"alt-svc\": \"h3=\\\":443\\\"; ma=86400\"\n}\nBody: <!DOCTYPE html>\n<html lang=\"en\">\n    <head>\n        <meta charset=\"utf-8\">\n        <meta name=\"viewport\" content=\"width=device-width, initial-scale=1\">\n\n        <title>Not Found</title>\n\n        <!-- Fonts -->\n        <link rel=\"preconnect\" href=\"https://fonts.gstatic.com\">\n        <link href=\"https://fonts.googleapis.com/css2?family=Nunito&display=swap\" rel=\"stylesheet\">\n\n        <style>\n  /*! normalize.css v8.0.1 | MIT License | github.com/necolas/normalize.css */html{line-height:1.15;-webkit-text-size-adjust:100%}body{margin:0}a{background-color:transparent}code{font-family:monospace,monospace;font-size:1em}[hidden]{display:none}html{font-family:system-ui,-apple-system,BlinkMacSystemFont,Segoe UI,Roboto,Helvetica Neue,Arial,Noto Sans,sans-serif,Apple Color Emoji,Segoe UI Emoji,Segoe UI Symbol,Noto Color Emoji;line-height:1.5}*,:after,:before{box-sizing:border-box;border:0 solid #e2e8f0}a{color:inherit;text-decoration:inherit}code{font-family:Menlo,Monaco,Consolas,Liberation Mono,Courier New,monospace}svg,video{display:block;vertical-align:middle}video{max-width:100%;height:auto}.bg-white{--bg-opacity:1;background-color:#fff;background-color:rgba(255,255,255,var(--bg-opacity))}.bg-gray-100{--bg-opacity:1;background-color:#f7fafc;background-color:rgba(247,250,252,var(--bg-opacity))}.border-gray-200{--border-opacity:1;border-color:#edf2f7;border-color:rgba(237,242,247,var(--border-opacity))}.border-gray-400{--border-opacity:1;border-color:#cbd5e0;border-color:rgba(203,213,224,var(--border-opacity))}.border-t{border-top-width:1px}.border-r{border-right-width:1px}.flex{display:flex}.grid{display:grid}.hidden{display:none}.items-center{align-items:center}.justify-center{justify-content:center}.font-semibold{font-weight:600}.h-5{height:1.25rem}.h-8{height:2rem}.h-16{height:4rem}.text-sm{font-size:.875rem}.text-lg{font-size:1.125rem}.leading-7{line-height:1.75rem}.mx-auto{margin-left:auto;margin-right:auto}.ml-1{margin-left:.25rem}.mt-2{margin-top:.5rem}.mr-...\n\n\nhttps://on.cypress.io/request\n    at <unknown> (http://localhost:60152/__cypress/runner/cypress_runner.js:133028:72)\n    at tryCatcher (http://localhost:60152/__cypress/runner/cypress_runner.js:1807:23)\n    at Promise._settlePromiseFromHandler (http://localhost:60152/__cypress/runner/cypress_runner.js:1519:31)\n    at Promise._settlePromise (http://localhost:60152/__cypress/runner/cypress_runner.js:1576:18)\n    at Promise._settlePromise0 (http://localhost:60152/__cypress/runner/cypress_runner.js:1621:10)\n    at Promise._settlePromises (http://localhost:60152/__cypress/runner/cypress_runner.js:1701:18)\n    at _drainQueueStep (http://localhost:60152/__cypress/runner/cypress_runner.js:2407:12)\n    at _drainQueue (http://localhost:60152/__cypress/runner/cypress_runner.js:2400:9)\n    at Async._drainQueues (http://localhost:60152/__cypress/runner/cypress_runner.js:2416:5)\n    at Async.drainQueues (http://localhost:60152/__cypress/runner/cypress_runner.js:2286:14)\nFrom Your Spec Code:\n    at Context.eval (webpack://veloxlab-hajir_cypress/./cypress/e2e/ApiTesting/Candidate/Approver/c-get-enrollclockinreport.cy.js:8:9)",
                "diff": null
              },
              "uuid": "ab96cc27-4ee4-46dc-8241-d79338f28b56",
              "parentUUID": "953361b8-14c6-4269-a6bb-1166fc721f6f",
              "isHook": false,
              "skipped": false
            }
          ],
          "suites": [],
          "passes": [],
          "failures": [
            "ab96cc27-4ee4-46dc-8241-d79338f28b56"
          ],
          "pending": [],
          "skipped": [],
          "duration": 2390,
          "root": false,
          "rootEmpty": false,
          "_timeout": 2000
        }
      ],
      "passes": [],
      "failures": [],
      "pending": [],
      "skipped": [],
      "duration": 0,
      "root": true,
      "rootEmpty": true,
      "_timeout": 2000
    }
  ],
  "meta": {
    "mocha": {
      "version": "7.0.1"
    },
    "mochawesome": {
      "options": {
        "quiet": false,
        "reportFilename": "mochawesome",
        "saveHtml": false,
        "saveJson": true,
        "consoleReporter": "spec",
        "useInlineDiffs": false,
        "code": true
      },
      "version": "7.1.3"
    },
    "marge": {
      "options": {
        "overwrite": false,
        "html": false,
        "json": true,
        "reportDir": "cypress\\reports\\html\\.jsons"
      },
      "version": "6.2.0"
    }
  }
}