{
  "stats": {
    "suites": 1,
    "tests": 1,
    "passes": 0,
    "pending": 0,
    "failures": 1,
    "start": "2024-03-19T08:47:42.217Z",
    "end": "2024-03-19T08:47:47.464Z",
    "duration": 5247,
    "testsRegistered": 1,
    "passPercent": 0,
    "pendingPercent": 0,
    "other": 0,
    "hasOther": false,
    "skipped": 0,
    "hasSkipped": false
  },
  "results": [
    {
      "uuid": "e49e4ff7-6cf0-484b-ad27-db515c6eedb4",
      "title": "",
      "fullFile": "cypress\\e2e\\ApiTesting\\Candidate\\Leaves\\c-get-leavetypes.cy.js",
      "file": "cypress\\e2e\\ApiTesting\\Candidate\\Leaves\\c-get-leavetypes.cy.js",
      "beforeHooks": [],
      "afterHooks": [],
      "tests": [],
      "suites": [
        {
          "uuid": "c297eb70-7cbb-483d-bd6b-b9d5542d5d41",
          "title": "get leave types",
          "fullFile": "",
          "file": "",
          "beforeHooks": [],
          "afterHooks": [],
          "tests": [
            {
              "title": "should be able to get leave types  ",
              "fullTitle": "get leave types should be able to get leave types  ",
              "timedOut": null,
              "duration": 4375,
              "state": "failed",
              "speed": null,
              "pass": false,
              "fail": true,
              "pending": false,
              "context": "{\n  \"title\": \"cypress-mochawesome-reporter-screenshots\",\n  \"value\": [\n    [\n      \"\\\\ApiTesting\\\\Candidate\\\\Leaves\\\\c-get-leavetypes.cy.js\\\\get leave types -- should be able to get leave types (failed).png\"\n    ]\n  ]\n}",
              "code": "cy.request({\n  method: 'GET',\n  url: `https://veloxlabs.net/api/v2/candidate/leave-types/${_constants.companyId}`,\n  headers: {\n    'Authorization': _constants.canToken\n  }\n}).then(response => {\n  expect(response.status).to.equal(200);\n  expect(response.body.status).to.equal(\"success\");\n  expect(response.body.message).to.equal(\"Successfully Fetched\");\n  expect(response.body.data).to.have.property(\"leaveTypes\").that.is.an(\"array\");\n  expect(response.body.data).to.have.property(\"avaliable_leave\").that.is.an(\"object\");\n  expect(response.body.data.leaveTypes).to.have.lengthOf(4);\n  expect(response.body.data.leaveTypes[0]).to.have.property(\"id\").that.equals(1);\n  expect(response.body.data.leaveTypes[0]).to.have.property(\"title\").that.equals(\"Sick\");\n  expect(response.body.data.leaveTypes[0]).to.have.property(\"status\").that.equals(\"Active\");\n  expect(response.body.data.avaliable_leave).to.have.property(\"sick_leave\").that.equals(5);\n  expect(response.body.data.avaliable_leave).to.have.property(\"casual_leave\").that.equals(4);\n});",
              "err": {
                "message": "AssertionError: expected 2 to equal 5",
                "estack": "AssertionError: expected 2 to equal 5\n    at Context.eval (webpack://veloxlab-hajir_cypress/./cypress/e2e/ApiTesting/Candidate/Leaves/c-get-leavetypes.cy.js:27:91)",
                "diff": "- 2\n+ 5\n"
              },
              "uuid": "5b42f6c4-013f-48f3-971f-2df4a8f1362e",
              "parentUUID": "c297eb70-7cbb-483d-bd6b-b9d5542d5d41",
              "isHook": false,
              "skipped": false
            }
          ],
          "suites": [],
          "passes": [],
          "failures": [
            "5b42f6c4-013f-48f3-971f-2df4a8f1362e"
          ],
          "pending": [],
          "skipped": [],
          "duration": 4375,
          "root": false,
          "rootEmpty": false,
          "_timeout": 2000
        }
      ],
      "passes": [],
      "failures": [],
      "pending": [],
      "skipped": [],
      "duration": 0,
      "root": true,
      "rootEmpty": true,
      "_timeout": 2000
    }
  ],
  "meta": {
    "mocha": {
      "version": "7.0.1"
    },
    "mochawesome": {
      "options": {
        "quiet": false,
        "reportFilename": "mochawesome",
        "saveHtml": false,
        "saveJson": true,
        "consoleReporter": "spec",
        "useInlineDiffs": false,
        "code": true
      },
      "version": "7.1.3"
    },
    "marge": {
      "options": {
        "overwrite": false,
        "html": false,
        "json": true,
        "reportDir": "cypress\\reports\\html\\.jsons"
      },
      "version": "6.2.0"
    }
  }
}