{
  "stats": {
    "suites": 1,
    "tests": 1,
    "passes": 1,
    "pending": 0,
    "failures": 0,
    "start": "2024-03-19T08:48:44.345Z",
    "end": "2024-03-19T08:48:45.346Z",
    "duration": 1001,
    "testsRegistered": 1,
    "passPercent": 100,
    "pendingPercent": 0,
    "other": 0,
    "hasOther": false,
    "skipped": 0,
    "hasSkipped": false
  },
  "results": [
    {
      "uuid": "819e433e-a82f-4969-81f4-3a17ed1202d1",
      "title": "",
      "fullFile": "cypress\\e2e\\ApiTesting\\Candidate\\Missing\\c-post-missingattendence.cy.js",
      "file": "cypress\\e2e\\ApiTesting\\Candidate\\Missing\\c-post-missingattendence.cy.js",
      "beforeHooks": [],
      "afterHooks": [],
      "tests": [],
      "suites": [
        {
          "uuid": "b7971936-5c81-405f-b23d-6d6eedb9738a",
          "title": "Post missing attendence",
          "fullFile": "",
          "file": "",
          "beforeHooks": [],
          "afterHooks": [],
          "tests": [
            {
              "title": "should be able to post missing attendence  ",
              "fullTitle": "Post missing attendence should be able to post missing attendence  ",
              "timedOut": null,
              "duration": 792,
              "state": "passed",
              "speed": "fast",
              "pass": true,
              "fail": false,
              "pending": false,
              "context": null,
              "code": "cy.request({\n  method: 'POST',\n  url: 'https://veloxlabs.net/api/v2/candidate/approver/missing-attendance-submit',\n  headers: {\n    'Authorization': _constants.canToken\n  },\n  body: {\n    'start_time': \"8:00:00\",\n    'end_time': \"2:00:00\",\n    'company_id': `${_constants.companyId}`,\n    'candidate_id': 15,\n    'attendance_date': \"3/18/2024\",\n    'overtime': \"00:10\"\n  }\n}).then(response => {\n  expect(response.status).to.equal(200);\n  expect(response.body.status).to.equal(\"success\");\n  expect(response.body.message).to.equal(\"Successfully Saved\");\n});",
              "err": {},
              "uuid": "b644baf3-0a80-40c1-afc4-f8926cd31b26",
              "parentUUID": "b7971936-5c81-405f-b23d-6d6eedb9738a",
              "isHook": false,
              "skipped": false
            }
          ],
          "suites": [],
          "passes": [
            "b644baf3-0a80-40c1-afc4-f8926cd31b26"
          ],
          "failures": [],
          "pending": [],
          "skipped": [],
          "duration": 792,
          "root": false,
          "rootEmpty": false,
          "_timeout": 2000
        }
      ],
      "passes": [],
      "failures": [],
      "pending": [],
      "skipped": [],
      "duration": 0,
      "root": true,
      "rootEmpty": true,
      "_timeout": 2000
    }
  ],
  "meta": {
    "mocha": {
      "version": "7.0.1"
    },
    "mochawesome": {
      "options": {
        "quiet": false,
        "reportFilename": "mochawesome",
        "saveHtml": false,
        "saveJson": true,
        "consoleReporter": "spec",
        "useInlineDiffs": false,
        "code": true
      },
      "version": "7.1.3"
    },
    "marge": {
      "options": {
        "overwrite": false,
        "html": false,
        "json": true,
        "reportDir": "cypress\\reports\\html\\.jsons"
      },
      "version": "6.2.0"
    }
  }
}