{
  "stats": {
    "suites": 1,
    "tests": 1,
    "passes": 0,
    "pending": 0,
    "failures": 1,
    "start": "2024-03-19T08:44:36.093Z",
    "end": "2024-03-19T08:44:37.594Z",
    "duration": 1501,
    "testsRegistered": 1,
    "passPercent": 0,
    "pendingPercent": 0,
    "other": 0,
    "hasOther": false,
    "skipped": 0,
    "hasSkipped": false
  },
  "results": [
    {
      "uuid": "9c026d86-8dec-43a2-8b7b-444cf0cd3234",
      "title": "",
      "fullFile": "cypress\\e2e\\ApiTesting\\Candidate\\Authentication\\c-get-userprofile.cy.js",
      "file": "cypress\\e2e\\ApiTesting\\Candidate\\Authentication\\c-get-userprofile.cy.js",
      "beforeHooks": [],
      "afterHooks": [],
      "tests": [],
      "suites": [
        {
          "uuid": "f83dad9a-69d1-4a2a-b9c0-7ba56b7382e8",
          "title": "GET profile with Authorization",
          "fullFile": "",
          "file": "",
          "beforeHooks": [],
          "afterHooks": [],
          "tests": [
            {
              "title": "should show profile request with authorization header",
              "fullTitle": "GET profile with Authorization should show profile request with authorization header",
              "timedOut": null,
              "duration": 1264,
              "state": "failed",
              "speed": null,
              "pass": false,
              "fail": true,
              "pending": false,
              "context": "{\n  \"title\": \"cypress-mochawesome-reporter-screenshots\",\n  \"value\": [\n    [\n      \"\\\\ApiTesting\\\\Candidate\\\\Authentication\\\\c-get-userprofile.cy.js\\\\GET profile with Authorization -- should show profile request with authorization header (failed).png\"\n    ]\n  ]\n}",
              "code": "cy.request({\n  method: 'GET',\n  url: 'https://veloxlabs.net/api/v2/candidate/get-profile',\n  headers: {\n    'Authorization': _constants.canToken\n  }\n}).then(response => {\n  expect(response.status).to.equal(200);\n  const candidateData = response.body.data;\n  expect(candidateData.id).to.equal(165);\n  expect(candidateData.name).to.equal('Dinesh Phuyel');\n  expect(candidateData.name_holder).to.equal('Mr');\n  expect(candidateData.phone).to.equal('9847161718');\n  expect(candidateData.email).to.equal('xgh@gh.com');\n  expect(candidateData.address).to.be.null; // Assuming address can be null\n  expect(candidateData.dob).to.equal('2005-03-11');\n  expect(candidateData.profile_image).to.equal('https://assets-prod.sumo.prod.webservices.mozgcp.net/static/default-FFA-avatar.2f8c2a0592bda1c5.png');\n  expect(candidateData.type).to.equal('candidate');\n});",
              "err": {
                "message": "AssertionError: expected 13 to equal 165",
                "estack": "AssertionError: expected 13 to equal 165\n    at Context.eval (webpack://veloxlab-hajir_cypress/./cypress/e2e/ApiTesting/Candidate/Authentication/c-get-userprofile.cy.js:20:34)",
                "diff": "- 13\n+ 165\n"
              },
              "uuid": "5d922f66-0701-4eaa-b972-2b7e7e0d4f45",
              "parentUUID": "f83dad9a-69d1-4a2a-b9c0-7ba56b7382e8",
              "isHook": false,
              "skipped": false
            }
          ],
          "suites": [],
          "passes": [],
          "failures": [
            "5d922f66-0701-4eaa-b972-2b7e7e0d4f45"
          ],
          "pending": [],
          "skipped": [],
          "duration": 1264,
          "root": false,
          "rootEmpty": false,
          "_timeout": 2000
        }
      ],
      "passes": [],
      "failures": [],
      "pending": [],
      "skipped": [],
      "duration": 0,
      "root": true,
      "rootEmpty": true,
      "_timeout": 2000
    }
  ],
  "meta": {
    "mocha": {
      "version": "7.0.1"
    },
    "mochawesome": {
      "options": {
        "quiet": false,
        "reportFilename": "mochawesome",
        "saveHtml": false,
        "saveJson": true,
        "consoleReporter": "spec",
        "useInlineDiffs": false,
        "code": true
      },
      "version": "7.1.3"
    },
    "marge": {
      "options": {
        "overwrite": false,
        "html": false,
        "json": true,
        "reportDir": "cypress\\reports\\html\\.jsons"
      },
      "version": "6.2.0"
    }
  }
}