{
  "stats": {
    "suites": 1,
    "tests": 2,
    "passes": 0,
    "pending": 0,
    "failures": 2,
    "start": "2024-03-19T08:39:01.873Z",
    "end": "2024-03-19T08:39:43.208Z",
    "duration": 41335,
    "testsRegistered": 4,
    "passPercent": 0,
    "pendingPercent": 0,
    "other": 0,
    "hasOther": false,
    "skipped": 2,
    "hasSkipped": true
  },
  "results": [
    {
      "uuid": "466dcb5a-8ce6-4c55-94c1-8e9a13c568a2",
      "title": "",
      "fullFile": "cypress\\e2e\\website-check\\updatecompany.cy.js",
      "file": "cypress\\e2e\\website-check\\updatecompany.cy.js",
      "beforeHooks": [],
      "afterHooks": [],
      "tests": [],
      "suites": [
        {
          "uuid": "c044e144-eb12-4c40-a600-face9f4d6eb8",
          "title": "Update existing company",
          "fullFile": "",
          "file": "",
          "beforeHooks": [],
          "afterHooks": [],
          "tests": [
            {
              "title": "should update company succesfully",
              "fullTitle": "Update existing company should update company succesfully",
              "timedOut": null,
              "duration": 15299,
              "state": "failed",
              "speed": null,
              "pass": false,
              "fail": true,
              "pending": false,
              "context": "{\n  \"title\": \"cypress-mochawesome-reporter-screenshots\",\n  \"value\": [\n    [\n      \"\\\\website-check\\\\updatecompany.cy.js\\\\Update existing company -- should update company succesfully (failed).png\"\n    ]\n  ]\n}",
              "code": "cy.get(\"//a[@class='MuiButtonBase-root MuiListItemButton-root MuiListItemButton-gutters Mui-selected MuiListItemButton-root MuiListItemButton-gutters Mui-selected mui-1qvrk9j']\").click();\ncy.get(\"//div[@id=':r1q:']\").click();\ncy.get(\"//li[normalize-space()='25']\").click();\ncy.get(\"(//button[@type='button'])[10]\").click();\ncy.get(\"//button[@type='button'])[55]\").click();\ncy.fixture('companynames.json').then(names => {\n  const randomName = names[Math.floor(Math.random() * names.length)];\n  cy.get(\"//input[@id=':rp:']\").type(randomName);\n});\ncy.get(\"button[type='submit']\").click();\ncy.on('window:alert', alertText => {\n  expect(alertText).to.contains('Company Successfully Updated.');\n  return true;\n});",
              "err": {
                "message": "Error: Syntax error, unrecognized expression: //a[@class='MuiButtonBase-root MuiListItemButton-root MuiListItemButton-gutters Mui-selected MuiListItemButton-root MuiListItemButton-gutters Mui-selected mui-1qvrk9j']",
                "estack": "Error: Syntax error, unrecognized expression: //a[@class='MuiButtonBase-root MuiListItemButton-root MuiListItemButton-gutters Mui-selected MuiListItemButton-root MuiListItemButton-gutters Mui-selected mui-1qvrk9j']\n    at Sizzle.error (https://hajirnext.vercel.app/__cypress/runner/cypress_runner.js:8470:8)\n    at Sizzle.tokenize (https://hajirnext.vercel.app/__cypress/runner/cypress_runner.js:9122:11)\n    at Sizzle.select (https://hajirnext.vercel.app/__cypress/runner/cypress_runner.js:9549:20)\n    at Function.Sizzle [as find] (https://hajirnext.vercel.app/__cypress/runner/cypress_runner.js:7774:9)\n    at jQuery.fn.init.find (https://hajirnext.vercel.app/__cypress/runner/cypress_runner.js:9805:11)\n    at new jQuery.fn.init (https://hajirnext.vercel.app/__cypress/runner/cypress_runner.js:9920:40)\n    at Object.query (https://hajirnext.vercel.app/__cypress/runner/cypress_runner.js:34703:10)\n    at $Cy.$$ (https://hajirnext.vercel.app/__cypress/runner/cypress_runner.js:140248:57)\n    at <unknown> (https://hajirnext.vercel.app/__cypress/runner/cypress_runner.js:132137:18)\n    at Object.subjectFn (https://hajirnext.vercel.app/__cypress/runner/cypress_runner.js:144040:16)\n    at $Cy.verifyUpcomingAssertions (https://hajirnext.vercel.app/__cypress/runner/cypress_runner.js:143384:31)\n    at onRetry (https://hajirnext.vercel.app/__cypress/runner/cypress_runner.js:144031:15)\n    at retryQuery (https://hajirnext.vercel.app/__cypress/runner/cypress_runner.js:144044:10)\n    at <unknown> (https://hajirnext.vercel.app/__cypress/runner/cypress_runner.js:144194:17)\n    at tryCatcher (https://hajirnext.vercel.app/__cypress/runner/cypress_runner.js:1807:23)\n    at Promise._settlePromiseFromHandler (https://hajirnext.vercel.app/__cypress/runner/cypress_runner.js:1519:31)\n    at Promise._settlePromise (https://hajirnext.vercel.app/__cypress/runner/cypress_runner.js:1576:18)\n    at Promise._settlePromiseCtx (https://hajirnext.vercel.app/__cypress/runner/cypress_runner.js:1613:10)\n    at _drainQueueStep (https://hajirnext.vercel.app/__cypress/runner/cypress_runner.js:2411:12)\n    at _drainQueue (https://hajirnext.vercel.app/__cypress/runner/cypress_runner.js:2400:9)\n    at Async._drainQueues (https://hajirnext.vercel.app/__cypress/runner/cypress_runner.js:2416:5)\n    at Async.drainQueues (https://hajirnext.vercel.app/__cypress/runner/cypress_runner.js:2286:14)",
                "diff": null
              },
              "uuid": "7d14aa07-5202-49d8-9a6d-f385b657d25f",
              "parentUUID": "c044e144-eb12-4c40-a600-face9f4d6eb8",
              "isHook": false,
              "skipped": false
            },
            {
              "title": "should inactive company successfully",
              "fullTitle": "Update existing company should inactive company successfully",
              "timedOut": null,
              "duration": 11945,
              "state": "failed",
              "speed": null,
              "pass": false,
              "fail": true,
              "pending": false,
              "context": "{\n  \"title\": \"cypress-mochawesome-reporter-screenshots\",\n  \"value\": [\n    [\n      \"\\\\website-check\\\\updatecompany.cy.js\\\\Update existing company -- should inactive company successfully -- before each hook (failed).png\"\n    ]\n  ]\n}",
              "code": "cy.get(\"//a[@class='MuiButtonBase-root MuiListItemButton-root MuiListItemButton-gutters Mui-selected MuiListItemButton-root MuiListItemButton-gutters Mui-selected mui-1qvrk9j']\").click();\ncy.get(\"//button[2]//div[1]\").click(); //click active company\ncy.get(\"//div[@id=':r1q:']\").click();\ncy.get(\"//li[normalize-space()='25']\").click();\ncy.get(\"(//button[@type='button'])[46]\").click();\ncy.get(\"//button[@class='MuiButtonBase-root MuiButton-root MuiButton-text MuiButton-textPrimary MuiButton-sizeMedium MuiButton-textSizeMedium MuiButton-root MuiButton-text MuiButton-textPrimary MuiButton-sizeMedium MuiButton-textSizeMedium mui-ob8l0e']\").click();\ncy.on('window:alert', alertText => {\n  expect(alertText).to.contains('Company has been Inactivated.');\n  return true;\n});",
              "err": {
                "message": "AssertionError: Timed out retrying after 4000ms: expected 'https://hajirnext.vercel.app/otp?phone=9861389660&otp=9844' to equal 'https://hajirnext.vercel.app/dashboard'\n\nBecause this error occurred during a `before each` hook we are skipping the remaining tests in the current suite: `Update existing company`",
                "estack": "AssertionError: Timed out retrying after 4000ms: expected 'https://hajirnext.vercel.app/otp?phone=9861389660&otp=9844' to equal 'https://hajirnext.vercel.app/dashboard'\n\nBecause this error occurred during a `before each` hook we are skipping the remaining tests in the current suite: `Update existing company`\n    at Context.eval (webpack://veloxlab-hajir_cypress/./cypress/e2e/website-check/updatecompany.cy.js:14:17)",
                "diff": "- '\\'https://hajirnext.vercel.app/otp?phone=9861389660&otp=9844\\''\n+ '\\'https://hajirnext.vercel.app/dashboard\\''\n"
              },
              "uuid": "3980cb83-88fc-40fd-86c9-4edcf4504b88",
              "parentUUID": "c044e144-eb12-4c40-a600-face9f4d6eb8",
              "isHook": false,
              "skipped": false
            },
            {
              "title": "should active company succesfully",
              "fullTitle": "Update existing company should active company succesfully",
              "timedOut": null,
              "duration": 0,
              "state": "skipped",
              "speed": null,
              "pass": false,
              "fail": false,
              "pending": false,
              "context": null,
              "code": "cy.get(\"//a[@class='MuiButtonBase-root MuiListItemButton-root MuiListItemButton-gutters Mui-selected MuiListItemButton-root MuiListItemButton-gutters Mui-selected mui-1qvrk9j']\").click();\ncy.get(\"//button[3]//div[1]\").click(); //click inactive company\ncy.get(\"//td[@class='MuiTableCell-root MuiTableCell-body MuiTableCell-sizeMedium mui-jygkmb']\").should('be.visible');\ncy.get(\"(//button[@type='button'])[55]\").click();\ncy.get(\"//button[@class='MuiButtonBase-root MuiButton-root MuiButton-text MuiButton-textPrimary MuiButton-sizeMedium MuiButton-textSizeMedium MuiButton-root MuiButton-text MuiButton-textPrimary MuiButton-sizeMedium MuiButton-textSizeMedium mui-ob8l0e']\").click();\ncy.on('window:alert', alertText => {\n  expect(alertText).to.contains('Company has been Activated Successfully.');\n  return true;\n});",
              "err": {},
              "uuid": "c0d20525-a7b2-4994-9c9a-c1c5d3b576a4",
              "parentUUID": "c044e144-eb12-4c40-a600-face9f4d6eb8",
              "isHook": false,
              "skipped": true
            },
            {
              "title": "should delete company succesfully",
              "fullTitle": "Update existing company should delete company succesfully",
              "timedOut": null,
              "duration": 0,
              "state": "skipped",
              "speed": null,
              "pass": false,
              "fail": false,
              "pending": false,
              "context": null,
              "code": "cy.get(\"//a[@class='MuiButtonBase-root MuiListItemButton-root MuiListItemButton-gutters Mui-selected MuiListItemButton-root MuiListItemButton-gutters Mui-selected mui-1qvrk9j']\").click();\ncy.get(\"//button[3]//div[1]\").click(); //click inactive company\ncy.get(\"//td[@class='MuiTableCell-root']\").should('be.visible');\ncy.get(\"(//button[@type='button'])[54]\").click();\ncy.get(\"//button[@class='MuiButtonBase-root']\").click();\ncy.on('window:alert', alertText => {\n  expect(alertText).to.contains('Company has been Deleted.');\n  return true;\n});",
              "err": {},
              "uuid": "870dd573-4385-4e0b-a20e-859a74b82635",
              "parentUUID": "c044e144-eb12-4c40-a600-face9f4d6eb8",
              "isHook": false,
              "skipped": true
            }
          ],
          "suites": [],
          "passes": [],
          "failures": [
            "7d14aa07-5202-49d8-9a6d-f385b657d25f",
            "3980cb83-88fc-40fd-86c9-4edcf4504b88"
          ],
          "pending": [],
          "skipped": [
            "c0d20525-a7b2-4994-9c9a-c1c5d3b576a4",
            "870dd573-4385-4e0b-a20e-859a74b82635"
          ],
          "duration": 27244,
          "root": false,
          "rootEmpty": false,
          "_timeout": 2000
        }
      ],
      "passes": [],
      "failures": [],
      "pending": [],
      "skipped": [],
      "duration": 0,
      "root": true,
      "rootEmpty": true,
      "_timeout": 2000
    }
  ],
  "meta": {
    "mocha": {
      "version": "7.0.1"
    },
    "mochawesome": {
      "options": {
        "quiet": false,
        "reportFilename": "mochawesome",
        "saveHtml": false,
        "saveJson": true,
        "consoleReporter": "spec",
        "useInlineDiffs": false,
        "code": true
      },
      "version": "7.1.3"
    },
    "marge": {
      "options": {
        "overwrite": false,
        "html": false,
        "json": true,
        "reportDir": "cypress\\reports\\html\\.jsons"
      },
      "version": "6.2.0"
    }
  }
}