{
  "stats": {
    "suites": 1,
    "tests": 1,
    "passes": 0,
    "pending": 0,
    "failures": 1,
    "start": "2024-03-19T08:56:46.304Z",
    "end": "2024-03-19T08:56:49.045Z",
    "duration": 2741,
    "testsRegistered": 1,
    "passPercent": 0,
    "pendingPercent": 0,
    "other": 0,
    "hasOther": false,
    "skipped": 0,
    "hasSkipped": false
  },
  "results": [
    {
      "uuid": "2f089b42-aec7-4fc6-bbd4-d0af6fe04461",
      "title": "",
      "fullFile": "cypress\\e2e\\ApiTesting\\Employeer\\Candidate\\Canidiate-Crud\\e-get-alldepartments.cy.js",
      "file": "cypress\\e2e\\ApiTesting\\Employeer\\Candidate\\Canidiate-Crud\\e-get-alldepartments.cy.js",
      "beforeHooks": [],
      "afterHooks": [],
      "tests": [],
      "suites": [
        {
          "uuid": "d37186ff-e202-4ccc-acfe-33627c295d5a",
          "title": "get all departments ",
          "fullFile": "",
          "file": "",
          "beforeHooks": [],
          "afterHooks": [],
          "tests": [
            {
              "title": "should be able to get all departments",
              "fullTitle": "get all departments  should be able to get all departments",
              "timedOut": null,
              "duration": 2099,
              "state": "failed",
              "speed": null,
              "pass": false,
              "fail": true,
              "pending": false,
              "context": "{\n  \"title\": \"cypress-mochawesome-reporter-screenshots\",\n  \"value\": [\n    [\n      \"\\\\ApiTesting\\\\Employeer\\\\Candidate\\\\Canidiate-Crud\\\\e-get-alldepartments.cy.js\\\\get all departments -- should be able to get all departments (failed).png\"\n    ]\n  ]\n}",
              "code": "cy.request({\n  method: 'GET',\n  url: 'https://veloxlabs.net/api/v2/employer/all-departments',\n  headers: {\n    'Authorization': _constants.empToken\n  }\n}).then(response => {\n  expect(response.status).to.equal(200);\n  expect(response.status).to.equal(\"success\");\n  expect(response.message).to.equal(\"Successfully Fetched.\");\n  expect(response.data.departments).to.be.an('array');\n  expect(response.data.departments).to.have.lengthOf(31);\n  expect(response.data.departments[0].id).to.equal(1);\n  expect(response.data.departments[0].name).to.equal(\"Administration\");\n  expect(response.data.departments[1].id).to.equal(2);\n  expect(response.data.departments[1].name).to.equal(\"Information Technology\");\n});",
              "err": {
                "message": "AssertionError: expected 200 to equal 'success'",
                "estack": "AssertionError: expected 200 to equal 'success'\n    at Context.eval (webpack://veloxlab-hajir_cypress/./cypress/e2e/ApiTesting/Employeer/Candidate/Canidiate-Crud/e-get-alldepartments.cy.js:18:35)",
                "diff": "- 200\n+ 'success'\n"
              },
              "uuid": "fa7a6203-654d-4a7b-81f7-eb7b2e076c30",
              "parentUUID": "d37186ff-e202-4ccc-acfe-33627c295d5a",
              "isHook": false,
              "skipped": false
            }
          ],
          "suites": [],
          "passes": [],
          "failures": [
            "fa7a6203-654d-4a7b-81f7-eb7b2e076c30"
          ],
          "pending": [],
          "skipped": [],
          "duration": 2099,
          "root": false,
          "rootEmpty": false,
          "_timeout": 2000
        }
      ],
      "passes": [],
      "failures": [],
      "pending": [],
      "skipped": [],
      "duration": 0,
      "root": true,
      "rootEmpty": true,
      "_timeout": 2000
    }
  ],
  "meta": {
    "mocha": {
      "version": "7.0.1"
    },
    "mochawesome": {
      "options": {
        "quiet": false,
        "reportFilename": "mochawesome",
        "saveHtml": false,
        "saveJson": true,
        "consoleReporter": "spec",
        "useInlineDiffs": false,
        "code": true
      },
      "version": "7.1.3"
    },
    "marge": {
      "options": {
        "overwrite": false,
        "html": false,
        "json": true,
        "reportDir": "cypress\\reports\\html\\.jsons"
      },
      "version": "6.2.0"
    }
  }
}