{
  "stats": {
    "suites": 1,
    "tests": 1,
    "passes": 0,
    "pending": 0,
    "failures": 1,
    "start": "2024-03-19T08:57:49.004Z",
    "end": "2024-03-19T08:57:50.122Z",
    "duration": 1118,
    "testsRegistered": 1,
    "passPercent": 0,
    "pendingPercent": 0,
    "other": 0,
    "hasOther": false,
    "skipped": 0,
    "hasSkipped": false
  },
  "results": [
    {
      "uuid": "5b164683-f234-4ba0-a5fd-a5836e288506",
      "title": "",
      "fullFile": "cypress\\e2e\\ApiTesting\\Employeer\\Candidate\\Canidiate-Crud\\e-post-candidateupdate.cy.js",
      "file": "cypress\\e2e\\ApiTesting\\Employeer\\Candidate\\Canidiate-Crud\\e-post-candidateupdate.cy.js",
      "beforeHooks": [],
      "afterHooks": [],
      "tests": [],
      "suites": [
        {
          "uuid": "3375173a-a4de-4382-80d9-5f9442b6e322",
          "title": "Update Candidate",
          "fullFile": "",
          "file": "",
          "beforeHooks": [],
          "afterHooks": [],
          "tests": [
            {
              "title": "should be able to update candidate",
              "fullTitle": "Update Candidate should be able to update candidate",
              "timedOut": null,
              "duration": 812,
              "state": "failed",
              "speed": null,
              "pass": false,
              "fail": true,
              "pending": false,
              "context": "{\n  \"title\": \"cypress-mochawesome-reporter-screenshots\",\n  \"value\": [\n    [\n      \"\\\\ApiTesting\\\\Employeer\\\\Candidate\\\\Canidiate-Crud\\\\e-post-candidateupdate.cy.js\\\\Update Candidate -- should be able to update candidate (failed).png\"\n    ]\n  ]\n}",
              "code": "cy.request({\n  method: 'POST',\n  url: `https://veloxlabs.net/api/v2/employer/candidate/update/${_constants.companyId}/${_constants.candidateId}`,\n  headers: {\n    'Authorization': _constants.empToken\n  },\n  body: {\n    \"name_holder\": \"Mr\",\n    //required string\n    \"name\": \"Roshan Pokharell\",\n    // required\n    \"code\": \"C-22222\",\n    // required\n    \"contact\": candidatePhone,\n    // required\n    \"designation\": \"QA\",\n    // required \n    \"marriage_status\": \"Unmarried\",\n    //required enum['Married', 'Unmarried'] \n    \"salary_type\": \"Weekly\",\n    // required - enum ['Weekly', 'Monthly']\n    \"salary\": \"Fixed\",\n    // required - enum ['Fixed', 'Breakdown']\n    \"salary_amount\": 20000.00,\n    // required - double\n    \"allowance_amount\": 2000.00,\n    // nullable - double\n    \"joining_date\": \"2024-02-22\",\n    // required - date \n    \"working_hours\": \"8:00\",\n    // required\n    \"duty_time\": \"08:00\",\n    // required - time\n    \"probation_period\": 1,\n    // required - unsignedBigInt\n    \"break_duration\": \"30\",\n    // required - min/hr to seconds - string\n    \"departments\": [1, 2, 3],\n    // required - array - api:<<globalLiveUrl>>/employer/all-departments  \n    \"allow_late_attendance\": \"30\",\n    // nullable -time\n    \"casual_leave\": 6,\n    //required - unsignedInteger\n    \"sick_leave\": 7,\n    //required - unsignedInteger\n    \"overtime_ratio\": 1.2,\n    // double(2.2)\n    \"overtime_hrs\": 1,\n    // float(2.2)\n    \"week_days_off\": [1, 7],\n    // array\n    \"allow_network_access\": \"All Net\" // required - enum['All Net', 'QR']\n  }\n}).then(response => {\n  expect(response.status).to.equal(200);\n  expect(response.body.status).to.equal(\"success\");\n});",
              "err": {
                "message": "ReferenceError: candidatePhone is not defined",
                "estack": "ReferenceError: candidatePhone is not defined\n    at Context.eval (webpack://veloxlab-hajir_cypress/./cypress/e2e/ApiTesting/Employeer/Candidate/Canidiate-Crud/e-post-candidateupdate.cy.js:19:28)",
                "diff": null
              },
              "uuid": "818df116-b51a-4788-b49f-92a7cddfcec2",
              "parentUUID": "3375173a-a4de-4382-80d9-5f9442b6e322",
              "isHook": false,
              "skipped": false
            }
          ],
          "suites": [],
          "passes": [],
          "failures": [
            "818df116-b51a-4788-b49f-92a7cddfcec2"
          ],
          "pending": [],
          "skipped": [],
          "duration": 812,
          "root": false,
          "rootEmpty": false,
          "_timeout": 2000
        }
      ],
      "passes": [],
      "failures": [],
      "pending": [],
      "skipped": [],
      "duration": 0,
      "root": true,
      "rootEmpty": true,
      "_timeout": 2000
    }
  ],
  "meta": {
    "mocha": {
      "version": "7.0.1"
    },
    "mochawesome": {
      "options": {
        "quiet": false,
        "reportFilename": "mochawesome",
        "saveHtml": false,
        "saveJson": true,
        "consoleReporter": "spec",
        "useInlineDiffs": false,
        "code": true
      },
      "version": "7.1.3"
    },
    "marge": {
      "options": {
        "overwrite": false,
        "html": false,
        "json": true,
        "reportDir": "cypress\\reports\\html\\.jsons"
      },
      "version": "6.2.0"
    }
  }
}