{
  "stats": {
    "suites": 1,
    "tests": 1,
    "passes": 0,
    "pending": 0,
    "failures": 1,
    "start": "2024-03-19T08:40:53.985Z",
    "end": "2024-03-19T08:41:00.144Z",
    "duration": 6159,
    "testsRegistered": 1,
    "passPercent": 0,
    "pendingPercent": 0,
    "other": 0,
    "hasOther": false,
    "skipped": 0,
    "hasSkipped": false
  },
  "results": [
    {
      "uuid": "797ee11f-9a8d-4f59-a6b6-d6bb4f5ae24f",
      "title": "",
      "fullFile": "cypress\\e2e\\ApiTesting\\Candidate\\c-get-cantodaydetail.cy.js",
      "file": "cypress\\e2e\\ApiTesting\\Candidate\\c-get-cantodaydetail.cy.js",
      "beforeHooks": [],
      "afterHooks": [],
      "tests": [],
      "suites": [
        {
          "uuid": "b69cab28-4362-4d29-8076-d28b7c392bfb",
          "title": "Get candidate today detail  ",
          "fullFile": "",
          "file": "",
          "beforeHooks": [],
          "afterHooks": [],
          "tests": [
            {
              "title": "should be able get candidate today detail ",
              "fullTitle": "Get candidate today detail   should be able get candidate today detail ",
              "timedOut": null,
              "duration": 5301,
              "state": "failed",
              "speed": null,
              "pass": false,
              "fail": true,
              "pending": false,
              "context": "{\n  \"title\": \"cypress-mochawesome-reporter-screenshots\",\n  \"value\": [\n    [\n      \"\\\\ApiTesting\\\\Candidate\\\\c-get-cantodaydetail.cy.js\\\\Get candidate today detail -- should be able get candidate today detail (failed).png\"\n    ]\n  ]\n}",
              "code": "cy.request({\n  method: 'GET',\n  url: `https://veloxlabs.net/api/v2/candidate/today-details/${_constants.companyId}`,\n  headers: {\n    'Authorization': _constants.canToken\n  }\n}).then(response => {\n  expect(response.status).to.equal(200);\n  expect(response.body.status).to.equal(\"success\");\n  expect(response.body.message).to.equal(\"Successfully Fetched\");\n  expect(response.body.data.id).to.be.a('number');\n  expect(response.body.data.candidate_id).to.be.a('number');\n  expect(response.body.data.company_id).to.be.a('number');\n  expect(response.body.data.candidate_code).to.be.a('string');\n  expect(response.body.data.attendance_id).to.be.a('number');\n  expect(response.body.data.start_time).to.be.a('number');\n  expect(response.body.data.end_time).to.be.a('number');\n  expect(response.body.data.today_earning).to.be.a('number');\n  expect(response.body.data.today_overtime_earning).to.be.a('number');\n  expect(response.body.data.status).to.be.a('string');\n  expect(response.body.data.today_hour_work).to.be.a('number');\n  expect(response.body.data.per_minute_salary).to.be.a('number');\n  expect(response.body.data.break_limit).to.be.a('number');\n  expect(response.body.data.total_earning).to.be.a('number');\n  expect(response.body.data.overtime_ratio).to.be.a('number');\n  expect(response.body.data.overtime_hr).to.be.a('number');\n  expect(response.body.data.duty_time).to.be.a('number');\n  expect(response.body.data.duty_end_time).to.be.a('number');\n  expect(response.body.data.daily_salary).to.be.a('number');\n  expect(response.body.data.allow_network_access).to.be.a('string');\n  expect(response.body.data.attendance_time).to.be.a('string');\n  expect(response.body.data.total_break_time_taken).to.be.a('string');\n  expect(response.body.data.breaks).to.deep.equal([]);\n  expect(response.body.data.current_break).to.be.a('string');\n});",
              "err": {
                "message": "AssertionError: expected 'Successfully Fetched.' to equal 'Successfully Fetched'",
                "estack": "AssertionError: expected 'Successfully Fetched.' to equal 'Successfully Fetched'\n    at Context.eval (webpack://veloxlab-hajir_cypress/./cypress/e2e/ApiTesting/Candidate/c-get-cantodaydetail.cy.js:19:45)",
                "diff": "- 'Successfully Fetched.'\n+ 'Successfully Fetched'\n"
              },
              "uuid": "8005c98f-c946-42ef-bcfd-4659253f0e0c",
              "parentUUID": "b69cab28-4362-4d29-8076-d28b7c392bfb",
              "isHook": false,
              "skipped": false
            }
          ],
          "suites": [],
          "passes": [],
          "failures": [
            "8005c98f-c946-42ef-bcfd-4659253f0e0c"
          ],
          "pending": [],
          "skipped": [],
          "duration": 5301,
          "root": false,
          "rootEmpty": false,
          "_timeout": 2000
        }
      ],
      "passes": [],
      "failures": [],
      "pending": [],
      "skipped": [],
      "duration": 0,
      "root": true,
      "rootEmpty": true,
      "_timeout": 2000
    }
  ],
  "meta": {
    "mocha": {
      "version": "7.0.1"
    },
    "mochawesome": {
      "options": {
        "quiet": false,
        "reportFilename": "mochawesome",
        "saveHtml": false,
        "saveJson": true,
        "consoleReporter": "spec",
        "useInlineDiffs": false,
        "code": true
      },
      "version": "7.1.3"
    },
    "marge": {
      "options": {
        "overwrite": false,
        "html": false,
        "json": true,
        "reportDir": "cypress\\reports\\html\\.jsons"
      },
      "version": "6.2.0"
    }
  }
}