{
  "stats": {
    "suites": 1,
    "tests": 1,
    "passes": 0,
    "pending": 0,
    "failures": 1,
    "start": "2024-03-19T08:48:54.257Z",
    "end": "2024-03-19T08:48:55.591Z",
    "duration": 1334,
    "testsRegistered": 1,
    "passPercent": 0,
    "pendingPercent": 0,
    "other": 0,
    "hasOther": false,
    "skipped": 0,
    "hasSkipped": false
  },
  "results": [
    {
      "uuid": "bdcc96f6-c234-4e36-863e-26d2844ae1a7",
      "title": "",
      "fullFile": "cypress\\e2e\\ApiTesting\\Candidate\\Missing\\c-post-missingleave.cy.js",
      "file": "cypress\\e2e\\ApiTesting\\Candidate\\Missing\\c-post-missingleave.cy.js",
      "beforeHooks": [],
      "afterHooks": [],
      "tests": [],
      "suites": [
        {
          "uuid": "7e06b715-f780-46d9-a7b5-b97288408447",
          "title": "Post missing Leave",
          "fullFile": "",
          "file": "",
          "beforeHooks": [],
          "afterHooks": [],
          "tests": [
            {
              "title": "should be able to post missing Leave  ",
              "fullTitle": "Post missing Leave should be able to post missing Leave  ",
              "timedOut": null,
              "duration": 1145,
              "state": "failed",
              "speed": null,
              "pass": false,
              "fail": true,
              "pending": false,
              "context": "{\n  \"title\": \"cypress-mochawesome-reporter-screenshots\",\n  \"value\": [\n    [\n      \"\\\\ApiTesting\\\\Candidate\\\\Missing\\\\c-post-missingleave.cy.js\\\\Post missing Leave -- should be able to post missing Leave (failed).png\"\n    ]\n  ]\n}",
              "code": "cy.request({\n  method: 'POST',\n  url: 'https://veloxlabs.net/api/v2/candidate/approver/missing-leave-submit',\n  headers: {\n    'Authorization': _constants.canToken\n  },\n  body: {\n    'start_time': \"8:00:00\",\n    'end_time': \"2:00:00\",\n    'company_id': `${_constants.companyId}`,\n    'candidate_id': 15,\n    'leave_type': 1,\n    'attendance_date': \"3/18/2024\",\n    'overtime': \"00:10\"\n  }\n}).then(response => {\n  expect(response.status).to.equal(200);\n  expect(response.body.status).to.equal(\"success\");\n  expect(response.body.message).to.equal(\"Successfully Saved\");\n});",
              "err": {
                "message": "AssertionError: expected 'error' to equal 'success'",
                "estack": "AssertionError: expected 'error' to equal 'success'\n    at Context.eval (webpack://veloxlab-hajir_cypress/./cypress/e2e/ApiTesting/Candidate/Missing/c-post-missingleave.cy.js:30:44)",
                "diff": "- 'error'\n+ 'success'\n"
              },
              "uuid": "4a1a11e8-e953-4808-af8b-f29174308e4f",
              "parentUUID": "7e06b715-f780-46d9-a7b5-b97288408447",
              "isHook": false,
              "skipped": false
            }
          ],
          "suites": [],
          "passes": [],
          "failures": [
            "4a1a11e8-e953-4808-af8b-f29174308e4f"
          ],
          "pending": [],
          "skipped": [],
          "duration": 1145,
          "root": false,
          "rootEmpty": false,
          "_timeout": 2000
        }
      ],
      "passes": [],
      "failures": [],
      "pending": [],
      "skipped": [],
      "duration": 0,
      "root": true,
      "rootEmpty": true,
      "_timeout": 2000
    }
  ],
  "meta": {
    "mocha": {
      "version": "7.0.1"
    },
    "mochawesome": {
      "options": {
        "quiet": false,
        "reportFilename": "mochawesome",
        "saveHtml": false,
        "saveJson": true,
        "consoleReporter": "spec",
        "useInlineDiffs": false,
        "code": true
      },
      "version": "7.1.3"
    },
    "marge": {
      "options": {
        "overwrite": false,
        "html": false,
        "json": true,
        "reportDir": "cypress\\reports\\html\\.jsons"
      },
      "version": "6.2.0"
    }
  }
}