{
  "stats": {
    "suites": 1,
    "tests": 1,
    "passes": 0,
    "pending": 0,
    "failures": 1,
    "start": "2024-03-19T08:52:27.022Z",
    "end": "2024-03-19T08:52:28.628Z",
    "duration": 1606,
    "testsRegistered": 1,
    "passPercent": 0,
    "pendingPercent": 0,
    "other": 0,
    "hasOther": false,
    "skipped": 0,
    "hasSkipped": false
  },
  "results": [
    {
      "uuid": "be77400c-9f3a-4a0a-9a39-ec924aad4cfe",
      "title": "",
      "fullFile": "cypress\\e2e\\ApiTesting\\Employeer\\employerofthemonth\\e-get-empofthemonth.cy.js",
      "file": "cypress\\e2e\\ApiTesting\\Employeer\\employerofthemonth\\e-get-empofthemonth.cy.js",
      "beforeHooks": [],
      "afterHooks": [],
      "tests": [],
      "suites": [
        {
          "uuid": "d1871381-b1e5-4b24-8953-d5aa84909c0c",
          "title": "Candidate store",
          "fullFile": "",
          "file": "",
          "beforeHooks": [],
          "afterHooks": [],
          "tests": [
            {
              "title": "should be able to store candiate",
              "fullTitle": "Candidate store should be able to store candiate",
              "timedOut": null,
              "duration": 1331,
              "state": "failed",
              "speed": null,
              "pass": false,
              "fail": true,
              "pending": false,
              "context": "{\n  \"title\": \"cypress-mochawesome-reporter-screenshots\",\n  \"value\": [\n    [\n      \"\\\\ApiTesting\\\\Employeer\\\\employerofthemonth\\\\e-get-empofthemonth.cy.js\\\\Candidate store -- should be able to store candiate (failed).png\"\n    ]\n  ]\n}",
              "code": "cy.request({\n  method: 'GET',\n  url: 'https://veloxlabs.net/api/v2/employer/employee-of-the-month',\n  headers: {\n    'Authorization': _constants.empToken\n  },\n  body: {\n    \"year\": 2024\n  }\n}).then(response => {\n  expect(response.status).to.equal(200);\n  expect(response.body.status).to.equal('success');\n  expect(response.body.message).to.equal('Employee of the month Fetched');\n  expect(response.body.data).to.be.an('array').that.is.not.empty;\n  response.body.data.forEach(item => {\n    expect(item).to.have.property('id').that.is.a('number');\n    expect(item).to.have.property('company_id').that.is.a('number');\n    expect(item).to.have.property('candidate_id').that.is.a('number');\n    expect(item).to.have.property('date').that.is.a('string');\n    expect(item).to.have.property('created_at').that.is.null;\n    expect(item).to.have.property('updated_at').that.is.null;\n  });\n});",
              "err": {
                "message": "CypressError: `cy.request()` failed on:\n\nhttps://veloxlabs.net/api/v2/employer/employee-of-the-month\n\nThe response we received from your web server was:\n\n  > 404: Not Found\n\nThis was considered a failure because the status code was not `2xx` or `3xx`.\n\nIf you do not want status codes to cause failures pass the option: `failOnStatusCode: false`\n\n-----------------------------------------------------------\n\nThe request we sent was:\n\nMethod: GET\nURL: https://veloxlabs.net/api/v2/employer/employee-of-the-month\nHeaders: {\n  \"Connection\": \"keep-alive\",\n  \"Authorization\": \"Bearer eyJ0eXAiOiJKV1QiLCJhbGciOiJSUzI1NiJ9.eyJhdWQiOiIxIiwianRpIjoiYWUwNDg4NGFkNzg1ZDM5ZWMwZTFmNjJlYTM2MjNiOGYxNDMxMWZiMjE4OWE2MTMxNTc1MGJhN2JhM2E1YjMwMzkwYjI0NWQxNzE4MTk1NGQiLCJpYXQiOjE3MTA4MzY2OTAuNTIyMTYxLCJuYmYiOjE3MTA4MzY2OTAuNTIyMTYzLCJleHAiOjE3NDIzNzI2OTAuNTE5NjI2LCJzdWIiOiIyIiwic2NvcGVzIjpbXX0.gz3YYAQMbQ26zy6O71nZCk9YaoGKYs3xLdHhN4WI0tcTFknsYwsbzqGL8ya9HueqRNi8fJUH5k64Q14wmxfYCF4td1fV_V_402eIIQO5gIdIfddJr1NwzHkEVwewIYsN-44_UJvZVXlKz0ctGFW6roj2ZI4Rb7e-gOASRw8A0CUomYt5BrEgF4qB1-RtIQmev7VydTO9GWfYLv59r22cDPYZBpEtzIvsKPyFJt_W8EHKN-MajLZmj7qZfi-wZfk2UoDr1LfNsRd8scVSNehAAiTaLGtYqvQqyO0dFzncVQyRXdIRuK-l6p4-Two_5QpNX0U21cypfHXJ-wKuU4LG11pSUeZKMBvzkr8RPkcVd8AKIpnyiu1oMWvRdIJQ55vCxVzECQ9sHFriNH8_qeCu9t4V0Nkal5cvaCXv9nTTYdk5M_aezS1mxVNWqDH5z8DXF5uJ3DamnviwQ8hj_iOxeDqof0lUZqcIwkTcD7KuJraN5yv5hhQoVd2g1IkL_mzxN2o61GsMeqBLuIUdkmYNqfeC1PhCn-F3z7Td0a9bSdtaADP_bH9p-2xeDFFT3SG3lSdpVPoQ2RI5_ZI3uK6EtrIbxtnPqS4H2KasAey7HKpDg3NwSjcepvYC0U4_13lP7jKyP7rO-SWk-NjIcFoDOQlIlOxoAXGXG1hcE0CzjrQ\",\n  \"user-agent\": \"Mozilla/5.0 (Windows NT 10.0; Win64; x64) AppleWebKit/537.36 (KHTML, like Gecko) Cypress/13.6.6 Chrome/118.0.5993.159 Electron/27.1.3 Safari/537.36\",\n  \"accept\": \"*/*\",\n  \"accept-encoding\": \"gzip, deflate\",\n  \"content-type\": \"application/json\",\n  \"content-length\": 13\n}\nBody: {\"year\":2024}\n\n-----------------------------------------------------------\n\nThe response we got was:\n\nStatus: 404 - Not Found\nHeaders: {\n  \"date\": \"Tue, 19 Mar 2024 08:52:26 GMT\",\n  \"content-type\": \"text/html; charset=UTF-8\",\n  \"transfer-encoding\": \"chunked\",\n  \"connection\": \"keep-alive\",\n  \"vary\": \"Authorization\",\n  \"cache-control\": \"no-cache, private\",\n  \"access-control-allow-origin\": \"*\",\n  \"cf-cache-status\": \"DYNAMIC\",\n  \"report-to\": \"{\\\"endpoints\\\":[{\\\"url\\\":\\\"https:\\\\/\\\\/a.nel.cloudflare.com\\\\/report\\\\/v4?s=e6FPdivwjSOOHJFywm0flnpWJppiFVhhXZSPUTG0Fcah3cd8JhRo5ihkPF%2FgpT2lnpKbjOUQVMfFQTW3HxsVnHByBSOcx6%2FMpqacHbbBVGXEiMSBg2nHwIzuLvtBcWlz\\\"}],\\\"group\\\":\\\"cf-nel\\\",\\\"max_age\\\":604800}\",\n  \"nel\": \"{\\\"success_fraction\\\":0,\\\"report_to\\\":\\\"cf-nel\\\",\\\"max_age\\\":604800}\",\n  \"server\": \"cloudflare\",\n  \"cf-ray\": \"866c39f0ff8e7f58-KTM\",\n  \"content-encoding\": \"gzip\",\n  \"alt-svc\": \"h3=\\\":443\\\"; ma=86400\"\n}\nBody: <!DOCTYPE html>\n<html lang=\"en\">\n    <head>\n        <meta charset=\"utf-8\">\n        <meta name=\"viewport\" content=\"width=device-width, initial-scale=1\">\n\n        <title>Not Found</title>\n\n        <!-- Fonts -->\n        <link rel=\"preconnect\" href=\"https://fonts.gstatic.com\">\n        <link href=\"https://fonts.googleapis.com/css2?family=Nunito&display=swap\" rel=\"stylesheet\">\n\n        <style>\n  /*! normalize.css v8.0.1 | MIT License | github.com/necolas/normalize.css */html{line-height:1.15;-webkit-text-size-adjust:100%}body{margin:0}a{background-color:transparent}code{font-family:monospace,monospace;font-size:1em}[hidden]{display:none}html{font-family:system-ui,-apple-system,BlinkMacSystemFont,Segoe UI,Roboto,Helvetica Neue,Arial,Noto Sans,sans-serif,Apple Color Emoji,Segoe UI Emoji,Segoe UI Symbol,Noto Color Emoji;line-height:1.5}*,:after,:before{box-sizing:border-box;border:0 solid #e2e8f0}a{color:inherit;text-decoration:inherit}code{font-family:Menlo,Monaco,Consolas,Liberation Mono,Courier New,monospace}svg,video{display:block;vertical-align:middle}video{max-width:100%;height:auto}.bg-white{--bg-opacity:1;background-color:#fff;background-color:rgba(255,255,255,var(--bg-opacity))}.bg-gray-100{--bg-opacity:1;background-color:#f7fafc;background-color:rgba(247,250,252,var(--bg-opacity))}.border-gray-200{--border-opacity:1;border-color:#edf2f7;border-color:rgba(237,242,247,var(--border-opacity))}.border-gray-400{--border-opacity:1;border-color:#cbd5e0;border-color:rgba(203,213,224,var(--border-opacity))}.border-t{border-top-width:1px}.border-r{border-right-width:1px}.flex{display:flex}.grid{display:grid}.hidden{display:none}.items-center{align-items:center}.justify-center{justify-content:center}.font-semibold{font-weight:600}.h-5{height:1.25rem}.h-8{height:2rem}.h-16{height:4rem}.text-sm{font-size:.875rem}.text-lg{font-size:1.125rem}.leading-7{line-height:1.75rem}.mx-auto{margin-left:auto;margin-right:auto}.ml-1{margin-left:.25rem}.mt-2{margin-top:.5rem}.mr-...\n\n\nhttps://on.cypress.io/request",
                "estack": "CypressError: `cy.request()` failed on:\n\nhttps://veloxlabs.net/api/v2/employer/employee-of-the-month\n\nThe response we received from your web server was:\n\n  > 404: Not Found\n\nThis was considered a failure because the status code was not `2xx` or `3xx`.\n\nIf you do not want status codes to cause failures pass the option: `failOnStatusCode: false`\n\n-----------------------------------------------------------\n\nThe request we sent was:\n\nMethod: GET\nURL: https://veloxlabs.net/api/v2/employer/employee-of-the-month\nHeaders: {\n  \"Connection\": \"keep-alive\",\n  \"Authorization\": \"Bearer eyJ0eXAiOiJKV1QiLCJhbGciOiJSUzI1NiJ9.eyJhdWQiOiIxIiwianRpIjoiYWUwNDg4NGFkNzg1ZDM5ZWMwZTFmNjJlYTM2MjNiOGYxNDMxMWZiMjE4OWE2MTMxNTc1MGJhN2JhM2E1YjMwMzkwYjI0NWQxNzE4MTk1NGQiLCJpYXQiOjE3MTA4MzY2OTAuNTIyMTYxLCJuYmYiOjE3MTA4MzY2OTAuNTIyMTYzLCJleHAiOjE3NDIzNzI2OTAuNTE5NjI2LCJzdWIiOiIyIiwic2NvcGVzIjpbXX0.gz3YYAQMbQ26zy6O71nZCk9YaoGKYs3xLdHhN4WI0tcTFknsYwsbzqGL8ya9HueqRNi8fJUH5k64Q14wmxfYCF4td1fV_V_402eIIQO5gIdIfddJr1NwzHkEVwewIYsN-44_UJvZVXlKz0ctGFW6roj2ZI4Rb7e-gOASRw8A0CUomYt5BrEgF4qB1-RtIQmev7VydTO9GWfYLv59r22cDPYZBpEtzIvsKPyFJt_W8EHKN-MajLZmj7qZfi-wZfk2UoDr1LfNsRd8scVSNehAAiTaLGtYqvQqyO0dFzncVQyRXdIRuK-l6p4-Two_5QpNX0U21cypfHXJ-wKuU4LG11pSUeZKMBvzkr8RPkcVd8AKIpnyiu1oMWvRdIJQ55vCxVzECQ9sHFriNH8_qeCu9t4V0Nkal5cvaCXv9nTTYdk5M_aezS1mxVNWqDH5z8DXF5uJ3DamnviwQ8hj_iOxeDqof0lUZqcIwkTcD7KuJraN5yv5hhQoVd2g1IkL_mzxN2o61GsMeqBLuIUdkmYNqfeC1PhCn-F3z7Td0a9bSdtaADP_bH9p-2xeDFFT3SG3lSdpVPoQ2RI5_ZI3uK6EtrIbxtnPqS4H2KasAey7HKpDg3NwSjcepvYC0U4_13lP7jKyP7rO-SWk-NjIcFoDOQlIlOxoAXGXG1hcE0CzjrQ\",\n  \"user-agent\": \"Mozilla/5.0 (Windows NT 10.0; Win64; x64) AppleWebKit/537.36 (KHTML, like Gecko) Cypress/13.6.6 Chrome/118.0.5993.159 Electron/27.1.3 Safari/537.36\",\n  \"accept\": \"*/*\",\n  \"accept-encoding\": \"gzip, deflate\",\n  \"content-type\": \"application/json\",\n  \"content-length\": 13\n}\nBody: {\"year\":2024}\n\n-----------------------------------------------------------\n\nThe response we got was:\n\nStatus: 404 - Not Found\nHeaders: {\n  \"date\": \"Tue, 19 Mar 2024 08:52:26 GMT\",\n  \"content-type\": \"text/html; charset=UTF-8\",\n  \"transfer-encoding\": \"chunked\",\n  \"connection\": \"keep-alive\",\n  \"vary\": \"Authorization\",\n  \"cache-control\": \"no-cache, private\",\n  \"access-control-allow-origin\": \"*\",\n  \"cf-cache-status\": \"DYNAMIC\",\n  \"report-to\": \"{\\\"endpoints\\\":[{\\\"url\\\":\\\"https:\\\\/\\\\/a.nel.cloudflare.com\\\\/report\\\\/v4?s=e6FPdivwjSOOHJFywm0flnpWJppiFVhhXZSPUTG0Fcah3cd8JhRo5ihkPF%2FgpT2lnpKbjOUQVMfFQTW3HxsVnHByBSOcx6%2FMpqacHbbBVGXEiMSBg2nHwIzuLvtBcWlz\\\"}],\\\"group\\\":\\\"cf-nel\\\",\\\"max_age\\\":604800}\",\n  \"nel\": \"{\\\"success_fraction\\\":0,\\\"report_to\\\":\\\"cf-nel\\\",\\\"max_age\\\":604800}\",\n  \"server\": \"cloudflare\",\n  \"cf-ray\": \"866c39f0ff8e7f58-KTM\",\n  \"content-encoding\": \"gzip\",\n  \"alt-svc\": \"h3=\\\":443\\\"; ma=86400\"\n}\nBody: <!DOCTYPE html>\n<html lang=\"en\">\n    <head>\n        <meta charset=\"utf-8\">\n        <meta name=\"viewport\" content=\"width=device-width, initial-scale=1\">\n\n        <title>Not Found</title>\n\n        <!-- Fonts -->\n        <link rel=\"preconnect\" href=\"https://fonts.gstatic.com\">\n        <link href=\"https://fonts.googleapis.com/css2?family=Nunito&display=swap\" rel=\"stylesheet\">\n\n        <style>\n  /*! normalize.css v8.0.1 | MIT License | github.com/necolas/normalize.css */html{line-height:1.15;-webkit-text-size-adjust:100%}body{margin:0}a{background-color:transparent}code{font-family:monospace,monospace;font-size:1em}[hidden]{display:none}html{font-family:system-ui,-apple-system,BlinkMacSystemFont,Segoe UI,Roboto,Helvetica Neue,Arial,Noto Sans,sans-serif,Apple Color Emoji,Segoe UI Emoji,Segoe UI Symbol,Noto Color Emoji;line-height:1.5}*,:after,:before{box-sizing:border-box;border:0 solid #e2e8f0}a{color:inherit;text-decoration:inherit}code{font-family:Menlo,Monaco,Consolas,Liberation Mono,Courier New,monospace}svg,video{display:block;vertical-align:middle}video{max-width:100%;height:auto}.bg-white{--bg-opacity:1;background-color:#fff;background-color:rgba(255,255,255,var(--bg-opacity))}.bg-gray-100{--bg-opacity:1;background-color:#f7fafc;background-color:rgba(247,250,252,var(--bg-opacity))}.border-gray-200{--border-opacity:1;border-color:#edf2f7;border-color:rgba(237,242,247,var(--border-opacity))}.border-gray-400{--border-opacity:1;border-color:#cbd5e0;border-color:rgba(203,213,224,var(--border-opacity))}.border-t{border-top-width:1px}.border-r{border-right-width:1px}.flex{display:flex}.grid{display:grid}.hidden{display:none}.items-center{align-items:center}.justify-center{justify-content:center}.font-semibold{font-weight:600}.h-5{height:1.25rem}.h-8{height:2rem}.h-16{height:4rem}.text-sm{font-size:.875rem}.text-lg{font-size:1.125rem}.leading-7{line-height:1.75rem}.mx-auto{margin-left:auto;margin-right:auto}.ml-1{margin-left:.25rem}.mt-2{margin-top:.5rem}.mr-...\n\n\nhttps://on.cypress.io/request\n    at <unknown> (http://localhost:60152/__cypress/runner/cypress_runner.js:133028:72)\n    at tryCatcher (http://localhost:60152/__cypress/runner/cypress_runner.js:1807:23)\n    at Promise._settlePromiseFromHandler (http://localhost:60152/__cypress/runner/cypress_runner.js:1519:31)\n    at Promise._settlePromise (http://localhost:60152/__cypress/runner/cypress_runner.js:1576:18)\n    at Promise._settlePromise0 (http://localhost:60152/__cypress/runner/cypress_runner.js:1621:10)\n    at Promise._settlePromises (http://localhost:60152/__cypress/runner/cypress_runner.js:1701:18)\n    at _drainQueueStep (http://localhost:60152/__cypress/runner/cypress_runner.js:2407:12)\n    at _drainQueue (http://localhost:60152/__cypress/runner/cypress_runner.js:2400:9)\n    at Async._drainQueues (http://localhost:60152/__cypress/runner/cypress_runner.js:2416:5)\n    at Async.drainQueues (http://localhost:60152/__cypress/runner/cypress_runner.js:2286:14)\nFrom Your Spec Code:\n    at Context.eval (webpack://veloxlab-hajir_cypress/./cypress/e2e/ApiTesting/Employeer/employerofthemonth/e-get-empofthemonth.cy.js:7:7)",
                "diff": null
              },
              "uuid": "eea64690-bfb4-4a91-9ecb-ec3812cfd4fc",
              "parentUUID": "d1871381-b1e5-4b24-8953-d5aa84909c0c",
              "isHook": false,
              "skipped": false
            }
          ],
          "suites": [],
          "passes": [],
          "failures": [
            "eea64690-bfb4-4a91-9ecb-ec3812cfd4fc"
          ],
          "pending": [],
          "skipped": [],
          "duration": 1331,
          "root": false,
          "rootEmpty": false,
          "_timeout": 2000
        }
      ],
      "passes": [],
      "failures": [],
      "pending": [],
      "skipped": [],
      "duration": 0,
      "root": true,
      "rootEmpty": true,
      "_timeout": 2000
    }
  ],
  "meta": {
    "mocha": {
      "version": "7.0.1"
    },
    "mochawesome": {
      "options": {
        "quiet": false,
        "reportFilename": "mochawesome",
        "saveHtml": false,
        "saveJson": true,
        "consoleReporter": "spec",
        "useInlineDiffs": false,
        "code": true
      },
      "version": "7.1.3"
    },
    "marge": {
      "options": {
        "overwrite": false,
        "html": false,
        "json": true,
        "reportDir": "cypress\\reports\\html\\.jsons"
      },
      "version": "6.2.0"
    }
  }
}