{
  "stats": {
    "suites": 1,
    "tests": 1,
    "passes": 0,
    "pending": 0,
    "failures": 1,
    "start": "2024-03-19T08:57:35.466Z",
    "end": "2024-03-19T08:57:38.155Z",
    "duration": 2689,
    "testsRegistered": 1,
    "passPercent": 0,
    "pendingPercent": 0,
    "other": 0,
    "hasOther": false,
    "skipped": 0,
    "hasSkipped": false
  },
  "results": [
    {
      "uuid": "03e6ac06-742e-4834-84cc-97bd8b67a86f",
      "title": "",
      "fullFile": "cypress\\e2e\\ApiTesting\\Employeer\\Candidate\\Canidiate-Crud\\e-post-candidatestore.cy.js",
      "file": "cypress\\e2e\\ApiTesting\\Employeer\\Candidate\\Canidiate-Crud\\e-post-candidatestore.cy.js",
      "beforeHooks": [],
      "afterHooks": [],
      "tests": [],
      "suites": [
        {
          "uuid": "fb4e19ef-8a2d-4c3d-bf69-dfbf6553e592",
          "title": "Candidate store",
          "fullFile": "",
          "file": "",
          "beforeHooks": [],
          "afterHooks": [],
          "tests": [
            {
              "title": "should be able to store candiate",
              "fullTitle": "Candidate store should be able to store candiate",
              "timedOut": null,
              "duration": 2162,
              "state": "failed",
              "speed": null,
              "pass": false,
              "fail": true,
              "pending": false,
              "context": "{\n  \"title\": \"cypress-mochawesome-reporter-screenshots\",\n  \"value\": [\n    [\n      \"\\\\ApiTesting\\\\Employeer\\\\Candidate\\\\Canidiate-Crud\\\\e-post-candidatestore.cy.js\\\\Candidate store -- should be able to store candiate (failed).png\"\n    ]\n  ]\n}",
              "code": "cy.request({\n  method: 'POST',\n  url: `https://veloxlabs.net/api/v2/employer/candidate/store/${_constants.companyId}`,\n  headers: {\n    'Content-Type': 'application/json'\n  },\n  body: {\n    \"name_holder\": \"Mr\",\n    //required string\n    \"name\": \"Roshan Pokharel\",\n    // required\n    \"code\": \"C-2222\",\n    // required\n    \"contact\": _constants.candidatePhone,\n    // required\n    \"designation\": \"QA\",\n    // required \n    \"marriage_status\": \"Unmarried\",\n    //required enum['Married', 'Unmarried'] \n    \"salary_type\": \"Weekly\",\n    // required - enum ['Weekly', 'Monthly']\n    \"salary\": \"Fixed\",\n    // required - enum ['Fixed', 'Breakdown']\n    \"salary_amount\": 20000.00,\n    // required - double\n    \"allowance_amount\": 2000.00,\n    // nullable - double\n    \"joining_date\": \"2024-02-22\",\n    // required - date \n    \"working_hours\": \"8:00\",\n    // required\n    \"duty_time\": \"08:00\",\n    // required - time\n    \"probation_period\": 1,\n    // required - unsignedBigInt\n    \"break_duration\": \"30\",\n    // required - min/hr to seconds - string\n    \"departments\": [1, 2, 3],\n    // required - array - api:<<globalLiveUrl>>/employer/all-departments  \n    \"allow_late_attendance\": \"30\",\n    // nullable -time\n    \"casual_leave\": 6,\n    //required - unsignedInteger\n    \"sick_leave\": 7,\n    //required - unsignedInteger\n    \"overtime_ratio\": 1.2,\n    // double(2.2)\n    \"overtime_hrs\": 1,\n    // float(2.2)\n    \"week_days_off\": [1, 7],\n    // array\n    \"allow_network_access\": \"All Net\" // required - enum['All Net', 'QR']\n  }\n}).then(response => {\n  expect(response.status).to.equal(200);\n  expect(response.body.status).to.equal(\"success\");\n  expect(response.body.message).to.equal(\"Logged in successfully\");\n  expect(response.body.data.token).to.be.a('string');\n});",
              "err": {
                "message": "CypressError: `cy.request()` failed on:\n\nhttps://veloxlabs.net/api/v2/employer/candidate/store/2\n\nThe response we received from your web server was:\n\n  > 401: Unauthorized\n\nThis was considered a failure because the status code was not `2xx` or `3xx`.\n\nIf you do not want status codes to cause failures pass the option: `failOnStatusCode: false`\n\n-----------------------------------------------------------\n\nThe request we sent was:\n\nMethod: POST\nURL: https://veloxlabs.net/api/v2/employer/candidate/store/2\nHeaders: {\n  \"Connection\": \"keep-alive\",\n  \"Content-Type\": \"application/json\",\n  \"user-agent\": \"Mozilla/5.0 (Windows NT 10.0; Win64; x64) AppleWebKit/537.36 (KHTML, like Gecko) Cypress/13.6.6 Chrome/118.0.5993.159 Electron/27.1.3 Safari/537.36\",\n  \"accept\": \"*/*\",\n  \"accept-encoding\": \"gzip, deflate\",\n  \"content-length\": 509\n}\nBody: {\"name_holder\":\"Mr\",\"name\":\"Roshan Pokharel\",\"code\":\"C-2222\",\"contact\":\"9861389660\",\"designation\":\"QA\",\"marriage_status\":\"Unmarried\",\"salary_type\":\"Weekly\",\"salary\":\"Fixed\",\"salary_amount\":20000,\"allowance_amount\":2000,\"joining_date\":\"2024-02-22\",\"working_hours\":\"8:00\",\"duty_time\":\"08:00\",\"probation_period\":1,\"break_duration\":\"30\",\"departments\":[1,2,3],\"allow_late_attendance\":\"30\",\"casual_leave\":6,\"sick_leave\":7,\"overtime_ratio\":1.2,\"overtime_hrs\":1,\"week_days_off\":[1,7],\"allow_network_access\":\"All Net\"}\n\n-----------------------------------------------------------\n\nThe response we got was:\n\nStatus: 401 - Unauthorized\nHeaders: {\n  \"date\": \"Tue, 19 Mar 2024 08:57:35 GMT\",\n  \"content-type\": \"application/json\",\n  \"transfer-encoding\": \"chunked\",\n  \"connection\": \"keep-alive\",\n  \"cache-control\": \"no-cache, private\",\n  \"access-control-allow-origin\": \"*\",\n  \"access-control-allow-methods\": \"GET, POST, PUT, DELETE, OPTIONS\",\n  \"access-control-allow-headers\": \"X-Requested-With, Content-Type, X-Token-Auth, Authorization, Accept\",\n  \"cf-cache-status\": \"DYNAMIC\",\n  \"report-to\": \"{\\\"endpoints\\\":[{\\\"url\\\":\\\"https:\\\\/\\\\/a.nel.cloudflare.com\\\\/report\\\\/v4?s=fEA%2F%2FKM5FBPI7ORvAkcvpZIdwSsBhbYMhAYVNoc0xvNvx0Ch3DNdN1gHDwbG9Sc2XMdFXn6sRvubmfB%2FH3qqDU5b9BsqoeSzHCUo1uS%2BuimlSLdnAjbLTvJBywRG%2B2Z5\\\"}],\\\"group\\\":\\\"cf-nel\\\",\\\"max_age\\\":604800}\",\n  \"nel\": \"{\\\"success_fraction\\\":0,\\\"report_to\\\":\\\"cf-nel\\\",\\\"max_age\\\":604800}\",\n  \"server\": \"cloudflare\",\n  \"cf-ray\": \"866c4178dd6e7f58-KTM\",\n  \"alt-svc\": \"h3=\\\":443\\\"; ma=86400\"\n}\nBody: {\n  \"message\": \"Please Log In.\",\n  \"status\": \"error\"\n}\n\n\nhttps://on.cypress.io/request",
                "estack": "CypressError: `cy.request()` failed on:\n\nhttps://veloxlabs.net/api/v2/employer/candidate/store/2\n\nThe response we received from your web server was:\n\n  > 401: Unauthorized\n\nThis was considered a failure because the status code was not `2xx` or `3xx`.\n\nIf you do not want status codes to cause failures pass the option: `failOnStatusCode: false`\n\n-----------------------------------------------------------\n\nThe request we sent was:\n\nMethod: POST\nURL: https://veloxlabs.net/api/v2/employer/candidate/store/2\nHeaders: {\n  \"Connection\": \"keep-alive\",\n  \"Content-Type\": \"application/json\",\n  \"user-agent\": \"Mozilla/5.0 (Windows NT 10.0; Win64; x64) AppleWebKit/537.36 (KHTML, like Gecko) Cypress/13.6.6 Chrome/118.0.5993.159 Electron/27.1.3 Safari/537.36\",\n  \"accept\": \"*/*\",\n  \"accept-encoding\": \"gzip, deflate\",\n  \"content-length\": 509\n}\nBody: {\"name_holder\":\"Mr\",\"name\":\"Roshan Pokharel\",\"code\":\"C-2222\",\"contact\":\"9861389660\",\"designation\":\"QA\",\"marriage_status\":\"Unmarried\",\"salary_type\":\"Weekly\",\"salary\":\"Fixed\",\"salary_amount\":20000,\"allowance_amount\":2000,\"joining_date\":\"2024-02-22\",\"working_hours\":\"8:00\",\"duty_time\":\"08:00\",\"probation_period\":1,\"break_duration\":\"30\",\"departments\":[1,2,3],\"allow_late_attendance\":\"30\",\"casual_leave\":6,\"sick_leave\":7,\"overtime_ratio\":1.2,\"overtime_hrs\":1,\"week_days_off\":[1,7],\"allow_network_access\":\"All Net\"}\n\n-----------------------------------------------------------\n\nThe response we got was:\n\nStatus: 401 - Unauthorized\nHeaders: {\n  \"date\": \"Tue, 19 Mar 2024 08:57:35 GMT\",\n  \"content-type\": \"application/json\",\n  \"transfer-encoding\": \"chunked\",\n  \"connection\": \"keep-alive\",\n  \"cache-control\": \"no-cache, private\",\n  \"access-control-allow-origin\": \"*\",\n  \"access-control-allow-methods\": \"GET, POST, PUT, DELETE, OPTIONS\",\n  \"access-control-allow-headers\": \"X-Requested-With, Content-Type, X-Token-Auth, Authorization, Accept\",\n  \"cf-cache-status\": \"DYNAMIC\",\n  \"report-to\": \"{\\\"endpoints\\\":[{\\\"url\\\":\\\"https:\\\\/\\\\/a.nel.cloudflare.com\\\\/report\\\\/v4?s=fEA%2F%2FKM5FBPI7ORvAkcvpZIdwSsBhbYMhAYVNoc0xvNvx0Ch3DNdN1gHDwbG9Sc2XMdFXn6sRvubmfB%2FH3qqDU5b9BsqoeSzHCUo1uS%2BuimlSLdnAjbLTvJBywRG%2B2Z5\\\"}],\\\"group\\\":\\\"cf-nel\\\",\\\"max_age\\\":604800}\",\n  \"nel\": \"{\\\"success_fraction\\\":0,\\\"report_to\\\":\\\"cf-nel\\\",\\\"max_age\\\":604800}\",\n  \"server\": \"cloudflare\",\n  \"cf-ray\": \"866c4178dd6e7f58-KTM\",\n  \"alt-svc\": \"h3=\\\":443\\\"; ma=86400\"\n}\nBody: {\n  \"message\": \"Please Log In.\",\n  \"status\": \"error\"\n}\n\n\nhttps://on.cypress.io/request\n    at <unknown> (http://localhost:60152/__cypress/runner/cypress_runner.js:133028:72)\n    at tryCatcher (http://localhost:60152/__cypress/runner/cypress_runner.js:1807:23)\n    at Promise._settlePromiseFromHandler (http://localhost:60152/__cypress/runner/cypress_runner.js:1519:31)\n    at Promise._settlePromise (http://localhost:60152/__cypress/runner/cypress_runner.js:1576:18)\n    at Promise._settlePromise0 (http://localhost:60152/__cypress/runner/cypress_runner.js:1621:10)\n    at Promise._settlePromises (http://localhost:60152/__cypress/runner/cypress_runner.js:1701:18)\n    at _drainQueueStep (http://localhost:60152/__cypress/runner/cypress_runner.js:2407:12)\n    at _drainQueue (http://localhost:60152/__cypress/runner/cypress_runner.js:2400:9)\n    at Async._drainQueues (http://localhost:60152/__cypress/runner/cypress_runner.js:2416:5)\n    at Async.drainQueues (http://localhost:60152/__cypress/runner/cypress_runner.js:2286:14)\nFrom Your Spec Code:\n    at Context.eval (webpack://veloxlab-hajir_cypress/./cypress/e2e/ApiTesting/Employeer/Candidate/Canidiate-Crud/e-post-candidatestore.cy.js:8:7)",
                "diff": null
              },
              "uuid": "3d9fffe9-1e26-40ac-ae51-8193013e6f4e",
              "parentUUID": "fb4e19ef-8a2d-4c3d-bf69-dfbf6553e592",
              "isHook": false,
              "skipped": false
            }
          ],
          "suites": [],
          "passes": [],
          "failures": [
            "3d9fffe9-1e26-40ac-ae51-8193013e6f4e"
          ],
          "pending": [],
          "skipped": [],
          "duration": 2162,
          "root": false,
          "rootEmpty": false,
          "_timeout": 2000
        }
      ],
      "passes": [],
      "failures": [],
      "pending": [],
      "skipped": [],
      "duration": 0,
      "root": true,
      "rootEmpty": true,
      "_timeout": 2000
    }
  ],
  "meta": {
    "mocha": {
      "version": "7.0.1"
    },
    "mochawesome": {
      "options": {
        "quiet": false,
        "reportFilename": "mochawesome",
        "saveHtml": false,
        "saveJson": true,
        "consoleReporter": "spec",
        "useInlineDiffs": false,
        "code": true
      },
      "version": "7.1.3"
    },
    "marge": {
      "options": {
        "overwrite": false,
        "html": false,
        "json": true,
        "reportDir": "cypress\\reports\\html\\.jsons"
      },
      "version": "6.2.0"
    }
  }
}