{
  "stats": {
    "suites": 1,
    "tests": 1,
    "passes": 1,
    "pending": 0,
    "failures": 0,
    "start": "2024-03-19T08:52:07.237Z",
    "end": "2024-03-19T08:52:09.392Z",
    "duration": 2155,
    "testsRegistered": 1,
    "passPercent": 100,
    "pendingPercent": 0,
    "other": 0,
    "hasOther": false,
    "skipped": 0,
    "hasSkipped": false
  },
  "results": [
    {
      "uuid": "5ede7813-59dd-49ba-93bc-c5817e2d7046",
      "title": "",
      "fullFile": "cypress\\e2e\\ApiTesting\\Employeer\\Candidate\\e-get-compcan.cy.js",
      "file": "cypress\\e2e\\ApiTesting\\Employeer\\Candidate\\e-get-compcan.cy.js",
      "beforeHooks": [],
      "afterHooks": [],
      "tests": [],
      "suites": [
        {
          "uuid": "8d6c9c0a-d627-4041-9bbd-546756a7472d",
          "title": "get company candidate ",
          "fullFile": "",
          "file": "",
          "beforeHooks": [],
          "afterHooks": [],
          "tests": [
            {
              "title": "should be able to get company candidates",
              "fullTitle": "get company candidate  should be able to get company candidates",
              "timedOut": null,
              "duration": 1501,
              "state": "passed",
              "speed": "fast",
              "pass": true,
              "fail": false,
              "pending": false,
              "context": null,
              "code": "cy.request({\n  method: 'GET',\n  url: `https://veloxlabs.net/api/v2/employer/candidate/get-candidates/${_constants.companyId}`,\n  headers: {\n    'Authorization': _constants.empToken\n  }\n}).then(response => {\n  expect(response.status).to.eq(200);\n  expect(response.body.status).to.eq('success');\n  expect(response.body.message).to.eq('Successfully Fetched.');\n  expect(response.body).to.have.property('data');\n  // Verify active candidates\n  expect(response.body.data).to.have.property('active_candidates').to.be.an('array');\n  const activeCandidates = response.body.data.active_candidates;\n  activeCandidates.forEach(candidate => {\n    expect(candidate).to.have.property('id');\n    expect(candidate).to.have.property('company_id');\n    expect(candidate).to.have.property('candidate_id');\n    expect(candidate).to.have.property('name');\n  });\n  // Verify inactive candidates\n  expect(response.body.data).to.have.property('inactive_candidates').to.be.an('array');\n  const inactiveCandidates = response.body.data.inactive_candidates;\n  inactiveCandidates.forEach(candidate => {\n    expect(candidate).to.have.property('id');\n    expect(candidate).to.have.property('company_id');\n    expect(candidate).to.have.property('candidate_id');\n    expect(candidate).to.have.property('name');\n  });\n});",
              "err": {},
              "uuid": "e2ce33f2-9106-4e3c-9c36-b7185e9dcb37",
              "parentUUID": "8d6c9c0a-d627-4041-9bbd-546756a7472d",
              "isHook": false,
              "skipped": false
            }
          ],
          "suites": [],
          "passes": [
            "e2ce33f2-9106-4e3c-9c36-b7185e9dcb37"
          ],
          "failures": [],
          "pending": [],
          "skipped": [],
          "duration": 1501,
          "root": false,
          "rootEmpty": false,
          "_timeout": 2000
        }
      ],
      "passes": [],
      "failures": [],
      "pending": [],
      "skipped": [],
      "duration": 0,
      "root": true,
      "rootEmpty": true,
      "_timeout": 2000
    }
  ],
  "meta": {
    "mocha": {
      "version": "7.0.1"
    },
    "mochawesome": {
      "options": {
        "quiet": false,
        "reportFilename": "mochawesome",
        "saveHtml": false,
        "saveJson": true,
        "consoleReporter": "spec",
        "useInlineDiffs": false,
        "code": true
      },
      "version": "7.1.3"
    },
    "marge": {
      "options": {
        "overwrite": false,
        "html": false,
        "json": true,
        "reportDir": "cypress\\reports\\html\\.jsons"
      },
      "version": "6.2.0"
    }
  }
}