{
  "stats": {
    "suites": 1,
    "tests": 1,
    "passes": 0,
    "pending": 0,
    "failures": 1,
    "start": "2024-03-19T08:58:24.426Z",
    "end": "2024-03-19T08:58:27.574Z",
    "duration": 3148,
    "testsRegistered": 1,
    "passPercent": 0,
    "pendingPercent": 0,
    "other": 0,
    "hasOther": false,
    "skipped": 0,
    "hasSkipped": false
  },
  "results": [
    {
      "uuid": "a6d05769-d20a-418d-839a-87c358c7b2df",
      "title": "",
      "fullFile": "cypress\\e2e\\ApiTesting\\Employeer\\Candidate\\Canididate-joinRequest\\e-get-deletejoinrequest.cy.js",
      "file": "cypress\\e2e\\ApiTesting\\Employeer\\Candidate\\Canididate-joinRequest\\e-get-deletejoinrequest.cy.js",
      "beforeHooks": [],
      "afterHooks": [],
      "tests": [],
      "suites": [
        {
          "uuid": "f329cd86-8941-4cc4-8ced-445db2af4a9d",
          "title": "Get delete join request ",
          "fullFile": "",
          "file": "",
          "beforeHooks": [],
          "afterHooks": [],
          "tests": [
            {
              "title": "should be able to get deleted join request",
              "fullTitle": "Get delete join request  should be able to get deleted join request",
              "timedOut": null,
              "duration": 2503,
              "state": "failed",
              "speed": null,
              "pass": false,
              "fail": true,
              "pending": false,
              "context": "{\n  \"title\": \"cypress-mochawesome-reporter-screenshots\",\n  \"value\": [\n    [\n      \"\\\\ApiTesting\\\\Employeer\\\\Candidate\\\\Canididate-joinRequest\\\\e-get-deletejoinrequest.cy.js\\\\Get delete join request -- should be able to get deleted join request (failed).png\"\n    ]\n  ]\n}",
              "code": "cy.request({\n  method: 'GET',\n  url: `https://veloxlabs.net/api/v2/employer/${_constants.companyId}/invitation/destroy/2`,\n  headers: {\n    'Authorization': _constants.empToken\n  }\n}).then(response => {\n  expect(response.code).to.equal(400);\n  expect(response.status).to.equal(\"error\");\n  expect(response.message).to.equal(\"Invitation Already Removed\");\n});",
              "err": {
                "message": "CypressError: `cy.request()` failed on:\n\nhttps://veloxlabs.net/api/v2/employer/2/invitation/destroy/2\n\nThe response we received from your web server was:\n\n  > 400: Bad Request\n\nThis was considered a failure because the status code was not `2xx` or `3xx`.\n\nIf you do not want status codes to cause failures pass the option: `failOnStatusCode: false`\n\n-----------------------------------------------------------\n\nThe request we sent was:\n\nMethod: GET\nURL: https://veloxlabs.net/api/v2/employer/2/invitation/destroy/2\nHeaders: {\n  \"Connection\": \"keep-alive\",\n  \"Authorization\": \"Bearer eyJ0eXAiOiJKV1QiLCJhbGciOiJSUzI1NiJ9.eyJhdWQiOiIxIiwianRpIjoiYWUwNDg4NGFkNzg1ZDM5ZWMwZTFmNjJlYTM2MjNiOGYxNDMxMWZiMjE4OWE2MTMxNTc1MGJhN2JhM2E1YjMwMzkwYjI0NWQxNzE4MTk1NGQiLCJpYXQiOjE3MTA4MzY2OTAuNTIyMTYxLCJuYmYiOjE3MTA4MzY2OTAuNTIyMTYzLCJleHAiOjE3NDIzNzI2OTAuNTE5NjI2LCJzdWIiOiIyIiwic2NvcGVzIjpbXX0.gz3YYAQMbQ26zy6O71nZCk9YaoGKYs3xLdHhN4WI0tcTFknsYwsbzqGL8ya9HueqRNi8fJUH5k64Q14wmxfYCF4td1fV_V_402eIIQO5gIdIfddJr1NwzHkEVwewIYsN-44_UJvZVXlKz0ctGFW6roj2ZI4Rb7e-gOASRw8A0CUomYt5BrEgF4qB1-RtIQmev7VydTO9GWfYLv59r22cDPYZBpEtzIvsKPyFJt_W8EHKN-MajLZmj7qZfi-wZfk2UoDr1LfNsRd8scVSNehAAiTaLGtYqvQqyO0dFzncVQyRXdIRuK-l6p4-Two_5QpNX0U21cypfHXJ-wKuU4LG11pSUeZKMBvzkr8RPkcVd8AKIpnyiu1oMWvRdIJQ55vCxVzECQ9sHFriNH8_qeCu9t4V0Nkal5cvaCXv9nTTYdk5M_aezS1mxVNWqDH5z8DXF5uJ3DamnviwQ8hj_iOxeDqof0lUZqcIwkTcD7KuJraN5yv5hhQoVd2g1IkL_mzxN2o61GsMeqBLuIUdkmYNqfeC1PhCn-F3z7Td0a9bSdtaADP_bH9p-2xeDFFT3SG3lSdpVPoQ2RI5_ZI3uK6EtrIbxtnPqS4H2KasAey7HKpDg3NwSjcepvYC0U4_13lP7jKyP7rO-SWk-NjIcFoDOQlIlOxoAXGXG1hcE0CzjrQ\",\n  \"user-agent\": \"Mozilla/5.0 (Windows NT 10.0; Win64; x64) AppleWebKit/537.36 (KHTML, like Gecko) Cypress/13.6.6 Chrome/118.0.5993.159 Electron/27.1.3 Safari/537.36\",\n  \"accept\": \"*/*\",\n  \"accept-encoding\": \"gzip, deflate\"\n}\n\n-----------------------------------------------------------\n\nThe response we got was:\n\nStatus: 400 - Bad Request\nHeaders: {\n  \"date\": \"Tue, 19 Mar 2024 08:58:24 GMT\",\n  \"content-type\": \"application/json\",\n  \"transfer-encoding\": \"chunked\",\n  \"connection\": \"keep-alive\",\n  \"vary\": \"Authorization\",\n  \"cache-control\": \"no-cache, private\",\n  \"access-control-allow-origin\": \"*\",\n  \"access-control-allow-methods\": \"GET, POST, PUT, DELETE, OPTIONS\",\n  \"access-control-allow-headers\": \"X-Requested-With, Content-Type, X-Token-Auth, Authorization, Accept\",\n  \"cf-cache-status\": \"DYNAMIC\",\n  \"report-to\": \"{\\\"endpoints\\\":[{\\\"url\\\":\\\"https:\\\\/\\\\/a.nel.cloudflare.com\\\\/report\\\\/v4?s=oRCtR73ALR%2B5SWcO%2B0idcTzCqh0nuiYHmYbjXgZi2Oh5V7zMMH5RPRGmvMeWDK51kVvue9PlBP7U8kxaKVV1ZIotZ30j8cO8GscnQW%2BlEuUZb8bd5dPAy3so7WRrUqtE\\\"}],\\\"group\\\":\\\"cf-nel\\\",\\\"max_age\\\":604800}\",\n  \"nel\": \"{\\\"success_fraction\\\":0,\\\"report_to\\\":\\\"cf-nel\\\",\\\"max_age\\\":604800}\",\n  \"server\": \"cloudflare\",\n  \"cf-ray\": \"866c42aaf8027f58-KTM\",\n  \"alt-svc\": \"h3=\\\":443\\\"; ma=86400\"\n}\nBody: {\n  \"status\": \"error\",\n  \"code\": 400,\n  \"message\": \"Invitation Already Removed\"\n}\n\n\nhttps://on.cypress.io/request",
                "estack": "CypressError: `cy.request()` failed on:\n\nhttps://veloxlabs.net/api/v2/employer/2/invitation/destroy/2\n\nThe response we received from your web server was:\n\n  > 400: Bad Request\n\nThis was considered a failure because the status code was not `2xx` or `3xx`.\n\nIf you do not want status codes to cause failures pass the option: `failOnStatusCode: false`\n\n-----------------------------------------------------------\n\nThe request we sent was:\n\nMethod: GET\nURL: https://veloxlabs.net/api/v2/employer/2/invitation/destroy/2\nHeaders: {\n  \"Connection\": \"keep-alive\",\n  \"Authorization\": \"Bearer eyJ0eXAiOiJKV1QiLCJhbGciOiJSUzI1NiJ9.eyJhdWQiOiIxIiwianRpIjoiYWUwNDg4NGFkNzg1ZDM5ZWMwZTFmNjJlYTM2MjNiOGYxNDMxMWZiMjE4OWE2MTMxNTc1MGJhN2JhM2E1YjMwMzkwYjI0NWQxNzE4MTk1NGQiLCJpYXQiOjE3MTA4MzY2OTAuNTIyMTYxLCJuYmYiOjE3MTA4MzY2OTAuNTIyMTYzLCJleHAiOjE3NDIzNzI2OTAuNTE5NjI2LCJzdWIiOiIyIiwic2NvcGVzIjpbXX0.gz3YYAQMbQ26zy6O71nZCk9YaoGKYs3xLdHhN4WI0tcTFknsYwsbzqGL8ya9HueqRNi8fJUH5k64Q14wmxfYCF4td1fV_V_402eIIQO5gIdIfddJr1NwzHkEVwewIYsN-44_UJvZVXlKz0ctGFW6roj2ZI4Rb7e-gOASRw8A0CUomYt5BrEgF4qB1-RtIQmev7VydTO9GWfYLv59r22cDPYZBpEtzIvsKPyFJt_W8EHKN-MajLZmj7qZfi-wZfk2UoDr1LfNsRd8scVSNehAAiTaLGtYqvQqyO0dFzncVQyRXdIRuK-l6p4-Two_5QpNX0U21cypfHXJ-wKuU4LG11pSUeZKMBvzkr8RPkcVd8AKIpnyiu1oMWvRdIJQ55vCxVzECQ9sHFriNH8_qeCu9t4V0Nkal5cvaCXv9nTTYdk5M_aezS1mxVNWqDH5z8DXF5uJ3DamnviwQ8hj_iOxeDqof0lUZqcIwkTcD7KuJraN5yv5hhQoVd2g1IkL_mzxN2o61GsMeqBLuIUdkmYNqfeC1PhCn-F3z7Td0a9bSdtaADP_bH9p-2xeDFFT3SG3lSdpVPoQ2RI5_ZI3uK6EtrIbxtnPqS4H2KasAey7HKpDg3NwSjcepvYC0U4_13lP7jKyP7rO-SWk-NjIcFoDOQlIlOxoAXGXG1hcE0CzjrQ\",\n  \"user-agent\": \"Mozilla/5.0 (Windows NT 10.0; Win64; x64) AppleWebKit/537.36 (KHTML, like Gecko) Cypress/13.6.6 Chrome/118.0.5993.159 Electron/27.1.3 Safari/537.36\",\n  \"accept\": \"*/*\",\n  \"accept-encoding\": \"gzip, deflate\"\n}\n\n-----------------------------------------------------------\n\nThe response we got was:\n\nStatus: 400 - Bad Request\nHeaders: {\n  \"date\": \"Tue, 19 Mar 2024 08:58:24 GMT\",\n  \"content-type\": \"application/json\",\n  \"transfer-encoding\": \"chunked\",\n  \"connection\": \"keep-alive\",\n  \"vary\": \"Authorization\",\n  \"cache-control\": \"no-cache, private\",\n  \"access-control-allow-origin\": \"*\",\n  \"access-control-allow-methods\": \"GET, POST, PUT, DELETE, OPTIONS\",\n  \"access-control-allow-headers\": \"X-Requested-With, Content-Type, X-Token-Auth, Authorization, Accept\",\n  \"cf-cache-status\": \"DYNAMIC\",\n  \"report-to\": \"{\\\"endpoints\\\":[{\\\"url\\\":\\\"https:\\\\/\\\\/a.nel.cloudflare.com\\\\/report\\\\/v4?s=oRCtR73ALR%2B5SWcO%2B0idcTzCqh0nuiYHmYbjXgZi2Oh5V7zMMH5RPRGmvMeWDK51kVvue9PlBP7U8kxaKVV1ZIotZ30j8cO8GscnQW%2BlEuUZb8bd5dPAy3so7WRrUqtE\\\"}],\\\"group\\\":\\\"cf-nel\\\",\\\"max_age\\\":604800}\",\n  \"nel\": \"{\\\"success_fraction\\\":0,\\\"report_to\\\":\\\"cf-nel\\\",\\\"max_age\\\":604800}\",\n  \"server\": \"cloudflare\",\n  \"cf-ray\": \"866c42aaf8027f58-KTM\",\n  \"alt-svc\": \"h3=\\\":443\\\"; ma=86400\"\n}\nBody: {\n  \"status\": \"error\",\n  \"code\": 400,\n  \"message\": \"Invitation Already Removed\"\n}\n\n\nhttps://on.cypress.io/request\n    at <unknown> (http://localhost:60152/__cypress/runner/cypress_runner.js:133028:72)\n    at tryCatcher (http://localhost:60152/__cypress/runner/cypress_runner.js:1807:23)\n    at Promise._settlePromiseFromHandler (http://localhost:60152/__cypress/runner/cypress_runner.js:1519:31)\n    at Promise._settlePromise (http://localhost:60152/__cypress/runner/cypress_runner.js:1576:18)\n    at Promise._settlePromise0 (http://localhost:60152/__cypress/runner/cypress_runner.js:1621:10)\n    at Promise._settlePromises (http://localhost:60152/__cypress/runner/cypress_runner.js:1701:18)\n    at _drainQueueStep (http://localhost:60152/__cypress/runner/cypress_runner.js:2407:12)\n    at _drainQueue (http://localhost:60152/__cypress/runner/cypress_runner.js:2400:9)\n    at Async._drainQueues (http://localhost:60152/__cypress/runner/cypress_runner.js:2416:5)\n    at Async.drainQueues (http://localhost:60152/__cypress/runner/cypress_runner.js:2286:14)\nFrom Your Spec Code:\n    at Context.eval (webpack://veloxlab-hajir_cypress/./cypress/e2e/ApiTesting/Employeer/Candidate/Canididate-joinRequest/e-get-deletejoinrequest.cy.js:11:7)",
                "diff": null
              },
              "uuid": "60831683-c335-4478-a40f-efc48637735e",
              "parentUUID": "f329cd86-8941-4cc4-8ced-445db2af4a9d",
              "isHook": false,
              "skipped": false
            }
          ],
          "suites": [],
          "passes": [],
          "failures": [
            "60831683-c335-4478-a40f-efc48637735e"
          ],
          "pending": [],
          "skipped": [],
          "duration": 2503,
          "root": false,
          "rootEmpty": false,
          "_timeout": 2000
        }
      ],
      "passes": [],
      "failures": [],
      "pending": [],
      "skipped": [],
      "duration": 0,
      "root": true,
      "rootEmpty": true,
      "_timeout": 2000
    }
  ],
  "meta": {
    "mocha": {
      "version": "7.0.1"
    },
    "mochawesome": {
      "options": {
        "quiet": false,
        "reportFilename": "mochawesome",
        "saveHtml": false,
        "saveJson": true,
        "consoleReporter": "spec",
        "useInlineDiffs": false,
        "code": true
      },
      "version": "7.1.3"
    },
    "marge": {
      "options": {
        "overwrite": false,
        "html": false,
        "json": true,
        "reportDir": "cypress\\reports\\html\\.jsons"
      },
      "version": "6.2.0"
    }
  }
}