{
  "stats": {
    "suites": 1,
    "tests": 1,
    "passes": 0,
    "pending": 0,
    "failures": 1,
    "start": "2024-03-19T09:00:04.259Z",
    "end": "2024-03-19T09:00:06.846Z",
    "duration": 2587,
    "testsRegistered": 1,
    "passPercent": 0,
    "pendingPercent": 0,
    "other": 0,
    "hasOther": false,
    "skipped": 0,
    "hasSkipped": false
  },
  "results": [
    {
      "uuid": "01e4591b-9322-4bca-84ea-9b7d5647f745",
      "title": "",
      "fullFile": "cypress\\e2e\\ApiTesting\\Employeer\\Candidate\\Canididate-joinRequest\\e-post-invitation.cy.js",
      "file": "cypress\\e2e\\ApiTesting\\Employeer\\Candidate\\Canididate-joinRequest\\e-post-invitation.cy.js",
      "beforeHooks": [],
      "afterHooks": [],
      "tests": [],
      "suites": [
        {
          "uuid": "8e1a74e6-aa44-478a-a837-b1d43fa9be5d",
          "title": "Post Invitation ",
          "fullFile": "",
          "file": "",
          "beforeHooks": [],
          "afterHooks": [],
          "tests": [
            {
              "title": "should be able send invitation",
              "fullTitle": "Post Invitation  should be able send invitation",
              "timedOut": null,
              "duration": 2297,
              "state": "failed",
              "speed": null,
              "pass": false,
              "fail": true,
              "pending": false,
              "context": "{\n  \"title\": \"cypress-mochawesome-reporter-screenshots\",\n  \"value\": [\n    [\n      \"\\\\ApiTesting\\\\Employeer\\\\Candidate\\\\Canididate-joinRequest\\\\e-post-invitation.cy.js\\\\Post Invitation -- should be able send invitation (failed).png\"\n    ]\n  ]\n}",
              "code": "const randomCandidateId = Math.floor(Math.random() * 1000);\ncy.request({\n  method: 'POST',\n  url: `https://veloxlabs.net/api/v2/employer/${_constants.companyId}/invitation/store`,\n  headers: {\n    'Authorization': _constants.empToken\n  },\n  body: {\n    'status': \"Approved\",\n    'candidate_id': randomCandidateId\n  }\n}).then(response => {\n  expect(response.status).to.eq(200);\n  expect(response.body.status).to.eq('success');\n  expect(response.body.message).to.eq('Invitation is sent successfully');\n});",
              "err": {
                "message": "CypressError: `cy.request()` failed on:\n\nhttps://veloxlabs.net/api/v2/employer/2/invitation/store\n\nThe response we received from your web server was:\n\n  > 404: Not Found\n\nThis was considered a failure because the status code was not `2xx` or `3xx`.\n\nIf you do not want status codes to cause failures pass the option: `failOnStatusCode: false`\n\n-----------------------------------------------------------\n\nThe request we sent was:\n\nMethod: POST\nURL: https://veloxlabs.net/api/v2/employer/2/invitation/store\nHeaders: {\n  \"Connection\": \"keep-alive\",\n  \"Authorization\": \"Bearer eyJ0eXAiOiJKV1QiLCJhbGciOiJSUzI1NiJ9.eyJhdWQiOiIxIiwianRpIjoiYWUwNDg4NGFkNzg1ZDM5ZWMwZTFmNjJlYTM2MjNiOGYxNDMxMWZiMjE4OWE2MTMxNTc1MGJhN2JhM2E1YjMwMzkwYjI0NWQxNzE4MTk1NGQiLCJpYXQiOjE3MTA4MzY2OTAuNTIyMTYxLCJuYmYiOjE3MTA4MzY2OTAuNTIyMTYzLCJleHAiOjE3NDIzNzI2OTAuNTE5NjI2LCJzdWIiOiIyIiwic2NvcGVzIjpbXX0.gz3YYAQMbQ26zy6O71nZCk9YaoGKYs3xLdHhN4WI0tcTFknsYwsbzqGL8ya9HueqRNi8fJUH5k64Q14wmxfYCF4td1fV_V_402eIIQO5gIdIfddJr1NwzHkEVwewIYsN-44_UJvZVXlKz0ctGFW6roj2ZI4Rb7e-gOASRw8A0CUomYt5BrEgF4qB1-RtIQmev7VydTO9GWfYLv59r22cDPYZBpEtzIvsKPyFJt_W8EHKN-MajLZmj7qZfi-wZfk2UoDr1LfNsRd8scVSNehAAiTaLGtYqvQqyO0dFzncVQyRXdIRuK-l6p4-Two_5QpNX0U21cypfHXJ-wKuU4LG11pSUeZKMBvzkr8RPkcVd8AKIpnyiu1oMWvRdIJQ55vCxVzECQ9sHFriNH8_qeCu9t4V0Nkal5cvaCXv9nTTYdk5M_aezS1mxVNWqDH5z8DXF5uJ3DamnviwQ8hj_iOxeDqof0lUZqcIwkTcD7KuJraN5yv5hhQoVd2g1IkL_mzxN2o61GsMeqBLuIUdkmYNqfeC1PhCn-F3z7Td0a9bSdtaADP_bH9p-2xeDFFT3SG3lSdpVPoQ2RI5_ZI3uK6EtrIbxtnPqS4H2KasAey7HKpDg3NwSjcepvYC0U4_13lP7jKyP7rO-SWk-NjIcFoDOQlIlOxoAXGXG1hcE0CzjrQ\",\n  \"user-agent\": \"Mozilla/5.0 (Windows NT 10.0; Win64; x64) AppleWebKit/537.36 (KHTML, like Gecko) Cypress/13.6.6 Chrome/118.0.5993.159 Electron/27.1.3 Safari/537.36\",\n  \"accept\": \"*/*\",\n  \"accept-encoding\": \"gzip, deflate\",\n  \"content-type\": \"application/json\",\n  \"content-length\": 40\n}\nBody: {\"status\":\"Approved\",\"candidate_id\":750}\n\n-----------------------------------------------------------\n\nThe response we got was:\n\nStatus: 404 - Not Found\nHeaders: {\n  \"date\": \"Tue, 19 Mar 2024 09:00:04 GMT\",\n  \"content-type\": \"application/json\",\n  \"transfer-encoding\": \"chunked\",\n  \"connection\": \"keep-alive\",\n  \"vary\": \"Authorization\",\n  \"cache-control\": \"no-cache, private\",\n  \"access-control-allow-origin\": \"*\",\n  \"access-control-allow-methods\": \"GET, POST, PUT, DELETE, OPTIONS\",\n  \"access-control-allow-headers\": \"X-Requested-With, Content-Type, X-Token-Auth, Authorization, Accept\",\n  \"cf-cache-status\": \"DYNAMIC\",\n  \"report-to\": \"{\\\"endpoints\\\":[{\\\"url\\\":\\\"https:\\\\/\\\\/a.nel.cloudflare.com\\\\/report\\\\/v4?s=reKSLGcDzreh5uIHuoLSQyFGoQDA%2FU6RqszeVt6JWBmGDuuz8ju2a7e1tg4XEexxLszbTcNgtYSCIr7SBvUVob9O%2BOQnhM%2B980a%2FqZZSs6XpeFG9zHEE0Jb%2FHPeYmIgx\\\"}],\\\"group\\\":\\\"cf-nel\\\",\\\"max_age\\\":604800}\",\n  \"nel\": \"{\\\"success_fraction\\\":0,\\\"report_to\\\":\\\"cf-nel\\\",\\\"max_age\\\":604800}\",\n  \"server\": \"cloudflare\",\n  \"cf-ray\": \"866c451bc89a7f58-KTM\",\n  \"content-encoding\": \"gzip\",\n  \"alt-svc\": \"h3=\\\":443\\\"; ma=86400\"\n}\nBody: {\n  \"status\": \"error\",\n  \"code\": 404,\n  \"message\": \"Candidate Not Found.\"\n}\n\n\nhttps://on.cypress.io/request",
                "estack": "CypressError: `cy.request()` failed on:\n\nhttps://veloxlabs.net/api/v2/employer/2/invitation/store\n\nThe response we received from your web server was:\n\n  > 404: Not Found\n\nThis was considered a failure because the status code was not `2xx` or `3xx`.\n\nIf you do not want status codes to cause failures pass the option: `failOnStatusCode: false`\n\n-----------------------------------------------------------\n\nThe request we sent was:\n\nMethod: POST\nURL: https://veloxlabs.net/api/v2/employer/2/invitation/store\nHeaders: {\n  \"Connection\": \"keep-alive\",\n  \"Authorization\": \"Bearer eyJ0eXAiOiJKV1QiLCJhbGciOiJSUzI1NiJ9.eyJhdWQiOiIxIiwianRpIjoiYWUwNDg4NGFkNzg1ZDM5ZWMwZTFmNjJlYTM2MjNiOGYxNDMxMWZiMjE4OWE2MTMxNTc1MGJhN2JhM2E1YjMwMzkwYjI0NWQxNzE4MTk1NGQiLCJpYXQiOjE3MTA4MzY2OTAuNTIyMTYxLCJuYmYiOjE3MTA4MzY2OTAuNTIyMTYzLCJleHAiOjE3NDIzNzI2OTAuNTE5NjI2LCJzdWIiOiIyIiwic2NvcGVzIjpbXX0.gz3YYAQMbQ26zy6O71nZCk9YaoGKYs3xLdHhN4WI0tcTFknsYwsbzqGL8ya9HueqRNi8fJUH5k64Q14wmxfYCF4td1fV_V_402eIIQO5gIdIfddJr1NwzHkEVwewIYsN-44_UJvZVXlKz0ctGFW6roj2ZI4Rb7e-gOASRw8A0CUomYt5BrEgF4qB1-RtIQmev7VydTO9GWfYLv59r22cDPYZBpEtzIvsKPyFJt_W8EHKN-MajLZmj7qZfi-wZfk2UoDr1LfNsRd8scVSNehAAiTaLGtYqvQqyO0dFzncVQyRXdIRuK-l6p4-Two_5QpNX0U21cypfHXJ-wKuU4LG11pSUeZKMBvzkr8RPkcVd8AKIpnyiu1oMWvRdIJQ55vCxVzECQ9sHFriNH8_qeCu9t4V0Nkal5cvaCXv9nTTYdk5M_aezS1mxVNWqDH5z8DXF5uJ3DamnviwQ8hj_iOxeDqof0lUZqcIwkTcD7KuJraN5yv5hhQoVd2g1IkL_mzxN2o61GsMeqBLuIUdkmYNqfeC1PhCn-F3z7Td0a9bSdtaADP_bH9p-2xeDFFT3SG3lSdpVPoQ2RI5_ZI3uK6EtrIbxtnPqS4H2KasAey7HKpDg3NwSjcepvYC0U4_13lP7jKyP7rO-SWk-NjIcFoDOQlIlOxoAXGXG1hcE0CzjrQ\",\n  \"user-agent\": \"Mozilla/5.0 (Windows NT 10.0; Win64; x64) AppleWebKit/537.36 (KHTML, like Gecko) Cypress/13.6.6 Chrome/118.0.5993.159 Electron/27.1.3 Safari/537.36\",\n  \"accept\": \"*/*\",\n  \"accept-encoding\": \"gzip, deflate\",\n  \"content-type\": \"application/json\",\n  \"content-length\": 40\n}\nBody: {\"status\":\"Approved\",\"candidate_id\":750}\n\n-----------------------------------------------------------\n\nThe response we got was:\n\nStatus: 404 - Not Found\nHeaders: {\n  \"date\": \"Tue, 19 Mar 2024 09:00:04 GMT\",\n  \"content-type\": \"application/json\",\n  \"transfer-encoding\": \"chunked\",\n  \"connection\": \"keep-alive\",\n  \"vary\": \"Authorization\",\n  \"cache-control\": \"no-cache, private\",\n  \"access-control-allow-origin\": \"*\",\n  \"access-control-allow-methods\": \"GET, POST, PUT, DELETE, OPTIONS\",\n  \"access-control-allow-headers\": \"X-Requested-With, Content-Type, X-Token-Auth, Authorization, Accept\",\n  \"cf-cache-status\": \"DYNAMIC\",\n  \"report-to\": \"{\\\"endpoints\\\":[{\\\"url\\\":\\\"https:\\\\/\\\\/a.nel.cloudflare.com\\\\/report\\\\/v4?s=reKSLGcDzreh5uIHuoLSQyFGoQDA%2FU6RqszeVt6JWBmGDuuz8ju2a7e1tg4XEexxLszbTcNgtYSCIr7SBvUVob9O%2BOQnhM%2B980a%2FqZZSs6XpeFG9zHEE0Jb%2FHPeYmIgx\\\"}],\\\"group\\\":\\\"cf-nel\\\",\\\"max_age\\\":604800}\",\n  \"nel\": \"{\\\"success_fraction\\\":0,\\\"report_to\\\":\\\"cf-nel\\\",\\\"max_age\\\":604800}\",\n  \"server\": \"cloudflare\",\n  \"cf-ray\": \"866c451bc89a7f58-KTM\",\n  \"content-encoding\": \"gzip\",\n  \"alt-svc\": \"h3=\\\":443\\\"; ma=86400\"\n}\nBody: {\n  \"status\": \"error\",\n  \"code\": 404,\n  \"message\": \"Candidate Not Found.\"\n}\n\n\nhttps://on.cypress.io/request\n    at <unknown> (http://localhost:60152/__cypress/runner/cypress_runner.js:133028:72)\n    at tryCatcher (http://localhost:60152/__cypress/runner/cypress_runner.js:1807:23)\n    at Promise._settlePromiseFromHandler (http://localhost:60152/__cypress/runner/cypress_runner.js:1519:31)\n    at Promise._settlePromise (http://localhost:60152/__cypress/runner/cypress_runner.js:1576:18)\n    at Promise._settlePromise0 (http://localhost:60152/__cypress/runner/cypress_runner.js:1621:10)\n    at Promise._settlePromises (http://localhost:60152/__cypress/runner/cypress_runner.js:1701:18)\n    at _drainQueueStep (http://localhost:60152/__cypress/runner/cypress_runner.js:2407:12)\n    at _drainQueue (http://localhost:60152/__cypress/runner/cypress_runner.js:2400:9)\n    at Async._drainQueues (http://localhost:60152/__cypress/runner/cypress_runner.js:2416:5)\n    at Async.drainQueues (http://localhost:60152/__cypress/runner/cypress_runner.js:2286:14)\nFrom Your Spec Code:\n    at Context.eval (webpack://veloxlab-hajir_cypress/./cypress/e2e/ApiTesting/Employeer/Candidate/Canididate-joinRequest/e-post-invitation.cy.js:10:7)",
                "diff": null
              },
              "uuid": "452beb2f-a198-486f-acb1-f43e73dcd548",
              "parentUUID": "8e1a74e6-aa44-478a-a837-b1d43fa9be5d",
              "isHook": false,
              "skipped": false
            }
          ],
          "suites": [],
          "passes": [],
          "failures": [
            "452beb2f-a198-486f-acb1-f43e73dcd548"
          ],
          "pending": [],
          "skipped": [],
          "duration": 2297,
          "root": false,
          "rootEmpty": false,
          "_timeout": 2000
        }
      ],
      "passes": [],
      "failures": [],
      "pending": [],
      "skipped": [],
      "duration": 0,
      "root": true,
      "rootEmpty": true,
      "_timeout": 2000
    }
  ],
  "meta": {
    "mocha": {
      "version": "7.0.1"
    },
    "mochawesome": {
      "options": {
        "quiet": false,
        "reportFilename": "mochawesome",
        "saveHtml": false,
        "saveJson": true,
        "consoleReporter": "spec",
        "useInlineDiffs": false,
        "code": true
      },
      "version": "7.1.3"
    },
    "marge": {
      "options": {
        "overwrite": false,
        "html": false,
        "json": true,
        "reportDir": "cypress\\reports\\html\\.jsons"
      },
      "version": "6.2.0"
    }
  }
}