{
  "stats": {
    "suites": 1,
    "tests": 1,
    "passes": 0,
    "pending": 0,
    "failures": 1,
    "start": "2024-03-19T08:37:31.026Z",
    "end": "2024-03-19T08:37:55.166Z",
    "duration": 24140,
    "testsRegistered": 1,
    "passPercent": 0,
    "pendingPercent": 0,
    "other": 0,
    "hasOther": false,
    "skipped": 0,
    "hasSkipped": false
  },
  "results": [
    {
      "uuid": "dcb69b67-b772-4ed6-a3e0-4dda5126f38f",
      "title": "",
      "fullFile": "cypress\\e2e\\website-check\\MissingAttendence.cy.js",
      "file": "cypress\\e2e\\website-check\\MissingAttendence.cy.js",
      "beforeHooks": [],
      "afterHooks": [],
      "tests": [],
      "suites": [
        {
          "uuid": "54fe95a4-7c1f-4da9-a62b-03f56333c5de",
          "title": "Adding Missing Attendence",
          "fullFile": "",
          "file": "",
          "beforeHooks": [],
          "afterHooks": [],
          "tests": [
            {
              "title": "should be able to Add missing Attendence",
              "fullTitle": "Adding Missing Attendence should be able to Add missing Attendence",
              "timedOut": null,
              "duration": 13992,
              "state": "failed",
              "speed": null,
              "pass": false,
              "fail": true,
              "pending": false,
              "context": "{\n  \"title\": \"cypress-mochawesome-reporter-screenshots\",\n  \"value\": [\n    [\n      \"\\\\website-check\\\\MissingAttendence.cy.js\\\\Adding Missing Attendence -- should be able to Add missing Attendence (failed).png\"\n    ]\n  ]\n}",
              "code": "cy.get(\"//a[@class='MuiButtonBase-root MuiListItemButton-root MuiListItemButton-gutters Mui-selected MuiListItemButton-root MuiListItemButton-gutters Mui-selected mui-1qvrk9j']\").click();\ncy.get(\"//div[@id=':r1q:']\").click();\ncy.get(\"//li[normalize-space()='25']\").click();\ncy.get(\"//button[normalize-space()='hasne_thau']\").click();\ncy.get(\"//span[normalize-space()='Setting']\").click();\ncy.get(\"main[class='MuiBox-root mui-1m0slhe'] li:nth-child(2) a:nth-child(1)\").click();\ncy.get(\".MuiTypography-root.MuiTypography-body1.mui-p2aloj\").should('be.visible');\ncy.get(\".MuiInputBase-root\").type('Roshan Pokharel');\ncy.get(\"//input[@id=':r5s:']\").type('06012024');\ncy.get(\"//input[@id=':r5u:']\").type('0810a');\ncy.get(\"//input[@id=':r80:']\").type('0310p');\ncy.get(\"//input[@id=':r82:']\").type('1');\ncy.get(\"//button[normalize-space()='Submit']\").click();\ncy.on('window:alert', alertText => {\n  expect(alertText).to.contains('Missing Attendence added Succesfully');\n  return true;\n});",
              "err": {
                "message": "Error: Syntax error, unrecognized expression: //a[@class='MuiButtonBase-root MuiListItemButton-root MuiListItemButton-gutters Mui-selected MuiListItemButton-root MuiListItemButton-gutters Mui-selected mui-1qvrk9j']",
                "estack": "Error: Syntax error, unrecognized expression: //a[@class='MuiButtonBase-root MuiListItemButton-root MuiListItemButton-gutters Mui-selected MuiListItemButton-root MuiListItemButton-gutters Mui-selected mui-1qvrk9j']\n    at Sizzle.error (https://hajirnext.vercel.app/__cypress/runner/cypress_runner.js:8470:8)\n    at Sizzle.tokenize (https://hajirnext.vercel.app/__cypress/runner/cypress_runner.js:9122:11)\n    at Sizzle.select (https://hajirnext.vercel.app/__cypress/runner/cypress_runner.js:9549:20)\n    at Function.Sizzle [as find] (https://hajirnext.vercel.app/__cypress/runner/cypress_runner.js:7774:9)\n    at jQuery.fn.init.find (https://hajirnext.vercel.app/__cypress/runner/cypress_runner.js:9805:11)\n    at new jQuery.fn.init (https://hajirnext.vercel.app/__cypress/runner/cypress_runner.js:9920:40)\n    at Object.query (https://hajirnext.vercel.app/__cypress/runner/cypress_runner.js:34703:10)\n    at $Cy.$$ (https://hajirnext.vercel.app/__cypress/runner/cypress_runner.js:140248:57)\n    at <unknown> (https://hajirnext.vercel.app/__cypress/runner/cypress_runner.js:132137:18)\n    at Object.subjectFn (https://hajirnext.vercel.app/__cypress/runner/cypress_runner.js:144040:16)\n    at $Cy.verifyUpcomingAssertions (https://hajirnext.vercel.app/__cypress/runner/cypress_runner.js:143384:31)\n    at onRetry (https://hajirnext.vercel.app/__cypress/runner/cypress_runner.js:144031:15)\n    at retryQuery (https://hajirnext.vercel.app/__cypress/runner/cypress_runner.js:144044:10)\n    at <unknown> (https://hajirnext.vercel.app/__cypress/runner/cypress_runner.js:144194:17)\n    at tryCatcher (https://hajirnext.vercel.app/__cypress/runner/cypress_runner.js:1807:23)\n    at Promise._settlePromiseFromHandler (https://hajirnext.vercel.app/__cypress/runner/cypress_runner.js:1519:31)\n    at Promise._settlePromise (https://hajirnext.vercel.app/__cypress/runner/cypress_runner.js:1576:18)\n    at Promise._settlePromiseCtx (https://hajirnext.vercel.app/__cypress/runner/cypress_runner.js:1613:10)\n    at _drainQueueStep (https://hajirnext.vercel.app/__cypress/runner/cypress_runner.js:2411:12)\n    at _drainQueue (https://hajirnext.vercel.app/__cypress/runner/cypress_runner.js:2400:9)\n    at Async._drainQueues (https://hajirnext.vercel.app/__cypress/runner/cypress_runner.js:2416:5)\n    at Async.drainQueues (https://hajirnext.vercel.app/__cypress/runner/cypress_runner.js:2286:14)",
                "diff": null
              },
              "uuid": "fad8063a-639f-4cb4-b655-318ec900120c",
              "parentUUID": "54fe95a4-7c1f-4da9-a62b-03f56333c5de",
              "isHook": false,
              "skipped": false
            }
          ],
          "suites": [],
          "passes": [],
          "failures": [
            "fad8063a-639f-4cb4-b655-318ec900120c"
          ],
          "pending": [],
          "skipped": [],
          "duration": 13992,
          "root": false,
          "rootEmpty": false,
          "_timeout": 2000
        }
      ],
      "passes": [],
      "failures": [],
      "pending": [],
      "skipped": [],
      "duration": 0,
      "root": true,
      "rootEmpty": true,
      "_timeout": 2000
    }
  ],
  "meta": {
    "mocha": {
      "version": "7.0.1"
    },
    "mochawesome": {
      "options": {
        "quiet": false,
        "reportFilename": "mochawesome",
        "saveHtml": false,
        "saveJson": true,
        "consoleReporter": "spec",
        "useInlineDiffs": false,
        "code": true
      },
      "version": "7.1.3"
    },
    "marge": {
      "options": {
        "overwrite": false,
        "html": false,
        "json": true,
        "reportDir": "cypress\\reports\\html\\.jsons"
      },
      "version": "6.2.0"
    }
  }
}