{
  "stats": {
    "suites": 1,
    "tests": 2,
    "passes": 0,
    "pending": 0,
    "failures": 2,
    "start": "2024-03-19T08:34:44.486Z",
    "end": "2024-03-19T08:35:20.850Z",
    "duration": 36364,
    "testsRegistered": 2,
    "passPercent": 0,
    "pendingPercent": 0,
    "other": 0,
    "hasOther": false,
    "skipped": 0,
    "hasSkipped": false
  },
  "results": [
    {
      "uuid": "7bb70cad-102c-4bf3-9974-34507a809cc3",
      "title": "",
      "fullFile": "cypress\\e2e\\website-check\\EditProfile.cy.js",
      "file": "cypress\\e2e\\website-check\\EditProfile.cy.js",
      "beforeHooks": [],
      "afterHooks": [],
      "tests": [],
      "suites": [
        {
          "uuid": "6ebaf635-fe97-4a9b-ab92-33ce48a0e53c",
          "title": "Editing Profile",
          "fullFile": "",
          "file": "",
          "beforeHooks": [],
          "afterHooks": [],
          "tests": [
            {
              "title": "should be able to edit profile ",
              "fullTitle": "Editing Profile should be able to edit profile ",
              "timedOut": null,
              "duration": 13609,
              "state": "failed",
              "speed": null,
              "pass": false,
              "fail": true,
              "pending": false,
              "context": "{\n  \"title\": \"cypress-mochawesome-reporter-screenshots\",\n  \"value\": [\n    [\n      \"\\\\website-check\\\\EditProfile.cy.js\\\\Editing Profile -- should be able to edit profile (failed).png\"\n    ]\n  ]\n}",
              "code": "cy.get(\"img[alt='Profile Avatar']\").should('be.visible');\ncy.get(\"cy.get('.MuiButtonBase-root\").click();\ncy.get(\"//h2[@id=':r8j:']\").should('be.visible');\ncy.get(\".MuiButtonBase-root\").click();\ncy.get(\"#title\").click();\ncy.get(\".MuiButtonBase-root\").click();\ncy.get(\"#name\").clear().type('Rowsun Pokhrail');\ncy.get(\"#email\").clear().type('techwithroshan123@gmail.com');\ncy.get(\"#dob\").type('10032001');\ncy.get(\"#marital_status\").click();\ncy.get(\"div[id='menu-marital_status'] li:nth-child(2)\").click();\ncy.get(\"(//img[@alt='Profile Avatar'])[2]\").attachFile('fixtures/photo.jpg');\ncy.get(\"//div[@class='MuiDialogContent-root mui-1ty026z']//form//*[name()='svg']\").click();\ncy.get(\"#new_phone\").type('9811222070');\ncy.get(\"//input[@id=':ra8:']\").type('9811222070');\ncy.get(\"button[type='submit']\").click();\ncy.on('window:alert', alertText => {\n  expect(alertText).to.contains('Profile updated successfully!');\n  return true;\n});\ncy.wait(6000);\ncy.on('window:alert', alertText => {\n  expect(alertText).to.contains('Successfully Registered.');\n  return true;\n});\ncy.url().should('eq', 'https://hajirnext.vercel.app/dashboard');",
              "err": {
                "message": "TypeError: cy.get(...).attachFile is not a function",
                "estack": "TypeError: cy.get(...).attachFile is not a function\n    at Context.eval (webpack://veloxlab-hajir_cypress/./cypress/e2e/website-check/EditProfile.cy.js:30:52)",
                "diff": null
              },
              "uuid": "e52afed3-dfff-4478-8de6-3272831cf17c",
              "parentUUID": "6ebaf635-fe97-4a9b-ab92-33ce48a0e53c",
              "isHook": false,
              "skipped": false
            },
            {
              "title": "should show validation on edit profile ",
              "fullTitle": "Editing Profile should show validation on edit profile ",
              "timedOut": null,
              "duration": 13878,
              "state": "failed",
              "speed": null,
              "pass": false,
              "fail": true,
              "pending": false,
              "context": "{\n  \"title\": \"cypress-mochawesome-reporter-screenshots\",\n  \"value\": [\n    [\n      \"\\\\website-check\\\\EditProfile.cy.js\\\\Editing Profile -- should show validation on edit profile (failed).png\"\n    ]\n  ]\n}",
              "code": "cy.get(\"cy.get('.MuiButtonBase-root\").click();\ncy.get(\".MuiButtonBase-root\").click();\ncy.get(\"#name\").clear().type('2@#$%^&*');\ncy.contains('Invalid characters detected in the name field. ').should('be.visible');\ncy.get(\"#email\").clear().type('1@gma.com');\ncy.contains('Please enter a valid email address.').should('be.visible');\ncy.get(\"#dob\").type('10032001');",
              "err": {
                "message": "Error: Syntax error, unrecognized expression: cy.get('.MuiButtonBase-root",
                "estack": "Error: Syntax error, unrecognized expression: cy.get('.MuiButtonBase-root\n    at Sizzle.error (https://hajirnext.vercel.app/__cypress/runner/cypress_runner.js:8470:8)\n    at Sizzle.tokenize (https://hajirnext.vercel.app/__cypress/runner/cypress_runner.js:9122:11)\n    at Sizzle.select (https://hajirnext.vercel.app/__cypress/runner/cypress_runner.js:9549:20)\n    at Function.Sizzle [as find] (https://hajirnext.vercel.app/__cypress/runner/cypress_runner.js:7774:9)\n    at jQuery.fn.init.find (https://hajirnext.vercel.app/__cypress/runner/cypress_runner.js:9805:11)\n    at new jQuery.fn.init (https://hajirnext.vercel.app/__cypress/runner/cypress_runner.js:9920:40)\n    at Object.query (https://hajirnext.vercel.app/__cypress/runner/cypress_runner.js:34703:10)\n    at $Cy.$$ (https://hajirnext.vercel.app/__cypress/runner/cypress_runner.js:140248:57)\n    at <unknown> (https://hajirnext.vercel.app/__cypress/runner/cypress_runner.js:132137:18)\n    at Object.subjectFn (https://hajirnext.vercel.app/__cypress/runner/cypress_runner.js:144040:16)\n    at $Cy.verifyUpcomingAssertions (https://hajirnext.vercel.app/__cypress/runner/cypress_runner.js:143384:31)\n    at onRetry (https://hajirnext.vercel.app/__cypress/runner/cypress_runner.js:144031:15)\n    at retryQuery (https://hajirnext.vercel.app/__cypress/runner/cypress_runner.js:144044:10)\n    at <unknown> (https://hajirnext.vercel.app/__cypress/runner/cypress_runner.js:144194:17)\n    at tryCatcher (https://hajirnext.vercel.app/__cypress/runner/cypress_runner.js:1807:23)\n    at Promise._settlePromiseFromHandler (https://hajirnext.vercel.app/__cypress/runner/cypress_runner.js:1519:31)\n    at Promise._settlePromise (https://hajirnext.vercel.app/__cypress/runner/cypress_runner.js:1576:18)\n    at Promise._settlePromiseCtx (https://hajirnext.vercel.app/__cypress/runner/cypress_runner.js:1613:10)\n    at _drainQueueStep (https://hajirnext.vercel.app/__cypress/runner/cypress_runner.js:2411:12)\n    at _drainQueue (https://hajirnext.vercel.app/__cypress/runner/cypress_runner.js:2400:9)\n    at Async._drainQueues (https://hajirnext.vercel.app/__cypress/runner/cypress_runner.js:2416:5)\n    at Async.drainQueues (https://hajirnext.vercel.app/__cypress/runner/cypress_runner.js:2286:14)",
                "diff": null
              },
              "uuid": "2644769e-ffcd-48d2-83fd-e4f2619c977d",
              "parentUUID": "6ebaf635-fe97-4a9b-ab92-33ce48a0e53c",
              "isHook": false,
              "skipped": false
            }
          ],
          "suites": [],
          "passes": [],
          "failures": [
            "e52afed3-dfff-4478-8de6-3272831cf17c",
            "2644769e-ffcd-48d2-83fd-e4f2619c977d"
          ],
          "pending": [],
          "skipped": [],
          "duration": 27487,
          "root": false,
          "rootEmpty": false,
          "_timeout": 2000
        }
      ],
      "passes": [],
      "failures": [],
      "pending": [],
      "skipped": [],
      "duration": 0,
      "root": true,
      "rootEmpty": true,
      "_timeout": 2000
    }
  ],
  "meta": {
    "mocha": {
      "version": "7.0.1"
    },
    "mochawesome": {
      "options": {
        "quiet": false,
        "reportFilename": "mochawesome",
        "saveHtml": false,
        "saveJson": true,
        "consoleReporter": "spec",
        "useInlineDiffs": false,
        "code": true
      },
      "version": "7.1.3"
    },
    "marge": {
      "options": {
        "overwrite": false,
        "html": false,
        "json": true,
        "reportDir": "cypress\\reports\\html\\.jsons"
      },
      "version": "6.2.0"
    }
  }
}