{
  "stats": {
    "suites": 1,
    "tests": 3,
    "passes": 0,
    "pending": 0,
    "failures": 3,
    "start": "2024-03-19T08:33:23.054Z",
    "end": "2024-03-19T08:34:32.543Z",
    "duration": 69489,
    "testsRegistered": 5,
    "passPercent": 0,
    "pendingPercent": 0,
    "other": 0,
    "hasOther": false,
    "skipped": 2,
    "hasSkipped": true
  },
  "results": [
    {
      "uuid": "0979b081-02db-4a6c-af54-bb204f9d10bc",
      "title": "",
      "fullFile": "cypress\\e2e\\website-check\\Createcompany.cy.js",
      "file": "cypress\\e2e\\website-check\\Createcompany.cy.js",
      "beforeHooks": [],
      "afterHooks": [],
      "tests": [],
      "suites": [
        {
          "uuid": "224852dc-92de-47a9-8fe2-35b577a501ca",
          "title": "Should be able to create company",
          "fullFile": "",
          "file": "",
          "beforeHooks": [],
          "afterHooks": [],
          "tests": [
            {
              "title": "should be able to Search existing company",
              "fullTitle": "Should be able to create company should be able to Search existing company",
              "timedOut": null,
              "duration": 18820,
              "state": "failed",
              "speed": null,
              "pass": false,
              "fail": true,
              "pending": false,
              "context": "{\n  \"title\": \"cypress-mochawesome-reporter-screenshots\",\n  \"value\": [\n    [\n      \"\\\\website-check\\\\Createcompany.cy.js\\\\Should be able to create company -- should be able to Search existing company (failed).png\"\n    ]\n  ]\n}",
              "code": "cy.get(\"//a[@class='MuiButtonBase-root MuiListItemButton-root MuiListItemButton-gutters Mui-selected MuiListItemButton-root MuiListItemButton-gutters Mui-selected mui-1qvrk9j']\").click();\ncy.get('li:nth-child(2) a:nth-child(1)').click();\ncy.get(\"div[class='MuiBox-root mui-0'] h2\").should('be.visible');\ncy.get(\"//input[@id=':r1:']\").type('Rune');",
              "err": {
                "message": "Error: Syntax error, unrecognized expression: //a[@class='MuiButtonBase-root MuiListItemButton-root MuiListItemButton-gutters Mui-selected MuiListItemButton-root MuiListItemButton-gutters Mui-selected mui-1qvrk9j']",
                "estack": "Error: Syntax error, unrecognized expression: //a[@class='MuiButtonBase-root MuiListItemButton-root MuiListItemButton-gutters Mui-selected MuiListItemButton-root MuiListItemButton-gutters Mui-selected mui-1qvrk9j']\n    at Sizzle.error (https://hajirnext.vercel.app/__cypress/runner/cypress_runner.js:8470:8)\n    at Sizzle.tokenize (https://hajirnext.vercel.app/__cypress/runner/cypress_runner.js:9122:11)\n    at Sizzle.select (https://hajirnext.vercel.app/__cypress/runner/cypress_runner.js:9549:20)\n    at Function.Sizzle [as find] (https://hajirnext.vercel.app/__cypress/runner/cypress_runner.js:7774:9)\n    at jQuery.fn.init.find (https://hajirnext.vercel.app/__cypress/runner/cypress_runner.js:9805:11)\n    at new jQuery.fn.init (https://hajirnext.vercel.app/__cypress/runner/cypress_runner.js:9920:40)\n    at Object.query (https://hajirnext.vercel.app/__cypress/runner/cypress_runner.js:34703:10)\n    at $Cy.$$ (https://hajirnext.vercel.app/__cypress/runner/cypress_runner.js:140248:57)\n    at <unknown> (https://hajirnext.vercel.app/__cypress/runner/cypress_runner.js:132137:18)\n    at Object.subjectFn (https://hajirnext.vercel.app/__cypress/runner/cypress_runner.js:144040:16)\n    at $Cy.verifyUpcomingAssertions (https://hajirnext.vercel.app/__cypress/runner/cypress_runner.js:143384:31)\n    at onRetry (https://hajirnext.vercel.app/__cypress/runner/cypress_runner.js:144031:15)\n    at retryQuery (https://hajirnext.vercel.app/__cypress/runner/cypress_runner.js:144044:10)\n    at <unknown> (https://hajirnext.vercel.app/__cypress/runner/cypress_runner.js:144194:17)\n    at tryCatcher (https://hajirnext.vercel.app/__cypress/runner/cypress_runner.js:1807:23)\n    at Promise._settlePromiseFromHandler (https://hajirnext.vercel.app/__cypress/runner/cypress_runner.js:1519:31)\n    at Promise._settlePromise (https://hajirnext.vercel.app/__cypress/runner/cypress_runner.js:1576:18)\n    at Promise._settlePromiseCtx (https://hajirnext.vercel.app/__cypress/runner/cypress_runner.js:1613:10)\n    at _drainQueueStep (https://hajirnext.vercel.app/__cypress/runner/cypress_runner.js:2411:12)\n    at _drainQueue (https://hajirnext.vercel.app/__cypress/runner/cypress_runner.js:2400:9)\n    at Async._drainQueues (https://hajirnext.vercel.app/__cypress/runner/cypress_runner.js:2416:5)\n    at Async.drainQueues (https://hajirnext.vercel.app/__cypress/runner/cypress_runner.js:2286:14)",
                "diff": null
              },
              "uuid": "b67439c7-330b-4a3c-a0b4-34fee4538f5c",
              "parentUUID": "224852dc-92de-47a9-8fe2-35b577a501ca",
              "isHook": false,
              "skipped": false
            },
            {
              "title": "should be able to create new company with default holiday",
              "fullTitle": "Should be able to create company should be able to create new company with default holiday",
              "timedOut": null,
              "duration": 13796,
              "state": "failed",
              "speed": null,
              "pass": false,
              "fail": true,
              "pending": false,
              "context": "{\n  \"title\": \"cypress-mochawesome-reporter-screenshots\",\n  \"value\": [\n    [\n      \"\\\\website-check\\\\Createcompany.cy.js\\\\Should be able to create company -- should be able to create new company with default holiday (failed).png\"\n    ]\n  ]\n}",
              "code": "cy.get(\"//a[@class='MuiButtonBase-root MuiListItemButton-root MuiListItemButton-gutters Mui-selected MuiListItemButton-root MuiListItemButton-gutters Mui-selected mui-1qvrk9j']\").click();\ncy.get(\"//button[normalize-space()='Create Company']\").click();\ncy.get(\"//p[@class='MuiTypography-root MuiTypography-body1 mui-p2aloj']\").should('be.visible');\ncy.get(\"//input[@id=':r47:']\").type('Roshan-Test1');\ncy.get('body > div:nth-child(18) > main:nth-child(3) > div:nth-child(1) > form:nth-child(3) > div:nth-child(1) > div:nth-child(1) > div:nth-child(1) > div:nth-child(4) > div:nth-child(1)').click(); //staff code\ncy.get(\"//body/div/main[@class='MuiBox-root mui-1m0slhe']/div[@class='MuiBox-root mui-asqbzi']/form/div[@class='MuiGrid-root MuiGrid-container mui-1d3bbye']/div[@class='MuiGrid-root MuiGrid-item MuiGrid-grid-xs-6 mui-1s50f5r']/div[@class='MuiBox-root mui-1dny3n3']/div[3]/div[1]\").click(); //Date selection\ncy.get(\"div[class='MuiBox-root mui-1qm1lh'] div[class='MuiBox-root mui-1qj5c6v']\").click(); //Holiday\ncy.get(\"button[type='submit']\").click();\ncy.on('window:alert', alertText => {\n  expect(alertText).to.contains('company added succesfully!');\n  return true;\n});\ncy.get(\" body > div:nth-child(18) > main:nth-child(3) > div:nth-child(1) > div:nth-child(1) > div:nth-child(1) > div:nth-child(1) > div:nth-child(3) > div:nth-child(2) > div:nth-child(1) > div:nth-child(2) > table:nth-child(1) > tbody:nth-child(2) > tr:nth-child(1) > td:nth-child(2)\").should('be.visible');",
              "err": {
                "message": "Error: Syntax error, unrecognized expression: //a[@class='MuiButtonBase-root MuiListItemButton-root MuiListItemButton-gutters Mui-selected MuiListItemButton-root MuiListItemButton-gutters Mui-selected mui-1qvrk9j']",
                "estack": "Error: Syntax error, unrecognized expression: //a[@class='MuiButtonBase-root MuiListItemButton-root MuiListItemButton-gutters Mui-selected MuiListItemButton-root MuiListItemButton-gutters Mui-selected mui-1qvrk9j']\n    at Sizzle.error (https://hajirnext.vercel.app/__cypress/runner/cypress_runner.js:8470:8)\n    at Sizzle.tokenize (https://hajirnext.vercel.app/__cypress/runner/cypress_runner.js:9122:11)\n    at Sizzle.select (https://hajirnext.vercel.app/__cypress/runner/cypress_runner.js:9549:20)\n    at Function.Sizzle [as find] (https://hajirnext.vercel.app/__cypress/runner/cypress_runner.js:7774:9)\n    at jQuery.fn.init.find (https://hajirnext.vercel.app/__cypress/runner/cypress_runner.js:9805:11)\n    at new jQuery.fn.init (https://hajirnext.vercel.app/__cypress/runner/cypress_runner.js:9920:40)\n    at Object.query (https://hajirnext.vercel.app/__cypress/runner/cypress_runner.js:34703:10)\n    at $Cy.$$ (https://hajirnext.vercel.app/__cypress/runner/cypress_runner.js:140248:57)\n    at <unknown> (https://hajirnext.vercel.app/__cypress/runner/cypress_runner.js:132137:18)\n    at Object.subjectFn (https://hajirnext.vercel.app/__cypress/runner/cypress_runner.js:144040:16)\n    at $Cy.verifyUpcomingAssertions (https://hajirnext.vercel.app/__cypress/runner/cypress_runner.js:143384:31)\n    at onRetry (https://hajirnext.vercel.app/__cypress/runner/cypress_runner.js:144031:15)\n    at retryQuery (https://hajirnext.vercel.app/__cypress/runner/cypress_runner.js:144044:10)\n    at <unknown> (https://hajirnext.vercel.app/__cypress/runner/cypress_runner.js:144194:17)\n    at tryCatcher (https://hajirnext.vercel.app/__cypress/runner/cypress_runner.js:1807:23)\n    at Promise._settlePromiseFromHandler (https://hajirnext.vercel.app/__cypress/runner/cypress_runner.js:1519:31)\n    at Promise._settlePromise (https://hajirnext.vercel.app/__cypress/runner/cypress_runner.js:1576:18)\n    at Promise._settlePromiseCtx (https://hajirnext.vercel.app/__cypress/runner/cypress_runner.js:1613:10)\n    at _drainQueueStep (https://hajirnext.vercel.app/__cypress/runner/cypress_runner.js:2411:12)\n    at _drainQueue (https://hajirnext.vercel.app/__cypress/runner/cypress_runner.js:2400:9)\n    at Async._drainQueues (https://hajirnext.vercel.app/__cypress/runner/cypress_runner.js:2416:5)\n    at Async.drainQueues (https://hajirnext.vercel.app/__cypress/runner/cypress_runner.js:2286:14)",
                "diff": null
              },
              "uuid": "d7bb452c-4c40-48a6-9679-13fd717413de",
              "parentUUID": "224852dc-92de-47a9-8fe2-35b577a501ca",
              "isHook": false,
              "skipped": false
            },
            {
              "title": "should be able to create new company with uploding custom holiday ",
              "fullTitle": "Should be able to create company should be able to create new company with uploding custom holiday ",
              "timedOut": null,
              "duration": 25037,
              "state": "failed",
              "speed": null,
              "pass": false,
              "fail": true,
              "pending": false,
              "context": "{\n  \"title\": \"cypress-mochawesome-reporter-screenshots\",\n  \"value\": [\n    [\n      \"\\\\website-check\\\\Createcompany.cy.js\\\\Should be able to create company -- should be able to create new company with uploding custom holiday -- before each hook (failed).png\"\n    ]\n  ]\n}",
              "code": "cy.get(\"//a[@class='MuiButtonBase-root MuiListItemButton-root MuiListItemButton-gutters Mui-selected MuiListItemButton-root MuiListItemButton-gutters Mui-selected mui-1qvrk9j']\").click();\ncy.get(\"//button[normalize-space()='Create Company']\").click();\ncy.get(\"//p[@class='MuiTypography-root MuiTypography-body1 mui-p2aloj']\").should('be.visible');\ncy.get(\"//input[@id=':r47:']\").type(companyname);\ncy.get('body > div:nth-child(18) > main:nth-child(3) > div:nth-child(1) > form:nth-child(3) > div:nth-child(1) > div:nth-child(1) > div:nth-child(1) > div:nth-child(4) > div:nth-child(1)').click(); //staff code\ncy.get(\"//body/div/main[@class='MuiBox-root mui-1m0slhe']/div[@class='MuiBox-root mui-asqbzi']/form/div[@class='MuiGrid-root MuiGrid-container mui-1d3bbye']/div[@class='MuiGrid-root MuiGrid-item MuiGrid-grid-xs-6 mui-1s50f5r']/div[@class='MuiBox-root mui-1dny3n3']/div[3]/div[1]\").click(); //Date selection\ncy.get(\"(//div[@role='radiogroup'])[4]\").click();\ncy.fixture('Default_gov_holiday_2081').then(fileContent => {\n  // Find the file input element and attach the file\n  cy.get('input[type=\"file\"]').attachFile({\n    fileContent: fileContent,\n    fileName: 'Default_gov_holiday_2081',\n    mimeType: 'application/vnd.ms-excel'\n  });\n});\ncy.get(\"button[type='submit']\").click();\ncy.on('window:alert', alertText => {\n  expect(alertText).to.contains('company added succesfully!');\n  return true;\n});\ncy.get(\" body > div:nth-child(18) > main:nth-child(3) > div:nth-child(1) > div:nth-child(1) > div:nth-child(1) > div:nth-child(1) > div:nth-child(3) > div:nth-child(2) > div:nth-child(1) > div:nth-child(2) > table:nth-child(1) > tbody:nth-child(2) > tr:nth-child(1) > td:nth-child(2)\").should('be.visible');",
              "err": {
                "message": "AssertionError: Timed out retrying after 4000ms: expected 'https://hajirnext.vercel.app/otp?phone=9861389660&otp=7093' to equal 'https://hajirnext.vercel.app/dashboard'\n\nBecause this error occurred during a `before each` hook we are skipping the remaining tests in the current suite: `Should be able to create co...`",
                "estack": "AssertionError: Timed out retrying after 4000ms: expected 'https://hajirnext.vercel.app/otp?phone=9861389660&otp=7093' to equal 'https://hajirnext.vercel.app/dashboard'\n\nBecause this error occurred during a `before each` hook we are skipping the remaining tests in the current suite: `Should be able to create co...`\n    at Context.eval (webpack://veloxlab-hajir_cypress/./cypress/e2e/website-check/Createcompany.cy.js:24:17)",
                "diff": "- '\\'https://hajirnext.vercel.app/otp?phone=9861389660&otp=7093\\''\n+ '\\'https://hajirnext.vercel.app/dashboard\\''\n"
              },
              "uuid": "f0e6d6df-2115-49be-80d3-dfc56bec7924",
              "parentUUID": "224852dc-92de-47a9-8fe2-35b577a501ca",
              "isHook": false,
              "skipped": false
            },
            {
              "title": "should show error while creating existing company",
              "fullTitle": "Should be able to create company should show error while creating existing company",
              "timedOut": null,
              "duration": 0,
              "state": "skipped",
              "speed": null,
              "pass": false,
              "fail": false,
              "pending": false,
              "context": null,
              "code": "cy.get(\"//a[@class='MuiButtonBase-root MuiListItemButton-root MuiListItemButton-gutters Mui-selected MuiListItemButton-root MuiListItemButton-gutters Mui-selected mui-1qvrk9j']\").click();\ncy.get(\"//button[normalize-space()='Create Company']\").click();\ncy.get(\"//p[@class='MuiTypography-root MuiTypography-body1 mui-p2aloj']\").should('be.visible');\ncy.get(\"//input[@id=':r47:']\").type('Roshan-Test1');\ncy.get('body > div:nth-child(18) > main:nth-child(3) > div:nth-child(1) > form:nth-child(3) > div:nth-child(1) > div:nth-child(1) > div:nth-child(1) > div:nth-child(4) > div:nth-child(1)').click(); //staff code\ncy.get(\"//body/div/main[@class='MuiBox-root mui-1m0slhe']/div[@class='MuiBox-root mui-asqbzi']/form/div[@class='MuiGrid-root MuiGrid-container mui-1d3bbye']/div[@class='MuiGrid-root MuiGrid-item MuiGrid-grid-xs-6 mui-1s50f5r']/div[@class='MuiBox-root mui-1dny3n3']/div[3]/div[1]\").click(); //Date selection\ncy.get(\"div[class='MuiBox-root mui-1qm1lh'] div[class='MuiBox-root mui-1qj5c6v']\").click(); //Holiday\ncy.get(\"button[type='submit']\").click();\ncy.on('window:alert', alertText => {\n  expect(alertText).to.contains('company name already exists.');\n  return true;\n});",
              "err": {},
              "uuid": "871b1ece-f92e-4799-b190-db8dae1f531e",
              "parentUUID": "224852dc-92de-47a9-8fe2-35b577a501ca",
              "isHook": false,
              "skipped": true
            },
            {
              "title": "should show error while not filing required fill",
              "fullTitle": "Should be able to create company should show error while not filing required fill",
              "timedOut": null,
              "duration": 0,
              "state": "skipped",
              "speed": null,
              "pass": false,
              "fail": false,
              "pending": false,
              "context": null,
              "code": "cy.get(\"//a[@class='MuiButtonBase-root MuiListItemButton-root MuiListItemButton-gutters Mui-selected MuiListItemButton-root MuiListItemButton-gutters Mui-selected mui-1qvrk9j']\").click();\ncy.get(\"//button[normalize-space()='Create Company']\").click();\ncy.get(\"//p[@class='MuiTypography-root MuiTypography-body1 mui-p2aloj']\").should('be.visible');\ncy.get(\"button[type='submit']\").click();\ncy.get(\"//p[@id=':rp:-helper-text']\").should('be.visible');\ncy.get(\"//p[normalize-space()='Please select a staff code']\").should('be.visible');\ncy.get(\"//p[normalize-space()='Please select a date']\").should('be.visible');",
              "err": {},
              "uuid": "71cd2206-7491-49ee-83c1-f03960999a15",
              "parentUUID": "224852dc-92de-47a9-8fe2-35b577a501ca",
              "isHook": false,
              "skipped": true
            }
          ],
          "suites": [],
          "passes": [],
          "failures": [
            "b67439c7-330b-4a3c-a0b4-34fee4538f5c",
            "d7bb452c-4c40-48a6-9679-13fd717413de",
            "f0e6d6df-2115-49be-80d3-dfc56bec7924"
          ],
          "pending": [],
          "skipped": [
            "871b1ece-f92e-4799-b190-db8dae1f531e",
            "71cd2206-7491-49ee-83c1-f03960999a15"
          ],
          "duration": 57653,
          "root": false,
          "rootEmpty": false,
          "_timeout": 2000
        }
      ],
      "passes": [],
      "failures": [],
      "pending": [],
      "skipped": [],
      "duration": 0,
      "root": true,
      "rootEmpty": true,
      "_timeout": 2000
    }
  ],
  "meta": {
    "mocha": {
      "version": "7.0.1"
    },
    "mochawesome": {
      "options": {
        "quiet": false,
        "reportFilename": "mochawesome",
        "saveHtml": false,
        "saveJson": true,
        "consoleReporter": "spec",
        "useInlineDiffs": false,
        "code": true
      },
      "version": "7.1.3"
    },
    "marge": {
      "options": {
        "overwrite": false,
        "html": false,
        "json": true,
        "reportDir": "cypress\\reports\\html\\.jsons"
      },
      "version": "6.2.0"
    }
  }
}