{
  "stats": {
    "suites": 1,
    "tests": 1,
    "passes": 0,
    "pending": 0,
    "failures": 1,
    "start": "2024-03-19T08:45:25.622Z",
    "end": "2024-03-19T08:45:27.159Z",
    "duration": 1537,
    "testsRegistered": 1,
    "passPercent": 0,
    "pendingPercent": 0,
    "other": 0,
    "hasOther": false,
    "skipped": 0,
    "hasSkipped": false
  },
  "results": [
    {
      "uuid": "893f1b45-bf71-48c0-8c57-43d309ca7ad2",
      "title": "",
      "fullFile": "cypress\\e2e\\ApiTesting\\Candidate\\Authentication\\c-post-verifyotp.cy.js",
      "file": "cypress\\e2e\\ApiTesting\\Candidate\\Authentication\\c-post-verifyotp.cy.js",
      "beforeHooks": [],
      "afterHooks": [],
      "tests": [],
      "suites": [
        {
          "uuid": "7160c6a0-b21b-471d-bdf5-1dd0d71c33a0",
          "title": "Registration Process",
          "fullFile": "",
          "file": "",
          "beforeHooks": [],
          "afterHooks": [],
          "tests": [
            {
              "title": "should be able verify otp",
              "fullTitle": "Registration Process should be able verify otp",
              "timedOut": null,
              "duration": 1233,
              "state": "failed",
              "speed": null,
              "pass": false,
              "fail": true,
              "pending": false,
              "context": "{\n  \"title\": \"cypress-mochawesome-reporter-screenshots\",\n  \"value\": [\n    [\n      \"\\\\ApiTesting\\\\Candidate\\\\Authentication\\\\c-post-verifyotp.cy.js\\\\Registration Process -- should be able verify otp (failed).png\"\n    ]\n  ]\n}",
              "code": "cy.request({\n  method: 'POST',\n  url: 'https://veloxlabs.net/api/v2/candidate/verify-opt',\n  headers: {\n    'Content-Type': 'application/json'\n  },\n  body: {\n    \"phone\": _constants.candidatePhone,\n    \"otp\": _constants.otpc\n  }\n}).then(response => {\n  expect(response.status).to.equal(200);\n  expect(response.body.status).to.equal(\"success\");\n  expect(response.body.message).to.equal(\"Logged in successfully\");\n  expect(response.body.data.token).to.be.a('string');\n});",
              "err": {
                "message": "CypressError: `cy.request()` failed on:\n\nhttps://veloxlabs.net/api/v2/candidate/verify-opt\n\nThe response we received from your web server was:\n\n  > 400: Bad Request\n\nThis was considered a failure because the status code was not `2xx` or `3xx`.\n\nIf you do not want status codes to cause failures pass the option: `failOnStatusCode: false`\n\n-----------------------------------------------------------\n\nThe request we sent was:\n\nMethod: POST\nURL: https://veloxlabs.net/api/v2/candidate/verify-opt\nHeaders: {\n  \"Connection\": \"keep-alive\",\n  \"Content-Type\": \"application/json\",\n  \"user-agent\": \"Mozilla/5.0 (Windows NT 10.0; Win64; x64) AppleWebKit/537.36 (KHTML, like Gecko) Cypress/13.6.6 Chrome/118.0.5993.159 Electron/27.1.3 Safari/537.36\",\n  \"accept\": \"*/*\",\n  \"accept-encoding\": \"gzip, deflate\",\n  \"content-length\": 35\n}\nBody: {\"phone\":\"9861389660\",\"otp\":\"3085\"}\n\n-----------------------------------------------------------\n\nThe response we got was:\n\nStatus: 400 - Bad Request\nHeaders: {\n  \"date\": \"Tue, 19 Mar 2024 08:45:25 GMT\",\n  \"content-type\": \"application/json\",\n  \"transfer-encoding\": \"chunked\",\n  \"connection\": \"keep-alive\",\n  \"cache-control\": \"no-cache, private\",\n  \"access-control-allow-origin\": \"*\",\n  \"access-control-allow-methods\": \"GET, POST, PUT, DELETE, OPTIONS\",\n  \"access-control-allow-headers\": \"X-Requested-With, Content-Type, X-Token-Auth, Authorization, Accept\",\n  \"cf-cache-status\": \"DYNAMIC\",\n  \"report-to\": \"{\\\"endpoints\\\":[{\\\"url\\\":\\\"https:\\\\/\\\\/a.nel.cloudflare.com\\\\/report\\\\/v4?s=RB2tBbGa830hUXwmo%2BjmmuW9CYT2I5erfwDL5yjhfxJyDt51Q9%2BtGKdDgGSGCpv1gQdFYIflEEE8Pu2q2ynTOOM1X13yiIyXOkidGmP6Q2MhQKktnABzv%2FOD1VWTrfr5\\\"}],\\\"group\\\":\\\"cf-nel\\\",\\\"max_age\\\":604800}\",\n  \"nel\": \"{\\\"success_fraction\\\":0,\\\"report_to\\\":\\\"cf-nel\\\",\\\"max_age\\\":604800}\",\n  \"server\": \"cloudflare\",\n  \"cf-ray\": \"866c2fa768ad7f58-KTM\",\n  \"alt-svc\": \"h3=\\\":443\\\"; ma=86400\"\n}\nBody: {\n  \"status\": \"error\",\n  \"code\": \"\",\n  \"message\": \"OTP Not Found. Please Request New OTP and Verify.\"\n}\n\n\nhttps://on.cypress.io/request",
                "estack": "CypressError: `cy.request()` failed on:\n\nhttps://veloxlabs.net/api/v2/candidate/verify-opt\n\nThe response we received from your web server was:\n\n  > 400: Bad Request\n\nThis was considered a failure because the status code was not `2xx` or `3xx`.\n\nIf you do not want status codes to cause failures pass the option: `failOnStatusCode: false`\n\n-----------------------------------------------------------\n\nThe request we sent was:\n\nMethod: POST\nURL: https://veloxlabs.net/api/v2/candidate/verify-opt\nHeaders: {\n  \"Connection\": \"keep-alive\",\n  \"Content-Type\": \"application/json\",\n  \"user-agent\": \"Mozilla/5.0 (Windows NT 10.0; Win64; x64) AppleWebKit/537.36 (KHTML, like Gecko) Cypress/13.6.6 Chrome/118.0.5993.159 Electron/27.1.3 Safari/537.36\",\n  \"accept\": \"*/*\",\n  \"accept-encoding\": \"gzip, deflate\",\n  \"content-length\": 35\n}\nBody: {\"phone\":\"9861389660\",\"otp\":\"3085\"}\n\n-----------------------------------------------------------\n\nThe response we got was:\n\nStatus: 400 - Bad Request\nHeaders: {\n  \"date\": \"Tue, 19 Mar 2024 08:45:25 GMT\",\n  \"content-type\": \"application/json\",\n  \"transfer-encoding\": \"chunked\",\n  \"connection\": \"keep-alive\",\n  \"cache-control\": \"no-cache, private\",\n  \"access-control-allow-origin\": \"*\",\n  \"access-control-allow-methods\": \"GET, POST, PUT, DELETE, OPTIONS\",\n  \"access-control-allow-headers\": \"X-Requested-With, Content-Type, X-Token-Auth, Authorization, Accept\",\n  \"cf-cache-status\": \"DYNAMIC\",\n  \"report-to\": \"{\\\"endpoints\\\":[{\\\"url\\\":\\\"https:\\\\/\\\\/a.nel.cloudflare.com\\\\/report\\\\/v4?s=RB2tBbGa830hUXwmo%2BjmmuW9CYT2I5erfwDL5yjhfxJyDt51Q9%2BtGKdDgGSGCpv1gQdFYIflEEE8Pu2q2ynTOOM1X13yiIyXOkidGmP6Q2MhQKktnABzv%2FOD1VWTrfr5\\\"}],\\\"group\\\":\\\"cf-nel\\\",\\\"max_age\\\":604800}\",\n  \"nel\": \"{\\\"success_fraction\\\":0,\\\"report_to\\\":\\\"cf-nel\\\",\\\"max_age\\\":604800}\",\n  \"server\": \"cloudflare\",\n  \"cf-ray\": \"866c2fa768ad7f58-KTM\",\n  \"alt-svc\": \"h3=\\\":443\\\"; ma=86400\"\n}\nBody: {\n  \"status\": \"error\",\n  \"code\": \"\",\n  \"message\": \"OTP Not Found. Please Request New OTP and Verify.\"\n}\n\n\nhttps://on.cypress.io/request\n    at <unknown> (http://localhost:60152/__cypress/runner/cypress_runner.js:133028:72)\n    at tryCatcher (http://localhost:60152/__cypress/runner/cypress_runner.js:1807:23)\n    at Promise._settlePromiseFromHandler (http://localhost:60152/__cypress/runner/cypress_runner.js:1519:31)\n    at Promise._settlePromise (http://localhost:60152/__cypress/runner/cypress_runner.js:1576:18)\n    at Promise._settlePromise0 (http://localhost:60152/__cypress/runner/cypress_runner.js:1621:10)\n    at Promise._settlePromises (http://localhost:60152/__cypress/runner/cypress_runner.js:1701:18)\n    at _drainQueueStep (http://localhost:60152/__cypress/runner/cypress_runner.js:2407:12)\n    at _drainQueue (http://localhost:60152/__cypress/runner/cypress_runner.js:2400:9)\n    at Async._drainQueues (http://localhost:60152/__cypress/runner/cypress_runner.js:2416:5)\n    at Async.drainQueues (http://localhost:60152/__cypress/runner/cypress_runner.js:2286:14)\nFrom Your Spec Code:\n    at Context.eval (webpack://veloxlab-hajir_cypress/./cypress/e2e/ApiTesting/Candidate/Authentication/c-post-verifyotp.cy.js:7:7)",
                "diff": null
              },
              "uuid": "3006e4b5-e43b-4db3-9211-e453e73ed953",
              "parentUUID": "7160c6a0-b21b-471d-bdf5-1dd0d71c33a0",
              "isHook": false,
              "skipped": false
            }
          ],
          "suites": [],
          "passes": [],
          "failures": [
            "3006e4b5-e43b-4db3-9211-e453e73ed953"
          ],
          "pending": [],
          "skipped": [],
          "duration": 1233,
          "root": false,
          "rootEmpty": false,
          "_timeout": 2000
        }
      ],
      "passes": [],
      "failures": [],
      "pending": [],
      "skipped": [],
      "duration": 0,
      "root": true,
      "rootEmpty": true,
      "_timeout": 2000
    }
  ],
  "meta": {
    "mocha": {
      "version": "7.0.1"
    },
    "mochawesome": {
      "options": {
        "quiet": false,
        "reportFilename": "mochawesome",
        "saveHtml": false,
        "saveJson": true,
        "consoleReporter": "spec",
        "useInlineDiffs": false,
        "code": true
      },
      "version": "7.1.3"
    },
    "marge": {
      "options": {
        "overwrite": false,
        "html": false,
        "json": true,
        "reportDir": "cypress\\reports\\html\\.jsons"
      },
      "version": "6.2.0"
    }
  }
}