{
  "stats": {
    "suites": 1,
    "tests": 1,
    "passes": 0,
    "pending": 0,
    "failures": 1,
    "start": "2024-03-19T08:46:49.008Z",
    "end": "2024-03-19T08:46:59.146Z",
    "duration": 10138,
    "testsRegistered": 1,
    "passPercent": 0,
    "pendingPercent": 0,
    "other": 0,
    "hasOther": false,
    "skipped": 0,
    "hasSkipped": false
  },
  "results": [
    {
      "uuid": "6b77ad83-4bf2-49b1-a9d0-7b91af1de4d3",
      "title": "",
      "fullFile": "cypress\\e2e\\ApiTesting\\Candidate\\Leaves\\c-get-leavedetail.cy.js",
      "file": "cypress\\e2e\\ApiTesting\\Candidate\\Leaves\\c-get-leavedetail.cy.js",
      "beforeHooks": [],
      "afterHooks": [],
      "tests": [],
      "suites": [
        {
          "uuid": "411d0a26-1fe0-437e-bb9a-773cb5395fe4",
          "title": "Get leave Details",
          "fullFile": "",
          "file": "",
          "beforeHooks": [],
          "afterHooks": [],
          "tests": [
            {
              "title": "should be able to get leave details ",
              "fullTitle": "Get leave Details should be able to get leave details ",
              "timedOut": null,
              "duration": 9584,
              "state": "failed",
              "speed": null,
              "pass": false,
              "fail": true,
              "pending": false,
              "context": "{\n  \"title\": \"cypress-mochawesome-reporter-screenshots\",\n  \"value\": [\n    [\n      \"\\\\ApiTesting\\\\Candidate\\\\Leaves\\\\c-get-leavedetail.cy.js\\\\Get leave Details -- should be able to get leave details (failed).png\"\n    ]\n  ]\n}",
              "code": "cy.request({\n  method: 'GET',\n  url: `https://veloxlabs.net/api/v2/candidate/get-single-leave-details/${_constants.companyId}/132`,\n  headers: {\n    'Authorization': _constants.canToken\n  }\n}).then(response => {\n  expect(response.body.status).to.equal(\"success\");\n  expect(response.body.message).to.equal(\"Successfully Fetched\");\n  expect(response.body.data.id).to.equal(132);\n  expect(response.body.data.candidate_id).to.equal(72);\n  expect(response.body.data.company_id).to.equal(2);\n  expect(response.body.data.leave_type).to.equal(\"Sick Leave\");\n  expect(response.body.data.type).to.equal(\"Full\");\n  expect(response.body.data.remarks).to.equal(\"very much sick plz give me sick leae\");\n  expect(response.body.data.status).to.equal(\"Pending\");\n  expect(response.body.data.start_date).to.equal(\"2024-02-22T18:15:00.000000Z\");\n  expect(response.body.data.end_date).to.equal(\"2024-02-22T18:15:00.000000Z\");\n  expect(response.body.data.application_date).to.equal(\"2024-03-18T07:55:18.000000Z\");\n  expect(response.body.data.document_url).to.equal(null);\n  expect(response.body.data.name).to.equal(\"Pooja uprety\");\n  expect(response.body.data.leave_days).to.equal(1);\n});",
              "err": {
                "message": "CypressError: `cy.request()` failed on:\n\nhttps://veloxlabs.net/api/v2/candidate/get-single-leave-details/2/132\n\nThe response we received from your web server was:\n\n  > 400: Bad Request\n\nThis was considered a failure because the status code was not `2xx` or `3xx`.\n\nIf you do not want status codes to cause failures pass the option: `failOnStatusCode: false`\n\n-----------------------------------------------------------\n\nThe request we sent was:\n\nMethod: GET\nURL: https://veloxlabs.net/api/v2/candidate/get-single-leave-details/2/132\nHeaders: {\n  \"Connection\": \"keep-alive\",\n  \"Authorization\": \"Bearer eyJ0eXAiOiJKV1QiLCJhbGciOiJSUzI1NiJ9.eyJhdWQiOiIxIiwianRpIjoiOThhODdkNzczYTAzYzEwMGFhZDNlN2IwMDE3OGZmOGVkYmYwNzU0OTEyYmVhM2NiZjhjYjE1YWI0ZWM3NTUwYjZhZTM4ZmQxMGJhNTEzNzAiLCJpYXQiOjE3MTA4MzY4NzcuODAxMTI0LCJuYmYiOjE3MTA4MzY4NzcuODAxMTI2LCJleHAiOjE3NDIzNzI4NzcuNzk4MzQ3LCJzdWIiOiIxMyIsInNjb3BlcyI6W119.Wf_HtElsVdEh16mMESXanuEI7_LFWz7ppJEiLWFfo8oLZWZpyH8P_IbJpQrBqPEmn5gBR8FvQglqMrqc7yvNzKKM17baPIPvSv4WjXlKbwXjwdGl5Vc4KQFY9fL8Y3jDyZ1lFRkDEpyGiU2kOtfaEhTvuWAA0yQKityNAqNxj4CaARMwiHXzFijlbU1zue40uES9PdK2sUd3YpyPKk-za-J_qjaINXx5DtNAKBbiWve4WS7k40IK-T8hV1gOXofT2oS4_I-IfySgwslCnCuA4l-rdeoAL2w8__R4P_nImexQFchGvvbor3sFpxQAXi4xrEtoP16KmId81nSnYkS6OBrflzDMc4de-DULSiY8vCV5O5oH5G2DZNCuQIVV57txKwPn2MtKydpbxaUbL3iLLQdY6uotMe2THkIMz8ZxAr0iqwJu5sJ1cgNS3KJEGHqRhLP06mXvSh4SQaBS65vBNejJ9oR0xSU6IvNBZ-b_hl05sAaM5w5gUgmXa5_ft4nJtjfZr06ocguyp_r-gGskhzOo5ZhqlMp6QGyvIdk7dXYkFQv_LF9GS_LaHwaEyrWKTLuPF_ek0Btxzzv_ri3oMuSw_IatmDhoY8FAt_fnW8CoeuBi2q0vaN0487G04qfUoi5vzJ7wi9XteYiN5xHYFNqdu8sxta9BKVNjX7omOBw\",\n  \"user-agent\": \"Mozilla/5.0 (Windows NT 10.0; Win64; x64) AppleWebKit/537.36 (KHTML, like Gecko) Cypress/13.6.6 Chrome/118.0.5993.159 Electron/27.1.3 Safari/537.36\",\n  \"accept\": \"*/*\",\n  \"accept-encoding\": \"gzip, deflate\"\n}\n\n-----------------------------------------------------------\n\nThe response we got was:\n\nStatus: 400 - Bad Request\nHeaders: {\n  \"date\": \"Tue, 19 Mar 2024 08:46:48 GMT\",\n  \"content-type\": \"application/json\",\n  \"transfer-encoding\": \"chunked\",\n  \"connection\": \"keep-alive\",\n  \"vary\": \"Authorization\",\n  \"cache-control\": \"no-cache, private\",\n  \"access-control-allow-origin\": \"*\",\n  \"access-control-allow-methods\": \"GET, POST, PUT, DELETE, OPTIONS\",\n  \"access-control-allow-headers\": \"X-Requested-With, Content-Type, X-Token-Auth, Authorization, Accept\",\n  \"cf-cache-status\": \"DYNAMIC\",\n  \"report-to\": \"{\\\"endpoints\\\":[{\\\"url\\\":\\\"https:\\\\/\\\\/a.nel.cloudflare.com\\\\/report\\\\/v4?s=NbzTmHNVgFiiunLipGZaCTk4TWdoVcXfD6CRHt%2FwnUCQsQAi02%2BG71TrexYoU5LBEJMZsOrIS1OVjVJKTLULLPP5IcUsegZLKejKFHVh5z8S0UDcJjRoflSnww%2F%2BZY8f\\\"}],\\\"group\\\":\\\"cf-nel\\\",\\\"max_age\\\":604800}\",\n  \"nel\": \"{\\\"success_fraction\\\":0,\\\"report_to\\\":\\\"cf-nel\\\",\\\"max_age\\\":604800}\",\n  \"server\": \"cloudflare\",\n  \"cf-ray\": \"866c31b07a767f58-KTM\",\n  \"alt-svc\": \"h3=\\\":443\\\"; ma=86400\"\n}\nBody: {\n  \"status\": \"error\",\n  \"code\": \"\",\n  \"message\": \"Leave Not Found.\"\n}\n\n\nhttps://on.cypress.io/request",
                "estack": "CypressError: `cy.request()` failed on:\n\nhttps://veloxlabs.net/api/v2/candidate/get-single-leave-details/2/132\n\nThe response we received from your web server was:\n\n  > 400: Bad Request\n\nThis was considered a failure because the status code was not `2xx` or `3xx`.\n\nIf you do not want status codes to cause failures pass the option: `failOnStatusCode: false`\n\n-----------------------------------------------------------\n\nThe request we sent was:\n\nMethod: GET\nURL: https://veloxlabs.net/api/v2/candidate/get-single-leave-details/2/132\nHeaders: {\n  \"Connection\": \"keep-alive\",\n  \"Authorization\": \"Bearer eyJ0eXAiOiJKV1QiLCJhbGciOiJSUzI1NiJ9.eyJhdWQiOiIxIiwianRpIjoiOThhODdkNzczYTAzYzEwMGFhZDNlN2IwMDE3OGZmOGVkYmYwNzU0OTEyYmVhM2NiZjhjYjE1YWI0ZWM3NTUwYjZhZTM4ZmQxMGJhNTEzNzAiLCJpYXQiOjE3MTA4MzY4NzcuODAxMTI0LCJuYmYiOjE3MTA4MzY4NzcuODAxMTI2LCJleHAiOjE3NDIzNzI4NzcuNzk4MzQ3LCJzdWIiOiIxMyIsInNjb3BlcyI6W119.Wf_HtElsVdEh16mMESXanuEI7_LFWz7ppJEiLWFfo8oLZWZpyH8P_IbJpQrBqPEmn5gBR8FvQglqMrqc7yvNzKKM17baPIPvSv4WjXlKbwXjwdGl5Vc4KQFY9fL8Y3jDyZ1lFRkDEpyGiU2kOtfaEhTvuWAA0yQKityNAqNxj4CaARMwiHXzFijlbU1zue40uES9PdK2sUd3YpyPKk-za-J_qjaINXx5DtNAKBbiWve4WS7k40IK-T8hV1gOXofT2oS4_I-IfySgwslCnCuA4l-rdeoAL2w8__R4P_nImexQFchGvvbor3sFpxQAXi4xrEtoP16KmId81nSnYkS6OBrflzDMc4de-DULSiY8vCV5O5oH5G2DZNCuQIVV57txKwPn2MtKydpbxaUbL3iLLQdY6uotMe2THkIMz8ZxAr0iqwJu5sJ1cgNS3KJEGHqRhLP06mXvSh4SQaBS65vBNejJ9oR0xSU6IvNBZ-b_hl05sAaM5w5gUgmXa5_ft4nJtjfZr06ocguyp_r-gGskhzOo5ZhqlMp6QGyvIdk7dXYkFQv_LF9GS_LaHwaEyrWKTLuPF_ek0Btxzzv_ri3oMuSw_IatmDhoY8FAt_fnW8CoeuBi2q0vaN0487G04qfUoi5vzJ7wi9XteYiN5xHYFNqdu8sxta9BKVNjX7omOBw\",\n  \"user-agent\": \"Mozilla/5.0 (Windows NT 10.0; Win64; x64) AppleWebKit/537.36 (KHTML, like Gecko) Cypress/13.6.6 Chrome/118.0.5993.159 Electron/27.1.3 Safari/537.36\",\n  \"accept\": \"*/*\",\n  \"accept-encoding\": \"gzip, deflate\"\n}\n\n-----------------------------------------------------------\n\nThe response we got was:\n\nStatus: 400 - Bad Request\nHeaders: {\n  \"date\": \"Tue, 19 Mar 2024 08:46:48 GMT\",\n  \"content-type\": \"application/json\",\n  \"transfer-encoding\": \"chunked\",\n  \"connection\": \"keep-alive\",\n  \"vary\": \"Authorization\",\n  \"cache-control\": \"no-cache, private\",\n  \"access-control-allow-origin\": \"*\",\n  \"access-control-allow-methods\": \"GET, POST, PUT, DELETE, OPTIONS\",\n  \"access-control-allow-headers\": \"X-Requested-With, Content-Type, X-Token-Auth, Authorization, Accept\",\n  \"cf-cache-status\": \"DYNAMIC\",\n  \"report-to\": \"{\\\"endpoints\\\":[{\\\"url\\\":\\\"https:\\\\/\\\\/a.nel.cloudflare.com\\\\/report\\\\/v4?s=NbzTmHNVgFiiunLipGZaCTk4TWdoVcXfD6CRHt%2FwnUCQsQAi02%2BG71TrexYoU5LBEJMZsOrIS1OVjVJKTLULLPP5IcUsegZLKejKFHVh5z8S0UDcJjRoflSnww%2F%2BZY8f\\\"}],\\\"group\\\":\\\"cf-nel\\\",\\\"max_age\\\":604800}\",\n  \"nel\": \"{\\\"success_fraction\\\":0,\\\"report_to\\\":\\\"cf-nel\\\",\\\"max_age\\\":604800}\",\n  \"server\": \"cloudflare\",\n  \"cf-ray\": \"866c31b07a767f58-KTM\",\n  \"alt-svc\": \"h3=\\\":443\\\"; ma=86400\"\n}\nBody: {\n  \"status\": \"error\",\n  \"code\": \"\",\n  \"message\": \"Leave Not Found.\"\n}\n\n\nhttps://on.cypress.io/request\n    at <unknown> (http://localhost:60152/__cypress/runner/cypress_runner.js:133028:72)\n    at tryCatcher (http://localhost:60152/__cypress/runner/cypress_runner.js:1807:23)\n    at Promise._settlePromiseFromHandler (http://localhost:60152/__cypress/runner/cypress_runner.js:1519:31)\n    at Promise._settlePromise (http://localhost:60152/__cypress/runner/cypress_runner.js:1576:18)\n    at Promise._settlePromise0 (http://localhost:60152/__cypress/runner/cypress_runner.js:1621:10)\n    at Promise._settlePromises (http://localhost:60152/__cypress/runner/cypress_runner.js:1701:18)\n    at _drainQueueStep (http://localhost:60152/__cypress/runner/cypress_runner.js:2407:12)\n    at _drainQueue (http://localhost:60152/__cypress/runner/cypress_runner.js:2400:9)\n    at Async._drainQueues (http://localhost:60152/__cypress/runner/cypress_runner.js:2416:5)\n    at Async.drainQueues (http://localhost:60152/__cypress/runner/cypress_runner.js:2286:14)\nFrom Your Spec Code:\n    at Context.eval (webpack://veloxlab-hajir_cypress/./cypress/e2e/ApiTesting/Candidate/Leaves/c-get-leavedetail.cy.js:11:9)",
                "diff": null
              },
              "uuid": "1c40e865-1358-4ab0-8779-eba60ab83efe",
              "parentUUID": "411d0a26-1fe0-437e-bb9a-773cb5395fe4",
              "isHook": false,
              "skipped": false
            }
          ],
          "suites": [],
          "passes": [],
          "failures": [
            "1c40e865-1358-4ab0-8779-eba60ab83efe"
          ],
          "pending": [],
          "skipped": [],
          "duration": 9584,
          "root": false,
          "rootEmpty": false,
          "_timeout": 2000
        }
      ],
      "passes": [],
      "failures": [],
      "pending": [],
      "skipped": [],
      "duration": 0,
      "root": true,
      "rootEmpty": true,
      "_timeout": 2000
    }
  ],
  "meta": {
    "mocha": {
      "version": "7.0.1"
    },
    "mochawesome": {
      "options": {
        "quiet": false,
        "reportFilename": "mochawesome",
        "saveHtml": false,
        "saveJson": true,
        "consoleReporter": "spec",
        "useInlineDiffs": false,
        "code": true
      },
      "version": "7.1.3"
    },
    "marge": {
      "options": {
        "overwrite": false,
        "html": false,
        "json": true,
        "reportDir": "cypress\\reports\\html\\.jsons"
      },
      "version": "6.2.0"
    }
  }
}