{
  "stats": {
    "suites": 1,
    "tests": 1,
    "passes": 1,
    "pending": 0,
    "failures": 0,
    "start": "2024-03-19T08:45:16.488Z",
    "end": "2024-03-19T08:45:17.642Z",
    "duration": 1154,
    "testsRegistered": 1,
    "passPercent": 100,
    "pendingPercent": 0,
    "other": 0,
    "hasOther": false,
    "skipped": 0,
    "hasSkipped": false
  },
  "results": [
    {
      "uuid": "dc31b217-0ed8-4750-8f6c-681feab94c43",
      "title": "",
      "fullFile": "cypress\\e2e\\ApiTesting\\Candidate\\Authentication\\C-post-register.cy.js",
      "file": "cypress\\e2e\\ApiTesting\\Candidate\\Authentication\\C-post-register.cy.js",
      "beforeHooks": [],
      "afterHooks": [],
      "tests": [],
      "suites": [
        {
          "uuid": "b5f71f96-5a1b-43ae-8412-17296dae8916",
          "title": "Registration Process",
          "fullFile": "",
          "file": "",
          "beforeHooks": [],
          "afterHooks": [],
          "tests": [
            {
              "title": "should be able to register and generate otp",
              "fullTitle": "Registration Process should be able to register and generate otp",
              "timedOut": null,
              "duration": 815,
              "state": "passed",
              "speed": "fast",
              "pass": true,
              "fail": false,
              "pending": false,
              "context": null,
              "code": "cy.request({\n  method: 'POST',\n  url: 'https://veloxlabs.net/api/v2/candidate/register',\n  headers: {\n    'Content-Type': 'application/json'\n  },\n  body: {\n    \"phone\": _constants.candidatePhone\n  }\n}).then(response => {\n  expect(response.status).to.equal(200);\n  expect(response.body.status).to.equal(\"success\");\n  expect(response.body.message).to.equal(\"Successfully Registered. OTP Sent Successfull\");\n  expect(response.body.data).to.have.property(\"otp\");\n});",
              "err": {},
              "uuid": "e78c31a3-4967-455c-b049-d2dc75e6c06a",
              "parentUUID": "b5f71f96-5a1b-43ae-8412-17296dae8916",
              "isHook": false,
              "skipped": false
            }
          ],
          "suites": [],
          "passes": [
            "e78c31a3-4967-455c-b049-d2dc75e6c06a"
          ],
          "failures": [],
          "pending": [],
          "skipped": [],
          "duration": 815,
          "root": false,
          "rootEmpty": false,
          "_timeout": 2000
        }
      ],
      "passes": [],
      "failures": [],
      "pending": [],
      "skipped": [],
      "duration": 0,
      "root": true,
      "rootEmpty": true,
      "_timeout": 2000
    }
  ],
  "meta": {
    "mocha": {
      "version": "7.0.1"
    },
    "mochawesome": {
      "options": {
        "quiet": false,
        "reportFilename": "mochawesome",
        "saveHtml": false,
        "saveJson": true,
        "consoleReporter": "spec",
        "useInlineDiffs": false,
        "code": true
      },
      "version": "7.1.3"
    },
    "marge": {
      "options": {
        "overwrite": false,
        "html": false,
        "json": true,
        "reportDir": "cypress\\reports\\html\\.jsons"
      },
      "version": "6.2.0"
    }
  }
}