{
  "stats": {
    "suites": 1,
    "tests": 1,
    "passes": 0,
    "pending": 0,
    "failures": 1,
    "start": "2024-03-19T08:48:24.069Z",
    "end": "2024-03-19T08:48:32.952Z",
    "duration": 8883,
    "testsRegistered": 1,
    "passPercent": 0,
    "pendingPercent": 0,
    "other": 0,
    "hasOther": false,
    "skipped": 0,
    "hasSkipped": false
  },
  "results": [
    {
      "uuid": "bb6e50c0-4681-44a3-81bb-02f183edea21",
      "title": "",
      "fullFile": "cypress\\e2e\\ApiTesting\\Candidate\\Leaves\\c-post-storeuserlvrq.cy.js",
      "file": "cypress\\e2e\\ApiTesting\\Candidate\\Leaves\\c-post-storeuserlvrq.cy.js",
      "beforeHooks": [],
      "afterHooks": [],
      "tests": [],
      "suites": [
        {
          "uuid": "a9ac96c9-38dd-4d24-a213-bacfd9b6fd62",
          "title": "store leave Details",
          "fullFile": "",
          "file": "",
          "beforeHooks": [],
          "afterHooks": [],
          "tests": [
            {
              "title": "should be able to store leave details ",
              "fullTitle": "store leave Details should be able to store leave details ",
              "timedOut": null,
              "duration": 8735,
              "state": "failed",
              "speed": null,
              "pass": false,
              "fail": true,
              "pending": false,
              "context": "{\n  \"title\": \"cypress-mochawesome-reporter-screenshots\",\n  \"value\": [\n    [\n      \"\\\\ApiTesting\\\\Candidate\\\\Leaves\\\\c-post-storeuserlvrq.cy.js\\\\store leave Details -- should be able to store leave details (failed).png\"\n    ]\n  ]\n}",
              "code": "cy.request({\n  method: 'POST',\n  url: `https://veloxlabs.net/api/v2/candidate/store-leave/${_constants.companyId}`,\n  headers: {\n    'Authorization': _constants.canToken\n  },\n  body: {\n    'leave_type_id': 1,\n    'remarks': \"very much sick plz give me leave\",\n    'start_date': \"2024-02-23\",\n    'end_date': \"2024-02-23\",\n    'type': \"Full\"\n  }\n}).then(response => {\n  expect(response.body.status).to.equal(\"success\");\n  expect(response.body.message).to.equal(\"Successfully Updated\");\n});",
              "err": {
                "message": "AssertionError: expected 'Successfully Saved' to equal 'Successfully Updated'",
                "estack": "AssertionError: expected 'Successfully Saved' to equal 'Successfully Updated'\n    at Context.eval (webpack://veloxlab-hajir_cypress/./cypress/e2e/ApiTesting/Candidate/Leaves/c-post-storeuserlvrq.cy.js:26:41)",
                "diff": "- 'Successfully Saved'\n+ 'Successfully Updated'\n"
              },
              "uuid": "d45ceae9-fa6d-451d-86bf-ca550e01af4e",
              "parentUUID": "a9ac96c9-38dd-4d24-a213-bacfd9b6fd62",
              "isHook": false,
              "skipped": false
            }
          ],
          "suites": [],
          "passes": [],
          "failures": [
            "d45ceae9-fa6d-451d-86bf-ca550e01af4e"
          ],
          "pending": [],
          "skipped": [],
          "duration": 8735,
          "root": false,
          "rootEmpty": false,
          "_timeout": 2000
        }
      ],
      "passes": [],
      "failures": [],
      "pending": [],
      "skipped": [],
      "duration": 0,
      "root": true,
      "rootEmpty": true,
      "_timeout": 2000
    }
  ],
  "meta": {
    "mocha": {
      "version": "7.0.1"
    },
    "mochawesome": {
      "options": {
        "quiet": false,
        "reportFilename": "mochawesome",
        "saveHtml": false,
        "saveJson": true,
        "consoleReporter": "spec",
        "useInlineDiffs": false,
        "code": true
      },
      "version": "7.1.3"
    },
    "marge": {
      "options": {
        "overwrite": false,
        "html": false,
        "json": true,
        "reportDir": "cypress\\reports\\html\\.jsons"
      },
      "version": "6.2.0"
    }
  }
}