{
  "stats": {
    "suites": 1,
    "tests": 1,
    "passes": 0,
    "pending": 0,
    "failures": 1,
    "start": "2024-03-19T08:30:52.498Z",
    "end": "2024-03-19T08:31:33.947Z",
    "duration": 41449,
    "testsRegistered": 2,
    "passPercent": 0,
    "pendingPercent": 0,
    "other": 0,
    "hasOther": false,
    "skipped": 1,
    "hasSkipped": true
  },
  "results": [
    {
      "uuid": "7c9ae59a-c2ec-4907-be6e-6849c4f7c797",
      "title": "",
      "fullFile": "cypress\\e2e\\website-check\\AddApprover.cy.js",
      "file": "cypress\\e2e\\website-check\\AddApprover.cy.js",
      "beforeHooks": [],
      "afterHooks": [],
      "tests": [],
      "suites": [
        {
          "uuid": "7402438b-66a6-4712-9a7a-0f1cc97d540e",
          "title": "Adding employee As an Approval on Company",
          "fullFile": "",
          "file": "",
          "beforeHooks": [],
          "afterHooks": [],
          "tests": [
            {
              "title": "should Add Approval Succesfully ",
              "fullTitle": "Adding employee As an Approval on Company should Add Approval Succesfully ",
              "timedOut": null,
              "duration": 20885,
              "state": "failed",
              "speed": null,
              "pass": false,
              "fail": true,
              "pending": false,
              "context": "{\n  \"title\": \"cypress-mochawesome-reporter-screenshots\",\n  \"value\": [\n    [\n      \"\\\\website-check\\\\AddApprover.cy.js\\\\Adding employee As an Approval on Company -- should Add Approval Succesfully -- before each hook (failed).png\"\n    ]\n  ]\n}",
              "code": "cy.get(\"//a[@class='MuiButtonBase-root MuiListItemButton-root MuiListItemButton-gutters Mui-selected MuiListItemButton-root MuiListItemButton-gutters Mui-selected mui-1qvrk9j']\").click();\ncy.get(\"//div[@id=':r1q:']\").click();\ncy.get(\"//li[normalize-space()='25']\").click();\ncy.get(\"//button[normalize-space()='hasne_thau']\").click();\ncy.get(\"//span[normalize-space()='Setting']\").click();\ncy.get(\"//main[@class='MuiBox-root mui-1m0slhe']//li[4]//a[1]\").click();\ncy.get(\"#combo-box-demo\").click();\ncy.get(\"#combo-box-demo-option-1\").click();\ncy.get(\".MuiButtonBase-root\").click();\ncy.on('window:alert', alertText => {\n  expect(alertText).to.contains('Approval added successfully!');\n  return true;\n});",
              "err": {
                "message": "CypressError: Timed out retrying after 4050ms: `cy.click()` failed because this element is `disabled`:\n\n`<button class=\"MuiButtonBase-root MuiButton-root MuiButton-contained MuiButton-containedPrimary MuiButton-sizeMedium MuiButton-containedSizeMedium MuiButton-colorPrimary Mui-disabled MuiButton-root MuiButton-contained MuiButton-containedPrimary MuiButton-sizeMedium MuiButton-containedSizeMedium MuiButton-colorPrimary mui-1x3p6ca\" tabindex=\"-1\" type=\"submit\" style=\"width:300px;margin-left:10px;margin-top:15px;margin-bottom:19px\" disabled=\"\">Get OTP</button>`\n\nFix this problem, or use `{force: true}` to disable error checking.\n\nhttps://on.cypress.io/element-cannot-be-interacted-with\n\nBecause this error occurred during a `before each` hook we are skipping the remaining tests in the current suite: `Adding employee As an Appro...`",
                "estack": "CypressError: Timed out retrying after 4050ms: `cy.click()` failed because this element is `disabled`:\n\n`<button class=\"MuiButtonBase-root MuiButton-root MuiButton-contained MuiButton-containedPrimary MuiButton-sizeMedium MuiButton-containedSizeMedium MuiButton-colorPrimary Mui-disabled MuiButton-root MuiButton-contained MuiButton-containedPrimary MuiButton-sizeMedium MuiButton-containedSizeMedium MuiButton-colorPrimary mui-1x3p6ca\" tabindex=\"-1\" type=\"submit\" style=\"width:300px;margin-left:10px;margin-top:15px;margin-bottom:19px\" disabled=\"\">Get OTP</button>`\n\nFix this problem, or use `{force: true}` to disable error checking.\n\nhttps://on.cypress.io/element-cannot-be-interacted-with\n\nBecause this error occurred during a `before each` hook we are skipping the remaining tests in the current suite: `Adding employee As an Appro...`\n    at Object.isNotDisabled (https://hajirnext.vercel.app/__cypress/runner/cypress_runner.js:145096:58)\n    at runAllChecks (https://hajirnext.vercel.app/__cypress/runner/cypress_runner.js:112282:26)\n    at retryActionability (https://hajirnext.vercel.app/__cypress/runner/cypress_runner.js:112371:16)\n    at tryCatcher (https://hajirnext.vercel.app/__cypress/runner/cypress_runner.js:1807:23)\n    at Promise.attempt.Promise.try (https://hajirnext.vercel.app/__cypress/runner/cypress_runner.js:4315:29)\n    at whenStable (https://hajirnext.vercel.app/__cypress/runner/cypress_runner.js:143918:68)\n    at <unknown> (https://hajirnext.vercel.app/__cypress/runner/cypress_runner.js:143859:14)\n    at tryCatcher (https://hajirnext.vercel.app/__cypress/runner/cypress_runner.js:1807:23)\n    at Promise._settlePromiseFromHandler (https://hajirnext.vercel.app/__cypress/runner/cypress_runner.js:1519:31)\n    at Promise._settlePromise (https://hajirnext.vercel.app/__cypress/runner/cypress_runner.js:1576:18)\n    at Promise._settlePromise0 (https://hajirnext.vercel.app/__cypress/runner/cypress_runner.js:1621:10)\n    at Promise._settlePromises (https://hajirnext.vercel.app/__cypress/runner/cypress_runner.js:1701:18)\n    at Promise._fulfill (https://hajirnext.vercel.app/__cypress/runner/cypress_runner.js:1645:18)\n    at <unknown> (https://hajirnext.vercel.app/__cypress/runner/cypress_runner.js:5450:46)\nFrom Your Spec Code:\n    at $Cy.eval (webpack://veloxlab-hajir_cypress/./cypress/e2e/website-check/AddApprover.cy.js:10:10)",
                "diff": null
              },
              "uuid": "c67685a8-87d5-438e-bbcf-cd0bebb501b8",
              "parentUUID": "7402438b-66a6-4712-9a7a-0f1cc97d540e",
              "isHook": false,
              "skipped": false
            },
            {
              "title": "should Show error message for already Added Approval ",
              "fullTitle": "Adding employee As an Approval on Company should Show error message for already Added Approval ",
              "timedOut": null,
              "duration": 0,
              "state": "skipped",
              "speed": null,
              "pass": false,
              "fail": false,
              "pending": false,
              "context": null,
              "code": "cy.get(\"//a[@class='MuiButtonBase-root MuiListItemButton-root MuiListItemButton-gutters Mui-selected MuiListItemButton-root MuiListItemButton-gutters Mui-selected mui-1qvrk9j']\").click();\ncy.get(\"//div[@id=':r1q:']\").click();\ncy.get(\"//li[normalize-space()='25']\").click();\ncy.get(\"//button[normalize-space()='hasne_thau']\").click();\ncy.get(\"//span[normalize-space()='Setting']\").click();\ncy.get(\"//main[@class='MuiBox-root mui-1m0slhe']//li[4]//a[1]\").click();\ncy.get(\"#combo-box-demo\").click();\ncy.get(\"#combo-box-demo-option-1\").click();\ncy.get(\".MuiButtonBase-root\").click();\ncy.on('window:alert', alertText => {\n  expect(alertText).to.contains('Approval Already Exists! ');\n  return true;\n});",
              "err": {},
              "uuid": "74ce6b46-569e-48b9-b377-407a611424d8",
              "parentUUID": "7402438b-66a6-4712-9a7a-0f1cc97d540e",
              "isHook": false,
              "skipped": true
            }
          ],
          "suites": [],
          "passes": [],
          "failures": [
            "c67685a8-87d5-438e-bbcf-cd0bebb501b8"
          ],
          "pending": [],
          "skipped": [
            "74ce6b46-569e-48b9-b377-407a611424d8"
          ],
          "duration": 20885,
          "root": false,
          "rootEmpty": false,
          "_timeout": 2000
        }
      ],
      "passes": [],
      "failures": [],
      "pending": [],
      "skipped": [],
      "duration": 0,
      "root": true,
      "rootEmpty": true,
      "_timeout": 2000
    }
  ],
  "meta": {
    "mocha": {
      "version": "7.0.1"
    },
    "mochawesome": {
      "options": {
        "quiet": false,
        "reportFilename": "mochawesome",
        "saveHtml": false,
        "saveJson": true,
        "consoleReporter": "spec",
        "useInlineDiffs": false,
        "code": true
      },
      "version": "7.1.3"
    },
    "marge": {
      "options": {
        "overwrite": false,
        "html": false,
        "json": true,
        "reportDir": "cypress\\reports\\html\\.jsons"
      },
      "version": "6.2.0"
    }
  }
}